[0.292s] DEBUG:colcon:Command line arguments: ['/usr/bin/colcon', 'build']
[0.292s] DEBUG:colcon:Parsed command line arguments: Namespace(log_base=None, log_level=None, verb_name='build', build_base='build', install_base='install', merge_install=False, symlink_install=False, test_result_base=None, continue_on_error=False, executor='parallel', parallel_workers=16, event_handlers=None, ignore_user_meta=False, metas=['./colcon.meta'], base_paths=['.'], packages_ignore=None, packages_ignore_regex=None, paths=None, packages_up_to=None, packages_up_to_regex=None, packages_above=None, packages_above_and_dependencies=None, packages_above_depth=None, packages_select_by_dep=None, packages_skip_by_dep=None, packages_skip_up_to=None, packages_select_build_failed=False, packages_skip_build_finished=False, packages_select_test_failures=False, packages_skip_test_passed=False, packages_select=None, packages_skip=None, packages_select_regex=None, packages_skip_regex=None, packages_start=None, packages_end=None, allow_overriding=[], cmake_args=None, cmake_target=None, cmake_target_skip_unavailable=False, cmake_clean_cache=False, cmake_clean_first=False, cmake_force_configure=False, ament_cmake_args=None, catkin_cmake_args=None, catkin_skip_building_tests=False, mixin_files=None, mixin=None, verb_parser=<colcon_mixin.mixin.mixin_argument.MixinArgumentDecorator object at 0x7ee9dac97a10>, verb_extension=<colcon_core.verb.build.BuildVerb object at 0x7ee9dac977d0>, main=<bound method BuildVerb.main of <colcon_core.verb.build.BuildVerb object at 0x7ee9dac977d0>>, mixin_verb=('build',))
[0.386s] Level 1:colcon.colcon_core.package_discovery:discover_packages(colcon_meta) check parameters
[0.387s] Level 1:colcon.colcon_core.package_discovery:discover_packages(recursive) check parameters
[0.387s] Level 1:colcon.colcon_core.package_discovery:discover_packages(ignore) check parameters
[0.387s] Level 1:colcon.colcon_core.package_discovery:discover_packages(path) check parameters
[0.387s] Level 1:colcon.colcon_core.package_discovery:discover_packages(colcon_meta) discover
[0.387s] Level 1:colcon.colcon_core.package_discovery:discover_packages(recursive) discover
[0.387s] INFO:colcon.colcon_core.package_discovery:Crawling recursively for packages in '/home/addinedu/ros2_custom_msgs'
[0.387s] Level 1:colcon.colcon_core.package_identification:_identify(.) by extensions ['ignore', 'ignore_ament_install']
[0.387s] Level 1:colcon.colcon_core.package_identification:_identify(.) by extension 'ignore'
[0.387s] Level 1:colcon.colcon_core.package_identification:_identify(.) by extension 'ignore_ament_install'
[0.388s] Level 1:colcon.colcon_core.package_identification:_identify(.) by extensions ['colcon_pkg']
[0.388s] Level 1:colcon.colcon_core.package_identification:_identify(.) by extension 'colcon_pkg'
[0.388s] Level 1:colcon.colcon_core.package_identification:_identify(.) by extensions ['colcon_meta']
[0.388s] Level 1:colcon.colcon_core.package_identification:_identify(.) by extension 'colcon_meta'
[0.388s] Level 1:colcon.colcon_core.package_identification:_identify(.) by extensions ['ros']
[0.388s] Level 1:colcon.colcon_core.package_identification:_identify(.) by extension 'ros'
[0.428s] Level 1:colcon.colcon_core.package_identification:_identify(.) by extensions ['cmake', 'python']
[0.428s] Level 1:colcon.colcon_core.package_identification:_identify(.) by extension 'cmake'
[0.429s] Level 1:colcon.colcon_core.package_identification:_identify(.) by extension 'python'
[0.429s] Level 1:colcon.colcon_core.package_identification:_identify(.) by extensions ['python_setup_py']
[0.429s] Level 1:colcon.colcon_core.package_identification:_identify(.) by extension 'python_setup_py'
[0.429s] Level 1:colcon.colcon_core.package_identification:_identify(build) by extensions ['ignore', 'ignore_ament_install']
[0.429s] Level 1:colcon.colcon_core.package_identification:_identify(build) by extension 'ignore'
[0.429s] Level 1:colcon.colcon_core.package_identification:_identify(build) ignored
[0.429s] Level 1:colcon.colcon_core.package_identification:_identify(install) by extensions ['ignore', 'ignore_ament_install']
[0.429s] Level 1:colcon.colcon_core.package_identification:_identify(install) by extension 'ignore'
[0.430s] Level 1:colcon.colcon_core.package_identification:_identify(install) ignored
[0.430s] Level 1:colcon.colcon_core.package_identification:_identify(log) by extensions ['ignore', 'ignore_ament_install']
[0.430s] Level 1:colcon.colcon_core.package_identification:_identify(log) by extension 'ignore'
[0.430s] Level 1:colcon.colcon_core.package_identification:_identify(log) ignored
[0.430s] Level 1:colcon.colcon_core.package_identification:_identify(src) by extensions ['ignore', 'ignore_ament_install']
[0.430s] Level 1:colcon.colcon_core.package_identification:_identify(src) by extension 'ignore'
[0.430s] Level 1:colcon.colcon_core.package_identification:_identify(src) by extension 'ignore_ament_install'
[0.430s] Level 1:colcon.colcon_core.package_identification:_identify(src) by extensions ['colcon_pkg']
[0.430s] Level 1:colcon.colcon_core.package_identification:_identify(src) by extension 'colcon_pkg'
[0.430s] Level 1:colcon.colcon_core.package_identification:_identify(src) by extensions ['colcon_meta']
[0.430s] Level 1:colcon.colcon_core.package_identification:_identify(src) by extension 'colcon_meta'
[0.431s] Level 1:colcon.colcon_core.package_identification:_identify(src) by extensions ['ros']
[0.431s] Level 1:colcon.colcon_core.package_identification:_identify(src) by extension 'ros'
[0.431s] Level 1:colcon.colcon_core.package_identification:_identify(src) by extensions ['cmake', 'python']
[0.431s] Level 1:colcon.colcon_core.package_identification:_identify(src) by extension 'cmake'
[0.431s] Level 1:colcon.colcon_core.package_identification:_identify(src) by extension 'python'
[0.431s] Level 1:colcon.colcon_core.package_identification:_identify(src) by extensions ['python_setup_py']
[0.431s] Level 1:colcon.colcon_core.package_identification:_identify(src) by extension 'python_setup_py'
[0.431s] Level 1:colcon.colcon_core.package_identification:_identify(src/server_to_fms) by extensions ['ignore', 'ignore_ament_install']
[0.431s] Level 1:colcon.colcon_core.package_identification:_identify(src/server_to_fms) by extension 'ignore'
[0.431s] Level 1:colcon.colcon_core.package_identification:_identify(src/server_to_fms) by extension 'ignore_ament_install'
[0.431s] Level 1:colcon.colcon_core.package_identification:_identify(src/server_to_fms) by extensions ['colcon_pkg']
[0.431s] Level 1:colcon.colcon_core.package_identification:_identify(src/server_to_fms) by extension 'colcon_pkg'
[0.431s] Level 1:colcon.colcon_core.package_identification:_identify(src/server_to_fms) by extensions ['colcon_meta']
[0.432s] Level 1:colcon.colcon_core.package_identification:_identify(src/server_to_fms) by extension 'colcon_meta'
[0.432s] Level 1:colcon.colcon_core.package_identification:_identify(src/server_to_fms) by extensions ['ros']
[0.432s] Level 1:colcon.colcon_core.package_identification:_identify(src/server_to_fms) by extension 'ros'
[0.435s] DEBUG:colcon.colcon_core.package_identification:Package 'src/server_to_fms' with type 'ros.ament_cmake' and name 'server_to_fms'
[0.435s] Level 1:colcon.colcon_core.package_discovery:discover_packages(recursive) using defaults
[0.435s] Level 1:colcon.colcon_core.package_discovery:discover_packages(ignore) discover
[0.435s] Level 1:colcon.colcon_core.package_discovery:discover_packages(ignore) using defaults
[0.435s] Level 1:colcon.colcon_core.package_discovery:discover_packages(path) discover
[0.435s] Level 1:colcon.colcon_core.package_discovery:discover_packages(path) using defaults
[0.462s] Level 1:colcon.colcon_core.package_discovery:discover_packages(prefix_path) check parameters
[0.462s] Level 1:colcon.colcon_core.package_discovery:discover_packages(prefix_path) discover
[0.465s] DEBUG:colcon.colcon_installed_package_information.package_discovery:Found 7 installed packages in /home/addinedu/pinky_violet/install
[0.468s] DEBUG:colcon.colcon_installed_package_information.package_discovery:Found 391 installed packages in /opt/ros/jazzy
[0.470s] Level 1:colcon.colcon_core.package_discovery:discover_packages(prefix_path) using defaults
[0.553s] Level 5:colcon.colcon_core.verb:set package 'server_to_fms' build argument 'cmake_args' from command line to 'None'
[0.553s] Level 5:colcon.colcon_core.verb:set package 'server_to_fms' build argument 'cmake_target' from command line to 'None'
[0.553s] Level 5:colcon.colcon_core.verb:set package 'server_to_fms' build argument 'cmake_target_skip_unavailable' from command line to 'False'
[0.553s] Level 5:colcon.colcon_core.verb:set package 'server_to_fms' build argument 'cmake_clean_cache' from command line to 'False'
[0.553s] Level 5:colcon.colcon_core.verb:set package 'server_to_fms' build argument 'cmake_clean_first' from command line to 'False'
[0.553s] Level 5:colcon.colcon_core.verb:set package 'server_to_fms' build argument 'cmake_force_configure' from command line to 'False'
[0.553s] Level 5:colcon.colcon_core.verb:set package 'server_to_fms' build argument 'ament_cmake_args' from command line to 'None'
[0.553s] Level 5:colcon.colcon_core.verb:set package 'server_to_fms' build argument 'catkin_cmake_args' from command line to 'None'
[0.553s] Level 5:colcon.colcon_core.verb:set package 'server_to_fms' build argument 'catkin_skip_building_tests' from command line to 'False'
[0.553s] DEBUG:colcon.colcon_core.verb:Building package 'server_to_fms' with the following arguments: {'ament_cmake_args': None, 'build_base': '/home/addinedu/ros2_custom_msgs/build/server_to_fms', 'catkin_cmake_args': None, 'catkin_skip_building_tests': False, 'cmake_args': None, 'cmake_clean_cache': False, 'cmake_clean_first': False, 'cmake_force_configure': False, 'cmake_target': None, 'cmake_target_skip_unavailable': False, 'install_base': '/home/addinedu/ros2_custom_msgs/install/server_to_fms', 'merge_install': False, 'path': '/home/addinedu/ros2_custom_msgs/src/server_to_fms', 'symlink_install': False, 'test_result_base': None}
[0.553s] INFO:colcon.colcon_core.executor:Executing jobs using 'parallel' executor
[0.555s] DEBUG:colcon.colcon_parallel_executor.executor.parallel:run_until_complete
[0.555s] INFO:colcon.colcon_ros.task.ament_cmake.build:Building ROS package in '/home/addinedu/ros2_custom_msgs/src/server_to_fms' with build type 'ament_cmake'
[0.555s] INFO:colcon.colcon_cmake.task.cmake.build:Building CMake package in '/home/addinedu/ros2_custom_msgs/src/server_to_fms'
[0.559s] INFO:colcon.colcon_core.plugin_system:Skipping extension 'colcon_core.shell.bat': Not used on non-Windows systems
[0.559s] INFO:colcon.colcon_core.shell:Skip shell extension 'powershell' for command environment: Not usable outside of PowerShell
[0.559s] DEBUG:colcon.colcon_core.shell:Skip shell extension 'dsv' for command environment
[0.574s] DEBUG:colcon.colcon_core.event_handler.log_command:Invoking command in '/home/addinedu/ros2_custom_msgs/build/server_to_fms': CMAKE_PREFIX_PATH=${CMAKE_PREFIX_PATH}:/home/addinedu/pinky_violet/install/pinky_emotion:/home/addinedu/pinky_violet/install/pinky_bringup:/opt/ros/jazzy DEBUGINFOD_URLS=https://debuginfod.ubuntu.com /usr/bin/cmake /home/addinedu/ros2_custom_msgs/src/server_to_fms -DCMAKE_INSTALL_PREFIX=/home/addinedu/ros2_custom_msgs/install/server_to_fms
[2.943s] DEBUG:colcon.colcon_core.event_handler.log_command:Invoked command in '/home/addinedu/ros2_custom_msgs/build/server_to_fms' returned '1': CMAKE_PREFIX_PATH=${CMAKE_PREFIX_PATH}:/home/addinedu/pinky_violet/install/pinky_emotion:/home/addinedu/pinky_violet/install/pinky_bringup:/opt/ros/jazzy DEBUGINFOD_URLS=https://debuginfod.ubuntu.com /usr/bin/cmake /home/addinedu/ros2_custom_msgs/src/server_to_fms -DCMAKE_INSTALL_PREFIX=/home/addinedu/ros2_custom_msgs/install/server_to_fms
[2.944s] Level 1:colcon.colcon_core.environment:create_environment_scripts_only(server_to_fms)
[2.949s] Level 1:colcon.colcon_core.environment:checking '/home/addinedu/ros2_custom_msgs/install/server_to_fms' for CMake module files
[2.949s] Level 1:colcon.colcon_core.environment:checking '/home/addinedu/ros2_custom_msgs/install/server_to_fms' for CMake config files
[2.950s] Level 1:colcon.colcon_core.shell:create_environment_hook('server_to_fms', 'cmake_prefix_path')
[2.951s] INFO:colcon.colcon_core.shell:Creating environment hook '/home/addinedu/ros2_custom_msgs/install/server_to_fms/share/server_to_fms/hook/cmake_prefix_path.ps1'
[2.951s] INFO:colcon.colcon_core.shell:Creating environment descriptor '/home/addinedu/ros2_custom_msgs/install/server_to_fms/share/server_to_fms/hook/cmake_prefix_path.dsv'
[2.952s] INFO:colcon.colcon_core.shell:Creating environment hook '/home/addinedu/ros2_custom_msgs/install/server_to_fms/share/server_to_fms/hook/cmake_prefix_path.sh'
[2.953s] Level 1:colcon.colcon_core.environment:checking '/home/addinedu/ros2_custom_msgs/install/server_to_fms/lib'
[2.954s] Level 1:colcon.colcon_core.shell:create_environment_hook('server_to_fms', 'ld_library_path_lib')
[2.954s] INFO:colcon.colcon_core.shell:Creating environment hook '/home/addinedu/ros2_custom_msgs/install/server_to_fms/share/server_to_fms/hook/ld_library_path_lib.ps1'
[2.954s] INFO:colcon.colcon_core.shell:Creating environment descriptor '/home/addinedu/ros2_custom_msgs/install/server_to_fms/share/server_to_fms/hook/ld_library_path_lib.dsv'
[2.955s] INFO:colcon.colcon_core.shell:Creating environment hook '/home/addinedu/ros2_custom_msgs/install/server_to_fms/share/server_to_fms/hook/ld_library_path_lib.sh'
[2.955s] Level 1:colcon.colcon_core.environment:checking '/home/addinedu/ros2_custom_msgs/install/server_to_fms/bin'
[2.955s] Level 1:colcon.colcon_core.environment:checking '/home/addinedu/ros2_custom_msgs/install/server_to_fms/lib/pkgconfig/server_to_fms.pc'
[2.956s] Level 1:colcon.colcon_core.environment:checking '/home/addinedu/ros2_custom_msgs/install/server_to_fms/lib/python3.12/site-packages'
[2.956s] Level 1:colcon.colcon_core.shell:create_environment_hook('server_to_fms', 'pythonpath')
[2.956s] INFO:colcon.colcon_core.shell:Creating environment hook '/home/addinedu/ros2_custom_msgs/install/server_to_fms/share/server_to_fms/hook/pythonpath.ps1'
[2.957s] INFO:colcon.colcon_core.shell:Creating environment descriptor '/home/addinedu/ros2_custom_msgs/install/server_to_fms/share/server_to_fms/hook/pythonpath.dsv'
[2.957s] INFO:colcon.colcon_core.shell:Creating environment hook '/home/addinedu/ros2_custom_msgs/install/server_to_fms/share/server_to_fms/hook/pythonpath.sh'
[2.958s] Level 1:colcon.colcon_core.environment:checking '/home/addinedu/ros2_custom_msgs/install/server_to_fms/bin'
[2.958s] INFO:colcon.colcon_core.shell:Creating package script '/home/addinedu/ros2_custom_msgs/install/server_to_fms/share/server_to_fms/package.ps1'
[2.960s] INFO:colcon.colcon_core.shell:Creating package descriptor '/home/addinedu/ros2_custom_msgs/install/server_to_fms/share/server_to_fms/package.dsv'
[2.961s] INFO:colcon.colcon_core.shell:Creating package script '/home/addinedu/ros2_custom_msgs/install/server_to_fms/share/server_to_fms/package.sh'
[2.962s] INFO:colcon.colcon_core.shell:Creating package script '/home/addinedu/ros2_custom_msgs/install/server_to_fms/share/server_to_fms/package.bash'
[2.963s] INFO:colcon.colcon_core.shell:Creating package script '/home/addinedu/ros2_custom_msgs/install/server_to_fms/share/server_to_fms/package.zsh'
[2.964s] Level 1:colcon.colcon_core.environment:create_file_with_runtime_dependencies(/home/addinedu/ros2_custom_msgs/install/server_to_fms/share/colcon-core/packages/server_to_fms)
[2.975s] DEBUG:colcon.colcon_parallel_executor.executor.parallel:closing loop
[2.975s] DEBUG:colcon.colcon_parallel_executor.executor.parallel:loop closed
[2.975s] DEBUG:colcon.colcon_parallel_executor.executor.parallel:run_until_complete finished with '1'
[2.975s] DEBUG:colcon.colcon_core.event_reactor:joining thread
[2.986s] INFO:colcon.colcon_core.plugin_system:Skipping extension 'colcon_notification.desktop_notification.terminal_notifier': Not used on non-Darwin systems
[2.987s] INFO:colcon.colcon_core.plugin_system:Skipping extension 'colcon_notification.desktop_notification.win32': Not used on non-Windows systems
[2.987s] INFO:colcon.colcon_notification.desktop_notification:Sending desktop notification using 'notify2'
[3.027s] DEBUG:colcon.colcon_core.event_reactor:joined thread
[3.027s] INFO:colcon.colcon_core.shell:Creating prefix script '/home/addinedu/ros2_custom_msgs/install/local_setup.ps1'
[3.029s] INFO:colcon.colcon_core.shell:Creating prefix util module '/home/addinedu/ros2_custom_msgs/install/_local_setup_util_ps1.py'
[3.032s] INFO:colcon.colcon_core.shell:Creating prefix chain script '/home/addinedu/ros2_custom_msgs/install/setup.ps1'
[3.035s] INFO:colcon.colcon_core.shell:Creating prefix script '/home/addinedu/ros2_custom_msgs/install/local_setup.sh'
[3.036s] INFO:colcon.colcon_core.shell:Creating prefix util module '/home/addinedu/ros2_custom_msgs/install/_local_setup_util_sh.py'
[3.037s] INFO:colcon.colcon_core.shell:Creating prefix chain script '/home/addinedu/ros2_custom_msgs/install/setup.sh'
[3.041s] INFO:colcon.colcon_core.shell:Creating prefix script '/home/addinedu/ros2_custom_msgs/install/local_setup.bash'
[3.042s] INFO:colcon.colcon_core.shell:Creating prefix chain script '/home/addinedu/ros2_custom_msgs/install/setup.bash'
[3.044s] INFO:colcon.colcon_core.shell:Creating prefix script '/home/addinedu/ros2_custom_msgs/install/local_setup.zsh'
[3.046s] INFO:colcon.colcon_core.shell:Creating prefix chain script '/home/addinedu/ros2_custom_msgs/install/setup.zsh'
