[0.101s] DEBUG:colcon:Command line arguments: ['/usr/bin/colcon', 'build']
[0.101s] DEBUG:colcon:Parsed command line arguments: Namespace(log_base=None, log_level=None, verb_name='build', build_base='build', install_base='install', merge_install=False, symlink_install=False, test_result_base=None, continue_on_error=False, executor='parallel', parallel_workers=4, event_handlers=None, ignore_user_meta=False, metas=['./colcon.meta'], base_paths=['.'], packages_ignore=None, packages_ignore_regex=None, paths=None, packages_up_to=None, packages_up_to_regex=None, packages_above=None, packages_above_and_dependencies=None, packages_above_depth=None, packages_select_by_dep=None, packages_skip_by_dep=None, packages_skip_up_to=None, packages_select_build_failed=False, packages_skip_build_finished=False, packages_select_test_failures=False, packages_skip_test_passed=False, packages_select=None, packages_skip=None, packages_select_regex=None, packages_skip_regex=None, packages_start=None, packages_end=None, allow_overriding=[], cmake_args=None, cmake_target=None, cmake_target_skip_unavailable=False, cmake_clean_cache=False, cmake_clean_first=False, cmake_force_configure=False, ament_cmake_args=None, catkin_cmake_args=None, catkin_skip_building_tests=False, mixin_files=None, mixin=None, verb_parser=<colcon_mixin.mixin.mixin_argument.MixinArgumentDecorator object at 0x7f792c6a98b0>, verb_extension=<colcon_core.verb.build.BuildVerb object at 0x7f792c651dc0>, main=<bound method BuildVerb.main of <colcon_core.verb.build.BuildVerb object at 0x7f792c651dc0>>, mixin_verb=('build',))
[0.135s] Level 1:colcon.colcon_core.package_discovery:discover_packages(colcon_meta) check parameters
[0.136s] Level 1:colcon.colcon_core.package_discovery:discover_packages(recursive) check parameters
[0.136s] Level 1:colcon.colcon_core.package_discovery:discover_packages(ignore) check parameters
[0.136s] Level 1:colcon.colcon_core.package_discovery:discover_packages(path) check parameters
[0.136s] Level 1:colcon.colcon_core.package_discovery:discover_packages(colcon_meta) discover
[0.136s] Level 1:colcon.colcon_core.package_discovery:discover_packages(recursive) discover
[0.136s] INFO:colcon.colcon_core.package_discovery:Crawling recursively for packages in '/home/cj/ros2_custom_msgs'
[0.136s] Level 1:colcon.colcon_core.package_identification:_identify(.) by extensions ['ignore', 'ignore_ament_install']
[0.136s] Level 1:colcon.colcon_core.package_identification:_identify(.) by extension 'ignore'
[0.136s] Level 1:colcon.colcon_core.package_identification:_identify(.) by extension 'ignore_ament_install'
[0.136s] Level 1:colcon.colcon_core.package_identification:_identify(.) by extensions ['colcon_pkg']
[0.136s] Level 1:colcon.colcon_core.package_identification:_identify(.) by extension 'colcon_pkg'
[0.136s] Level 1:colcon.colcon_core.package_identification:_identify(.) by extensions ['colcon_meta']
[0.136s] Level 1:colcon.colcon_core.package_identification:_identify(.) by extension 'colcon_meta'
[0.136s] Level 1:colcon.colcon_core.package_identification:_identify(.) by extensions ['ros']
[0.136s] Level 1:colcon.colcon_core.package_identification:_identify(.) by extension 'ros'
[0.157s] Level 1:colcon.colcon_core.package_identification:_identify(.) by extensions ['cmake', 'python']
[0.157s] Level 1:colcon.colcon_core.package_identification:_identify(.) by extension 'cmake'
[0.157s] Level 1:colcon.colcon_core.package_identification:_identify(.) by extension 'python'
[0.157s] Level 1:colcon.colcon_core.package_identification:_identify(.) by extensions ['python_setup_py']
[0.157s] Level 1:colcon.colcon_core.package_identification:_identify(.) by extension 'python_setup_py'
[0.157s] Level 1:colcon.colcon_core.package_identification:_identify(build) by extensions ['ignore', 'ignore_ament_install']
[0.157s] Level 1:colcon.colcon_core.package_identification:_identify(build) by extension 'ignore'
[0.157s] Level 1:colcon.colcon_core.package_identification:_identify(build) ignored
[0.158s] Level 1:colcon.colcon_core.package_identification:_identify(install) by extensions ['ignore', 'ignore_ament_install']
[0.158s] Level 1:colcon.colcon_core.package_identification:_identify(install) by extension 'ignore'
[0.158s] Level 1:colcon.colcon_core.package_identification:_identify(install) ignored
[0.158s] Level 1:colcon.colcon_core.package_identification:_identify(log) by extensions ['ignore', 'ignore_ament_install']
[0.158s] Level 1:colcon.colcon_core.package_identification:_identify(log) by extension 'ignore'
[0.158s] Level 1:colcon.colcon_core.package_identification:_identify(log) ignored
[0.158s] Level 1:colcon.colcon_core.package_identification:_identify(src) by extensions ['ignore', 'ignore_ament_install']
[0.158s] Level 1:colcon.colcon_core.package_identification:_identify(src) by extension 'ignore'
[0.158s] Level 1:colcon.colcon_core.package_identification:_identify(src) by extension 'ignore_ament_install'
[0.158s] Level 1:colcon.colcon_core.package_identification:_identify(src) by extensions ['colcon_pkg']
[0.158s] Level 1:colcon.colcon_core.package_identification:_identify(src) by extension 'colcon_pkg'
[0.158s] Level 1:colcon.colcon_core.package_identification:_identify(src) by extensions ['colcon_meta']
[0.158s] Level 1:colcon.colcon_core.package_identification:_identify(src) by extension 'colcon_meta'
[0.158s] Level 1:colcon.colcon_core.package_identification:_identify(src) by extensions ['ros']
[0.158s] Level 1:colcon.colcon_core.package_identification:_identify(src) by extension 'ros'
[0.158s] Level 1:colcon.colcon_core.package_identification:_identify(src) by extensions ['cmake', 'python']
[0.158s] Level 1:colcon.colcon_core.package_identification:_identify(src) by extension 'cmake'
[0.158s] Level 1:colcon.colcon_core.package_identification:_identify(src) by extension 'python'
[0.158s] Level 1:colcon.colcon_core.package_identification:_identify(src) by extensions ['python_setup_py']
[0.158s] Level 1:colcon.colcon_core.package_identification:_identify(src) by extension 'python_setup_py'
[0.158s] Level 1:colcon.colcon_core.package_identification:_identify(src/server_to_fms) by extensions ['ignore', 'ignore_ament_install']
[0.159s] Level 1:colcon.colcon_core.package_identification:_identify(src/server_to_fms) by extension 'ignore'
[0.159s] Level 1:colcon.colcon_core.package_identification:_identify(src/server_to_fms) by extension 'ignore_ament_install'
[0.159s] Level 1:colcon.colcon_core.package_identification:_identify(src/server_to_fms) by extensions ['colcon_pkg']
[0.159s] Level 1:colcon.colcon_core.package_identification:_identify(src/server_to_fms) by extension 'colcon_pkg'
[0.159s] Level 1:colcon.colcon_core.package_identification:_identify(src/server_to_fms) by extensions ['colcon_meta']
[0.159s] Level 1:colcon.colcon_core.package_identification:_identify(src/server_to_fms) by extension 'colcon_meta'
[0.159s] Level 1:colcon.colcon_core.package_identification:_identify(src/server_to_fms) by extensions ['ros']
[0.159s] Level 1:colcon.colcon_core.package_identification:_identify(src/server_to_fms) by extension 'ros'
[0.160s] DEBUG:colcon.colcon_core.package_identification:Package 'src/server_to_fms' with type 'ros.ament_cmake' and name 'server_to_fms'
[0.161s] Level 1:colcon.colcon_core.package_discovery:discover_packages(recursive) using defaults
[0.161s] Level 1:colcon.colcon_core.package_discovery:discover_packages(ignore) discover
[0.161s] Level 1:colcon.colcon_core.package_discovery:discover_packages(ignore) using defaults
[0.161s] Level 1:colcon.colcon_core.package_discovery:discover_packages(path) discover
[0.161s] Level 1:colcon.colcon_core.package_discovery:discover_packages(path) using defaults
[0.178s] Level 1:colcon.colcon_core.package_discovery:discover_packages(prefix_path) check parameters
[0.179s] Level 1:colcon.colcon_core.package_discovery:discover_packages(prefix_path) discover
[0.181s] DEBUG:colcon.colcon_installed_package_information.package_discovery:Found 12 installed packages in /home/cj/ros2_study/install
[0.183s] DEBUG:colcon.colcon_installed_package_information.package_discovery:Found 292 installed packages in /opt/ros/jazzy
[0.185s] Level 1:colcon.colcon_core.package_discovery:discover_packages(prefix_path) using defaults
[0.224s] Level 5:colcon.colcon_core.verb:set package 'server_to_fms' build argument 'cmake_args' from command line to 'None'
[0.225s] Level 5:colcon.colcon_core.verb:set package 'server_to_fms' build argument 'cmake_target' from command line to 'None'
[0.225s] Level 5:colcon.colcon_core.verb:set package 'server_to_fms' build argument 'cmake_target_skip_unavailable' from command line to 'False'
[0.225s] Level 5:colcon.colcon_core.verb:set package 'server_to_fms' build argument 'cmake_clean_cache' from command line to 'False'
[0.225s] Level 5:colcon.colcon_core.verb:set package 'server_to_fms' build argument 'cmake_clean_first' from command line to 'False'
[0.225s] Level 5:colcon.colcon_core.verb:set package 'server_to_fms' build argument 'cmake_force_configure' from command line to 'False'
[0.225s] Level 5:colcon.colcon_core.verb:set package 'server_to_fms' build argument 'ament_cmake_args' from command line to 'None'
[0.225s] Level 5:colcon.colcon_core.verb:set package 'server_to_fms' build argument 'catkin_cmake_args' from command line to 'None'
[0.225s] Level 5:colcon.colcon_core.verb:set package 'server_to_fms' build argument 'catkin_skip_building_tests' from command line to 'False'
[0.225s] DEBUG:colcon.colcon_core.verb:Building package 'server_to_fms' with the following arguments: {'ament_cmake_args': None, 'build_base': '/home/cj/ros2_custom_msgs/build/server_to_fms', 'catkin_cmake_args': None, 'catkin_skip_building_tests': False, 'cmake_args': None, 'cmake_clean_cache': False, 'cmake_clean_first': False, 'cmake_force_configure': False, 'cmake_target': None, 'cmake_target_skip_unavailable': False, 'install_base': '/home/cj/ros2_custom_msgs/install/server_to_fms', 'merge_install': False, 'path': '/home/cj/ros2_custom_msgs/src/server_to_fms', 'symlink_install': False, 'test_result_base': None}
[0.225s] INFO:colcon.colcon_core.executor:Executing jobs using 'parallel' executor
[0.226s] DEBUG:colcon.colcon_parallel_executor.executor.parallel:run_until_complete
[0.226s] INFO:colcon.colcon_ros.task.ament_cmake.build:Building ROS package in '/home/cj/ros2_custom_msgs/src/server_to_fms' with build type 'ament_cmake'
[0.226s] INFO:colcon.colcon_cmake.task.cmake.build:Building CMake package in '/home/cj/ros2_custom_msgs/src/server_to_fms'
[0.228s] INFO:colcon.colcon_core.plugin_system:Skipping extension 'colcon_core.shell.bat': Not used on non-Windows systems
[0.228s] INFO:colcon.colcon_core.shell:Skip shell extension 'powershell' for command environment: Not usable outside of PowerShell
[0.228s] DEBUG:colcon.colcon_core.shell:Skip shell extension 'dsv' for command environment
[0.239s] DEBUG:colcon.colcon_core.event_handler.log_command:Invoking command in '/home/cj/ros2_custom_msgs/build/server_to_fms': CMAKE_PREFIX_PATH=${CMAKE_PREFIX_PATH}:/home/cj/ros2_study/install/yolov8_ros:/home/cj/ros2_study/install/yolo_ros:/home/cj/ros2_study/install/stt_whisper:/home/cj/ros2_study/install/my_first_package:/opt/ros/jazzy DEBUGINFOD_URLS=https://debuginfod.ubuntu.com /usr/bin/cmake /home/cj/ros2_custom_msgs/src/server_to_fms -DCMAKE_INSTALL_PREFIX=/home/cj/ros2_custom_msgs/install/server_to_fms
[3.096s] DEBUG:colcon.colcon_core.event_handler.log_command:Invoked command in '/home/cj/ros2_custom_msgs/build/server_to_fms' returned '0': CMAKE_PREFIX_PATH=${CMAKE_PREFIX_PATH}:/home/cj/ros2_study/install/yolov8_ros:/home/cj/ros2_study/install/yolo_ros:/home/cj/ros2_study/install/stt_whisper:/home/cj/ros2_study/install/my_first_package:/opt/ros/jazzy DEBUGINFOD_URLS=https://debuginfod.ubuntu.com /usr/bin/cmake /home/cj/ros2_custom_msgs/src/server_to_fms -DCMAKE_INSTALL_PREFIX=/home/cj/ros2_custom_msgs/install/server_to_fms
[3.097s] DEBUG:colcon.colcon_core.event_handler.log_command:Invoking command in '/home/cj/ros2_custom_msgs/build/server_to_fms': CMAKE_PREFIX_PATH=${CMAKE_PREFIX_PATH}:/home/cj/ros2_study/install/yolov8_ros:/home/cj/ros2_study/install/yolo_ros:/home/cj/ros2_study/install/stt_whisper:/home/cj/ros2_study/install/my_first_package:/opt/ros/jazzy DEBUGINFOD_URLS=https://debuginfod.ubuntu.com /usr/bin/cmake --build /home/cj/ros2_custom_msgs/build/server_to_fms -- -j4 -l4
[5.723s] DEBUG:colcon.colcon_core.event_handler.log_command:Invoked command in '/home/cj/ros2_custom_msgs/build/server_to_fms' returned '0': CMAKE_PREFIX_PATH=${CMAKE_PREFIX_PATH}:/home/cj/ros2_study/install/yolov8_ros:/home/cj/ros2_study/install/yolo_ros:/home/cj/ros2_study/install/stt_whisper:/home/cj/ros2_study/install/my_first_package:/opt/ros/jazzy DEBUGINFOD_URLS=https://debuginfod.ubuntu.com /usr/bin/cmake --build /home/cj/ros2_custom_msgs/build/server_to_fms -- -j4 -l4
[5.736s] DEBUG:colcon.colcon_core.event_handler.log_command:Invoking command in '/home/cj/ros2_custom_msgs/build/server_to_fms': CMAKE_PREFIX_PATH=${CMAKE_PREFIX_PATH}:/home/cj/ros2_study/install/yolov8_ros:/home/cj/ros2_study/install/yolo_ros:/home/cj/ros2_study/install/stt_whisper:/home/cj/ros2_study/install/my_first_package:/opt/ros/jazzy DEBUGINFOD_URLS=https://debuginfod.ubuntu.com /usr/bin/cmake --install /home/cj/ros2_custom_msgs/build/server_to_fms
[5.812s] Level 1:colcon.colcon_core.environment:create_environment_scripts_only(server_to_fms)
[5.812s] DEBUG:colcon.colcon_core.event_handler.log_command:Invoked command in '/home/cj/ros2_custom_msgs/build/server_to_fms' returned '0': CMAKE_PREFIX_PATH=${CMAKE_PREFIX_PATH}:/home/cj/ros2_study/install/yolov8_ros:/home/cj/ros2_study/install/yolo_ros:/home/cj/ros2_study/install/stt_whisper:/home/cj/ros2_study/install/my_first_package:/opt/ros/jazzy DEBUGINFOD_URLS=https://debuginfod.ubuntu.com /usr/bin/cmake --install /home/cj/ros2_custom_msgs/build/server_to_fms
[5.814s] Level 1:colcon.colcon_core.environment:checking '/home/cj/ros2_custom_msgs/install/server_to_fms' for CMake module files
[5.815s] Level 1:colcon.colcon_core.environment:checking '/home/cj/ros2_custom_msgs/install/server_to_fms' for CMake config files
[5.815s] Level 1:colcon.colcon_core.shell:create_environment_hook('server_to_fms', 'cmake_prefix_path')
[5.816s] INFO:colcon.colcon_core.shell:Creating environment hook '/home/cj/ros2_custom_msgs/install/server_to_fms/share/server_to_fms/hook/cmake_prefix_path.ps1'
[5.816s] INFO:colcon.colcon_core.shell:Creating environment descriptor '/home/cj/ros2_custom_msgs/install/server_to_fms/share/server_to_fms/hook/cmake_prefix_path.dsv'
[5.816s] INFO:colcon.colcon_core.shell:Creating environment hook '/home/cj/ros2_custom_msgs/install/server_to_fms/share/server_to_fms/hook/cmake_prefix_path.sh'
[5.817s] Level 1:colcon.colcon_core.environment:checking '/home/cj/ros2_custom_msgs/install/server_to_fms/lib'
[5.817s] Level 1:colcon.colcon_core.shell:create_environment_hook('server_to_fms', 'ld_library_path_lib')
[5.817s] INFO:colcon.colcon_core.shell:Creating environment hook '/home/cj/ros2_custom_msgs/install/server_to_fms/share/server_to_fms/hook/ld_library_path_lib.ps1'
[5.818s] INFO:colcon.colcon_core.shell:Creating environment descriptor '/home/cj/ros2_custom_msgs/install/server_to_fms/share/server_to_fms/hook/ld_library_path_lib.dsv'
[5.818s] INFO:colcon.colcon_core.shell:Creating environment hook '/home/cj/ros2_custom_msgs/install/server_to_fms/share/server_to_fms/hook/ld_library_path_lib.sh'
[5.818s] Level 1:colcon.colcon_core.environment:checking '/home/cj/ros2_custom_msgs/install/server_to_fms/bin'
[5.818s] Level 1:colcon.colcon_core.environment:checking '/home/cj/ros2_custom_msgs/install/server_to_fms/lib/pkgconfig/server_to_fms.pc'
[5.818s] Level 1:colcon.colcon_core.environment:checking '/home/cj/ros2_custom_msgs/install/server_to_fms/lib/python3.12/site-packages'
[5.819s] Level 1:colcon.colcon_core.shell:create_environment_hook('server_to_fms', 'pythonpath')
[5.819s] INFO:colcon.colcon_core.shell:Creating environment hook '/home/cj/ros2_custom_msgs/install/server_to_fms/share/server_to_fms/hook/pythonpath.ps1'
[5.819s] INFO:colcon.colcon_core.shell:Creating environment descriptor '/home/cj/ros2_custom_msgs/install/server_to_fms/share/server_to_fms/hook/pythonpath.dsv'
[5.819s] INFO:colcon.colcon_core.shell:Creating environment hook '/home/cj/ros2_custom_msgs/install/server_to_fms/share/server_to_fms/hook/pythonpath.sh'
[5.820s] Level 1:colcon.colcon_core.environment:checking '/home/cj/ros2_custom_msgs/install/server_to_fms/bin'
[5.820s] INFO:colcon.colcon_core.shell:Creating package script '/home/cj/ros2_custom_msgs/install/server_to_fms/share/server_to_fms/package.ps1'
[5.820s] INFO:colcon.colcon_core.shell:Creating package descriptor '/home/cj/ros2_custom_msgs/install/server_to_fms/share/server_to_fms/package.dsv'
[5.821s] INFO:colcon.colcon_core.shell:Creating package script '/home/cj/ros2_custom_msgs/install/server_to_fms/share/server_to_fms/package.sh'
[5.822s] INFO:colcon.colcon_core.shell:Creating package script '/home/cj/ros2_custom_msgs/install/server_to_fms/share/server_to_fms/package.bash'
[5.822s] INFO:colcon.colcon_core.shell:Creating package script '/home/cj/ros2_custom_msgs/install/server_to_fms/share/server_to_fms/package.zsh'
[5.822s] Level 1:colcon.colcon_core.environment:create_file_with_runtime_dependencies(/home/cj/ros2_custom_msgs/install/server_to_fms/share/colcon-core/packages/server_to_fms)
[5.823s] Level 1:colcon.colcon_core.environment:create_environment_scripts_only(server_to_fms)
[5.823s] Level 1:colcon.colcon_core.environment:checking '/home/cj/ros2_custom_msgs/install/server_to_fms' for CMake module files
[5.824s] Level 1:colcon.colcon_core.environment:checking '/home/cj/ros2_custom_msgs/install/server_to_fms' for CMake config files
[5.824s] Level 1:colcon.colcon_core.shell:create_environment_hook('server_to_fms', 'cmake_prefix_path')
[5.825s] INFO:colcon.colcon_core.shell:Creating environment hook '/home/cj/ros2_custom_msgs/install/server_to_fms/share/server_to_fms/hook/cmake_prefix_path.ps1'
[5.826s] INFO:colcon.colcon_core.shell:Creating environment descriptor '/home/cj/ros2_custom_msgs/install/server_to_fms/share/server_to_fms/hook/cmake_prefix_path.dsv'
[5.826s] INFO:colcon.colcon_core.shell:Creating environment hook '/home/cj/ros2_custom_msgs/install/server_to_fms/share/server_to_fms/hook/cmake_prefix_path.sh'
[5.827s] Level 1:colcon.colcon_core.environment:checking '/home/cj/ros2_custom_msgs/install/server_to_fms/lib'
[5.827s] Level 1:colcon.colcon_core.shell:create_environment_hook('server_to_fms', 'ld_library_path_lib')
[5.827s] INFO:colcon.colcon_core.shell:Creating environment hook '/home/cj/ros2_custom_msgs/install/server_to_fms/share/server_to_fms/hook/ld_library_path_lib.ps1'
[5.828s] INFO:colcon.colcon_core.shell:Creating environment descriptor '/home/cj/ros2_custom_msgs/install/server_to_fms/share/server_to_fms/hook/ld_library_path_lib.dsv'
[5.828s] INFO:colcon.colcon_core.shell:Creating environment hook '/home/cj/ros2_custom_msgs/install/server_to_fms/share/server_to_fms/hook/ld_library_path_lib.sh'
[5.829s] Level 1:colcon.colcon_core.environment:checking '/home/cj/ros2_custom_msgs/install/server_to_fms/bin'
[5.829s] Level 1:colcon.colcon_core.environment:checking '/home/cj/ros2_custom_msgs/install/server_to_fms/lib/pkgconfig/server_to_fms.pc'
[5.829s] Level 1:colcon.colcon_core.environment:checking '/home/cj/ros2_custom_msgs/install/server_to_fms/lib/python3.12/site-packages'
[5.829s] Level 1:colcon.colcon_core.shell:create_environment_hook('server_to_fms', 'pythonpath')
[5.829s] INFO:colcon.colcon_core.shell:Creating environment hook '/home/cj/ros2_custom_msgs/install/server_to_fms/share/server_to_fms/hook/pythonpath.ps1'
[5.830s] INFO:colcon.colcon_core.shell:Creating environment descriptor '/home/cj/ros2_custom_msgs/install/server_to_fms/share/server_to_fms/hook/pythonpath.dsv'
[5.830s] INFO:colcon.colcon_core.shell:Creating environment hook '/home/cj/ros2_custom_msgs/install/server_to_fms/share/server_to_fms/hook/pythonpath.sh'
[5.831s] Level 1:colcon.colcon_core.environment:checking '/home/cj/ros2_custom_msgs/install/server_to_fms/bin'
[5.831s] INFO:colcon.colcon_core.shell:Creating package script '/home/cj/ros2_custom_msgs/install/server_to_fms/share/server_to_fms/package.ps1'
[5.831s] INFO:colcon.colcon_core.shell:Creating package descriptor '/home/cj/ros2_custom_msgs/install/server_to_fms/share/server_to_fms/package.dsv'
[5.832s] INFO:colcon.colcon_core.shell:Creating package script '/home/cj/ros2_custom_msgs/install/server_to_fms/share/server_to_fms/package.sh'
[5.832s] INFO:colcon.colcon_core.shell:Creating package script '/home/cj/ros2_custom_msgs/install/server_to_fms/share/server_to_fms/package.bash'
[5.833s] INFO:colcon.colcon_core.shell:Creating package script '/home/cj/ros2_custom_msgs/install/server_to_fms/share/server_to_fms/package.zsh'
[5.833s] Level 1:colcon.colcon_core.environment:create_file_with_runtime_dependencies(/home/cj/ros2_custom_msgs/install/server_to_fms/share/colcon-core/packages/server_to_fms)
[5.833s] DEBUG:colcon.colcon_parallel_executor.executor.parallel:closing loop
[5.834s] DEBUG:colcon.colcon_parallel_executor.executor.parallel:loop closed
[5.834s] DEBUG:colcon.colcon_parallel_executor.executor.parallel:run_until_complete finished with '0'
[5.834s] DEBUG:colcon.colcon_core.event_reactor:joining thread
[5.839s] INFO:colcon.colcon_core.plugin_system:Skipping extension 'colcon_notification.desktop_notification.terminal_notifier': Not used on non-Darwin systems
[5.839s] INFO:colcon.colcon_core.plugin_system:Skipping extension 'colcon_notification.desktop_notification.win32': Not used on non-Windows systems
[5.839s] INFO:colcon.colcon_notification.desktop_notification:Sending desktop notification using 'notify2'
[5.856s] DEBUG:colcon.colcon_core.event_reactor:joined thread
[5.856s] INFO:colcon.colcon_core.shell:Creating prefix script '/home/cj/ros2_custom_msgs/install/local_setup.ps1'
[5.857s] INFO:colcon.colcon_core.shell:Creating prefix util module '/home/cj/ros2_custom_msgs/install/_local_setup_util_ps1.py'
[5.857s] INFO:colcon.colcon_core.shell:Creating prefix chain script '/home/cj/ros2_custom_msgs/install/setup.ps1'
[5.858s] INFO:colcon.colcon_core.shell:Creating prefix script '/home/cj/ros2_custom_msgs/install/local_setup.sh'
[5.859s] INFO:colcon.colcon_core.shell:Creating prefix util module '/home/cj/ros2_custom_msgs/install/_local_setup_util_sh.py'
[5.859s] INFO:colcon.colcon_core.shell:Creating prefix chain script '/home/cj/ros2_custom_msgs/install/setup.sh'
[5.860s] INFO:colcon.colcon_core.shell:Creating prefix script '/home/cj/ros2_custom_msgs/install/local_setup.bash'
[5.860s] INFO:colcon.colcon_core.shell:Creating prefix chain script '/home/cj/ros2_custom_msgs/install/setup.bash'
[5.862s] INFO:colcon.colcon_core.shell:Creating prefix script '/home/cj/ros2_custom_msgs/install/local_setup.zsh'
[5.862s] INFO:colcon.colcon_core.shell:Creating prefix chain script '/home/cj/ros2_custom_msgs/install/setup.zsh'
