[0.016s] Invoking command in '/home/addinedu/ros2_custom_msgs/build/server_to_fms': CMAKE_PREFIX_PATH=${CMAKE_PREFIX_PATH}:/home/addinedu/pinky_violet/install/pinky_emotion:/home/addinedu/pinky_violet/install/pinky_bringup:/opt/ros/jazzy DEBUGINFOD_URLS=https://debuginfod.ubuntu.com /usr/bin/cmake /home/addinedu/ros2_custom_msgs/src/server_to_fms -DCMAKE_INSTALL_PREFIX=/home/addinedu/ros2_custom_msgs/install/server_to_fms
[0.043s] -- Found ament_cmake: 2.5.4 (/opt/ros/jazzy/share/ament_cmake/cmake)
[0.478s] -- Found rosidl_default_generators: 1.6.0 (/opt/ros/jazzy/share/rosidl_default_generators/cmake)
[0.484s] -- Using all available rosidl_typesupport_c: rosidl_typesupport_fastrtps_c;rosidl_typesupport_introspection_c
[0.571s] -- Using all available rosidl_typesupport_cpp: rosidl_typesupport_fastrtps_cpp;rosidl_typesupport_introspection_cpp
[0.630s] -- Found rosidl_adapter: 4.6.5 (/opt/ros/jazzy/share/rosidl_adapter/cmake)
[1.073s] [31mCMake Error at /opt/ros/jazzy/share/rosidl_adapter/cmake/rosidl_adapt_interfaces.cmake:57 (message):
[1.073s]   execute_process(/usr/bin/python3 -m rosidl_adapter --package-name
[1.073s]   server_to_fms --arguments-file
[1.073s]   /home/addinedu/ros2_custom_msgs/build/server_to_fms/rosidl_adapter__arguments__server_to_fms.json
[1.073s]   --output-dir
[1.073s]   /home/addinedu/ros2_custom_msgs/build/server_to_fms/rosidl_adapter/server_to_fms
[1.073s]   --output-file
[1.073s]   /home/addinedu/ros2_custom_msgs/build/server_to_fms/rosidl_adapter/server_to_fms.idls)
[1.073s]   returned error code 1:
[1.073s] 
[1.074s]   Error processing 'int customer_id' of 'server_to_fms/TryOnRequest_Request':
[1.074s]   ''int' is an invalid message name.  It should have the pattern
[1.074s]   '^[A-Z][A-Za-z0-9]*$''
[1.074s] 
[1.074s]   Traceback (most recent call last):
[1.074s] 
[1.074s]     File "<frozen runpy>", line 198, in _run_module_as_main
[1.074s]     File "<frozen runpy>", line 88, in _run_code
[1.074s]     File "/opt/ros/jazzy/lib/python3.12/site-packages/rosidl_adapter/__main__.py", line 19, in <module>
[1.074s]       sys.exit(main())
[1.074s]                ^^^^^^
[1.074s]     File "/opt/ros/jazzy/lib/python3.12/site-packages/rosidl_adapter/main.py", line 53, in main
[1.075s]       abs_idl_file = convert_to_idl(
[1.075s]                      ^^^^^^^^^^^^^^^
[1.075s]     File "/opt/ros/jazzy/lib/python3.12/site-packages/rosidl_adapter/__init__.py", line 24, in convert_to_idl
[1.075s]       return convert_srv_to_idl(
[1.075s]              ^^^^^^^^^^^^^^^^^^^
[1.075s]     File "/opt/ros/jazzy/lib/python3.12/site-packages/rosidl_adapter/srv/__init__.py", line 28, in convert_srv_to_idl
[1.075s]       srv = parse_service_string(package_name, input_file.stem, content)
[1.075s]             ^^^^^^^^^^^^^^^^^^^^^^^^^^^^^^^^^^^^^^^^^^^^^^^^^^^^^^^^^^^^
[1.075s]     File "/opt/ros/jazzy/lib/python3.12/site-packages/rosidl_adapter/parser.py", line 860, in parse_service_string
[1.075s]       request_message = parse_message_string(
[1.075s]                         ^^^^^^^^^^^^^^^^^^^^^
[1.075s]     File "/opt/ros/jazzy/lib/python3.12/site-packages/rosidl_adapter/parser.py", line 521, in parse_message_string
[1.075s]       Type(type_string, context_package_name=pkg_name),
[1.076s]       ^^^^^^^^^^^^^^^^^^^^^^^^^^^^^^^^^^^^^^^^^^^^^^^^
[1.076s]     File "/opt/ros/jazzy/lib/python3.12/site-packages/rosidl_adapter/parser.py", line 278, in __init__
[1.076s]       super(Type, self).__init__(
[1.076s]     File "/opt/ros/jazzy/lib/python3.12/site-packages/rosidl_adapter/parser.py", line 206, in __init__
[1.076s]       raise InvalidResourceName(
[1.076s] 
[1.076s]   rosidl_adapter.parser.InvalidResourceName: 'int' is an invalid message
[1.076s]   name.  It should have the pattern '^[A-Z][A-Za-z0-9]*$'
[1.076s] 
[1.076s] Call Stack (most recent call first):
[1.076s]   /opt/ros/jazzy/share/rosidl_cmake/cmake/rosidl_generate_interfaces.cmake:132 (rosidl_adapt_interfaces)
[1.076s]   CMakeLists.txt:17 (rosidl_generate_interfaces)
[1.076s] 
[1.077s] [0m
[1.077s] -- Configuring incomplete, errors occurred!
[1.081s] Invoked command in '/home/addinedu/ros2_custom_msgs/build/server_to_fms' returned '1': CMAKE_PREFIX_PATH=${CMAKE_PREFIX_PATH}:/home/addinedu/pinky_violet/install/pinky_emotion:/home/addinedu/pinky_violet/install/pinky_bringup:/opt/ros/jazzy DEBUGINFOD_URLS=https://debuginfod.ubuntu.com /usr/bin/cmake /home/addinedu/ros2_custom_msgs/src/server_to_fms -DCMAKE_INSTALL_PREFIX=/home/addinedu/ros2_custom_msgs/install/server_to_fms
