-- Found ament_cmake: 2.5.4 (/opt/ros/jazzy/share/ament_cmake/cmake)
-- Found rosidl_default_generators: 1.6.0 (/opt/ros/jazzy/share/rosidl_default_generators/cmake)
-- Using all available rosidl_typesupport_c: rosidl_typesupport_fastrtps_c;rosidl_typesupport_introspection_c
-- Using all available rosidl_typesupport_cpp: rosidl_typesupport_fastrtps_cpp;rosidl_typesupport_introspection_cpp
-- Found rosidl_adapter: 4.6.5 (/opt/ros/jazzy/share/rosidl_adapter/cmake)
-- Found ament_cmake_ros: 0.12.0 (/opt/ros/jazzy/share/ament_cmake_ros/cmake)
-- Using all available rosidl_typesupport_c: rosidl_typesupport_fastrtps_c;rosidl_typesupport_introspection_c
-- Using all available rosidl_typesupport_cpp: rosidl_typesupport_fastrtps_cpp;rosidl_typesupport_introspection_cpp
-- Found python_cmake_module: 0.11.1 (/opt/ros/jazzy/share/python_cmake_module/cmake)
-- Found PythonExtra: /usr/bin/python3  
-- Found Python3: /usr/bin/python3 (found version "3.12.3") found components: Interpreter Development NumPy Development.Module Development.Embed 
-- Found ament_lint_auto: 0.17.2 (/opt/ros/jazzy/share/ament_lint_auto/cmake)
-- Added test 'lint_cmake' to check CMake code style
-- Added test 'xmllint' to check XML markup files
-- Configuring done (4.5s)
-- Generating done (0.1s)
-- Build files have been written to: /home/addinedu/ros2_custom_msgs/build/server_to_fms
[  2%] [34m[1mGenerating type hashes for ROS interfaces[0m
[  2%] Built target ament_cmake_python_copy_server_to_fms
[  2%] Built target server_to_fms__rosidl_generator_type_description
[  5%] [34m[1mGenerating C code for ROS interfaces[0m
[  8%] [34m[1mGenerating C++ code for ROS interfaces[0m
running egg_info
writing server_to_fms.egg-info/PKG-INFO
writing dependency_links to server_to_fms.egg-info/dependency_links.txt
writing top-level names to server_to_fms.egg-info/top_level.txt
reading manifest file 'server_to_fms.egg-info/SOURCES.txt'
writing manifest file 'server_to_fms.egg-info/SOURCES.txt'
[  8%] Built target ament_cmake_python_build_server_to_fms_egg
[  8%] Built target server_to_fms__cpp
[ 14%] [32mBuilding C object CMakeFiles/server_to_fms__rosidl_generator_c.dir/rosidl_generator_c/server_to_fms/srv/detail/try_on_request__description.c.o[0m
[ 14%] [32mBuilding C object CMakeFiles/server_to_fms__rosidl_generator_c.dir/rosidl_generator_c/server_to_fms/srv/detail/try_on_request__functions.c.o[0m
[ 17%] [32mBuilding C object CMakeFiles/server_to_fms__rosidl_generator_c.dir/rosidl_generator_c/server_to_fms/srv/detail/try_on_request__type_support.c.o[0m
[ 20%] [32m[1mLinking C shared library libserver_to_fms__rosidl_generator_c.so[0m
[ 20%] Built target server_to_fms__rosidl_generator_c
[ 29%] [34m[1mGenerating C++ introspection for ROS interfaces[0m
[ 38%] [34m[1mGenerating C type support for eProsima Fast-RTPS[0m
[ 38%] [34m[1mGenerating C type support dispatch for ROS interfaces[0m
[ 38%] [34m[1mGenerating C introspection for ROS interfaces[0m
[ 38%] [34m[1mGenerating C++ type support for eProsima Fast-RTPS[0m
[ 38%] [34m[1mGenerating C++ type support dispatch for ROS interfaces[0m
[ 41%] [32mBuilding CXX object CMakeFiles/server_to_fms__rosidl_typesupport_c.dir/rosidl_typesupport_c/server_to_fms/srv/try_on_request__type_support.cpp.o[0m
[ 44%] [32mBuilding CXX object CMakeFiles/server_to_fms__rosidl_typesupport_cpp.dir/rosidl_typesupport_cpp/server_to_fms/srv/try_on_request__type_support.cpp.o[0m
[ 47%] [32mBuilding C object CMakeFiles/server_to_fms__rosidl_typesupport_introspection_c.dir/rosidl_typesupport_introspection_c/server_to_fms/srv/detail/try_on_request__type_support.c.o[0m
[ 50%] [32mBuilding CXX object CMakeFiles/server_to_fms__rosidl_typesupport_introspection_cpp.dir/rosidl_typesupport_introspection_cpp/server_to_fms/srv/detail/try_on_request__type_support.cpp.o[0m
[ 52%] [32m[1mLinking CXX shared library libserver_to_fms__rosidl_typesupport_c.so[0m
[ 55%] [32mBuilding CXX object CMakeFiles/server_to_fms__rosidl_typesupport_fastrtps_cpp.dir/rosidl_typesupport_fastrtps_cpp/server_to_fms/srv/detail/dds_fastrtps/try_on_request__type_support.cpp.o[0m
[ 58%] [32m[1mLinking C shared library libserver_to_fms__rosidl_typesupport_introspection_c.so[0m
[ 61%] [32mBuilding CXX object CMakeFiles/server_to_fms__rosidl_typesupport_fastrtps_c.dir/rosidl_typesupport_fastrtps_c/server_to_fms/srv/detail/try_on_request__type_support_c.cpp.o[0m
[ 61%] Built target server_to_fms__rosidl_typesupport_c
[ 61%] Built target server_to_fms__rosidl_typesupport_introspection_c
[ 64%] [32m[1mLinking CXX shared library libserver_to_fms__rosidl_typesupport_cpp.so[0m
[ 67%] [32m[1mLinking CXX shared library libserver_to_fms__rosidl_typesupport_introspection_cpp.so[0m
[ 67%] Built target server_to_fms__rosidl_typesupport_cpp
[ 67%] Built target server_to_fms__rosidl_typesupport_introspection_cpp
[ 70%] [32m[1mLinking CXX shared library libserver_to_fms__rosidl_typesupport_fastrtps_c.so[0m
[ 70%] Built target server_to_fms__rosidl_typesupport_fastrtps_c
[ 73%] [32m[1mLinking CXX shared library libserver_to_fms__rosidl_typesupport_fastrtps_cpp.so[0m
[ 73%] Built target server_to_fms__rosidl_typesupport_fastrtps_cpp
[ 73%] Built target server_to_fms
[ 76%] [34m[1mGenerating Python code for ROS interfaces[0m
[ 76%] Built target server_to_fms__py
[ 79%] [32mBuilding C object CMakeFiles/server_to_fms__rosidl_generator_py.dir/rosidl_generator_py/server_to_fms/srv/_try_on_request_s.c.o[0m
[ 82%] [32m[1mLinking C shared library libserver_to_fms__rosidl_generator_py.so[0m
[ 82%] Built target server_to_fms__rosidl_generator_py
[ 91%] [32mBuilding C object CMakeFiles/server_to_fms_s__rosidl_typesupport_fastrtps_c.dir/rosidl_generator_py/server_to_fms/_server_to_fms_s.ep.rosidl_typesupport_fastrtps_c.c.o[0m
[ 91%] [32mBuilding C object CMakeFiles/server_to_fms_s__rosidl_typesupport_introspection_c.dir/rosidl_generator_py/server_to_fms/_server_to_fms_s.ep.rosidl_typesupport_introspection_c.c.o[0m
[ 91%] [32mBuilding C object CMakeFiles/server_to_fms_s__rosidl_typesupport_c.dir/rosidl_generator_py/server_to_fms/_server_to_fms_s.ep.rosidl_typesupport_c.c.o[0m
[ 97%] [32m[1mLinking C shared module rosidl_generator_py/server_to_fms/server_to_fms_s__rosidl_typesupport_introspection_c.so[0m
[ 97%] [32m[1mLinking C shared module rosidl_generator_py/server_to_fms/server_to_fms_s__rosidl_typesupport_c.so[0m
[100%] [32m[1mLinking C shared module rosidl_generator_py/server_to_fms/server_to_fms_s__rosidl_typesupport_fastrtps_c.so[0m
[100%] Built target server_to_fms_s__rosidl_typesupport_introspection_c
[100%] Built target server_to_fms_s__rosidl_typesupport_c
[100%] Built target server_to_fms_s__rosidl_typesupport_fastrtps_c
-- Install configuration: ""
-- Up-to-date: /home/addinedu/ros2_custom_msgs/install/server_to_fms/share/ament_index/resource_index/rosidl_interfaces/server_to_fms
-- Installing: /home/addinedu/ros2_custom_msgs/install/server_to_fms/share/server_to_fms/srv/TryOnRequest.json
-- Up-to-date: /home/addinedu/ros2_custom_msgs/install/server_to_fms/include/server_to_fms/server_to_fms
-- Up-to-date: /home/addinedu/ros2_custom_msgs/install/server_to_fms/include/server_to_fms/server_to_fms/srv
-- Up-to-date: /home/addinedu/ros2_custom_msgs/install/server_to_fms/include/server_to_fms/server_to_fms/srv/detail
-- Installing: /home/addinedu/ros2_custom_msgs/install/server_to_fms/include/server_to_fms/server_to_fms/srv/detail/try_on_request__functions.h
-- Installing: /home/addinedu/ros2_custom_msgs/install/server_to_fms/include/server_to_fms/server_to_fms/srv/detail/try_on_request__type_support.h
-- Installing: /home/addinedu/ros2_custom_msgs/install/server_to_fms/include/server_to_fms/server_to_fms/srv/detail/try_on_request__description.c
-- Installing: /home/addinedu/ros2_custom_msgs/install/server_to_fms/include/server_to_fms/server_to_fms/srv/detail/try_on_request__functions.c
-- Installing: /home/addinedu/ros2_custom_msgs/install/server_to_fms/include/server_to_fms/server_to_fms/srv/detail/try_on_request__struct.h
-- Installing: /home/addinedu/ros2_custom_msgs/install/server_to_fms/include/server_to_fms/server_to_fms/srv/detail/try_on_request__type_support.c
-- Installing: /home/addinedu/ros2_custom_msgs/install/server_to_fms/include/server_to_fms/server_to_fms/srv/try_on_request.h
-- Up-to-date: /home/addinedu/ros2_custom_msgs/install/server_to_fms/include/server_to_fms/server_to_fms/msg
-- Up-to-date: /home/addinedu/ros2_custom_msgs/install/server_to_fms/include/server_to_fms/server_to_fms/msg/rosidl_generator_c__visibility_control.h
-- Up-to-date: /home/addinedu/ros2_custom_msgs/install/server_to_fms/share/server_to_fms/environment/library_path.sh
-- Up-to-date: /home/addinedu/ros2_custom_msgs/install/server_to_fms/share/server_to_fms/environment/library_path.dsv
-- Installing: /home/addinedu/ros2_custom_msgs/install/server_to_fms/lib/libserver_to_fms__rosidl_generator_c.so
-- Set non-toolchain portion of runtime path of "/home/addinedu/ros2_custom_msgs/install/server_to_fms/lib/libserver_to_fms__rosidl_generator_c.so" to ""
-- Up-to-date: /home/addinedu/ros2_custom_msgs/install/server_to_fms/include/server_to_fms/server_to_fms
-- Up-to-date: /home/addinedu/ros2_custom_msgs/install/server_to_fms/include/server_to_fms/server_to_fms/srv
-- Up-to-date: /home/addinedu/ros2_custom_msgs/install/server_to_fms/include/server_to_fms/server_to_fms/srv/detail
-- Installing: /home/addinedu/ros2_custom_msgs/install/server_to_fms/include/server_to_fms/server_to_fms/srv/detail/try_on_request__rosidl_typesupport_fastrtps_c.h
-- Up-to-date: /home/addinedu/ros2_custom_msgs/install/server_to_fms/include/server_to_fms/server_to_fms/msg
-- Up-to-date: /home/addinedu/ros2_custom_msgs/install/server_to_fms/include/server_to_fms/server_to_fms/msg/rosidl_typesupport_fastrtps_c__visibility_control.h
-- Installing: /home/addinedu/ros2_custom_msgs/install/server_to_fms/lib/libserver_to_fms__rosidl_typesupport_fastrtps_c.so
-- Set non-toolchain portion of runtime path of "/home/addinedu/ros2_custom_msgs/install/server_to_fms/lib/libserver_to_fms__rosidl_typesupport_fastrtps_c.so" to ""
-- Up-to-date: /home/addinedu/ros2_custom_msgs/install/server_to_fms/include/server_to_fms/server_to_fms
-- Up-to-date: /home/addinedu/ros2_custom_msgs/install/server_to_fms/include/server_to_fms/server_to_fms/srv
-- Up-to-date: /home/addinedu/ros2_custom_msgs/install/server_to_fms/include/server_to_fms/server_to_fms/srv/detail
-- Installing: /home/addinedu/ros2_custom_msgs/install/server_to_fms/include/server_to_fms/server_to_fms/srv/detail/try_on_request__rosidl_typesupport_introspection_c.h
-- Installing: /home/addinedu/ros2_custom_msgs/install/server_to_fms/include/server_to_fms/server_to_fms/srv/detail/try_on_request__type_support.c
-- Up-to-date: /home/addinedu/ros2_custom_msgs/install/server_to_fms/include/server_to_fms/server_to_fms/msg
-- Up-to-date: /home/addinedu/ros2_custom_msgs/install/server_to_fms/include/server_to_fms/server_to_fms/msg/rosidl_typesupport_introspection_c__visibility_control.h
-- Installing: /home/addinedu/ros2_custom_msgs/install/server_to_fms/lib/libserver_to_fms__rosidl_typesupport_introspection_c.so
-- Set non-toolchain portion of runtime path of "/home/addinedu/ros2_custom_msgs/install/server_to_fms/lib/libserver_to_fms__rosidl_typesupport_introspection_c.so" to ""
-- Installing: /home/addinedu/ros2_custom_msgs/install/server_to_fms/lib/libserver_to_fms__rosidl_typesupport_c.so
-- Set non-toolchain portion of runtime path of "/home/addinedu/ros2_custom_msgs/install/server_to_fms/lib/libserver_to_fms__rosidl_typesupport_c.so" to ""
-- Up-to-date: /home/addinedu/ros2_custom_msgs/install/server_to_fms/include/server_to_fms/server_to_fms
-- Up-to-date: /home/addinedu/ros2_custom_msgs/install/server_to_fms/include/server_to_fms/server_to_fms/srv
-- Up-to-date: /home/addinedu/ros2_custom_msgs/install/server_to_fms/include/server_to_fms/server_to_fms/srv/detail
-- Installing: /home/addinedu/ros2_custom_msgs/install/server_to_fms/include/server_to_fms/server_to_fms/srv/detail/try_on_request__struct.hpp
-- Installing: /home/addinedu/ros2_custom_msgs/install/server_to_fms/include/server_to_fms/server_to_fms/srv/detail/try_on_request__builder.hpp
-- Installing: /home/addinedu/ros2_custom_msgs/install/server_to_fms/include/server_to_fms/server_to_fms/srv/detail/try_on_request__traits.hpp
-- Installing: /home/addinedu/ros2_custom_msgs/install/server_to_fms/include/server_to_fms/server_to_fms/srv/detail/try_on_request__type_support.hpp
-- Installing: /home/addinedu/ros2_custom_msgs/install/server_to_fms/include/server_to_fms/server_to_fms/srv/try_on_request.hpp
-- Up-to-date: /home/addinedu/ros2_custom_msgs/install/server_to_fms/include/server_to_fms/server_to_fms/msg
-- Installing: /home/addinedu/ros2_custom_msgs/install/server_to_fms/include/server_to_fms/server_to_fms/msg/rosidl_generator_cpp__visibility_control.hpp
-- Up-to-date: /home/addinedu/ros2_custom_msgs/install/server_to_fms/include/server_to_fms/server_to_fms
-- Up-to-date: /home/addinedu/ros2_custom_msgs/install/server_to_fms/include/server_to_fms/server_to_fms/srv
-- Up-to-date: /home/addinedu/ros2_custom_msgs/install/server_to_fms/include/server_to_fms/server_to_fms/srv/detail
-- Up-to-date: /home/addinedu/ros2_custom_msgs/install/server_to_fms/include/server_to_fms/server_to_fms/srv/detail/dds_fastrtps
-- Installing: /home/addinedu/ros2_custom_msgs/install/server_to_fms/include/server_to_fms/server_to_fms/srv/detail/try_on_request__rosidl_typesupport_fastrtps_cpp.hpp
-- Up-to-date: /home/addinedu/ros2_custom_msgs/install/server_to_fms/include/server_to_fms/server_to_fms/msg
-- Up-to-date: /home/addinedu/ros2_custom_msgs/install/server_to_fms/include/server_to_fms/server_to_fms/msg/rosidl_typesupport_fastrtps_cpp__visibility_control.h
-- Installing: /home/addinedu/ros2_custom_msgs/install/server_to_fms/lib/libserver_to_fms__rosidl_typesupport_fastrtps_cpp.so
-- Set non-toolchain portion of runtime path of "/home/addinedu/ros2_custom_msgs/install/server_to_fms/lib/libserver_to_fms__rosidl_typesupport_fastrtps_cpp.so" to ""
-- Up-to-date: /home/addinedu/ros2_custom_msgs/install/server_to_fms/include/server_to_fms/server_to_fms
-- Up-to-date: /home/addinedu/ros2_custom_msgs/install/server_to_fms/include/server_to_fms/server_to_fms/srv
-- Up-to-date: /home/addinedu/ros2_custom_msgs/install/server_to_fms/include/server_to_fms/server_to_fms/srv/detail
-- Installing: /home/addinedu/ros2_custom_msgs/install/server_to_fms/include/server_to_fms/server_to_fms/srv/detail/try_on_request__type_support.cpp
-- Installing: /home/addinedu/ros2_custom_msgs/install/server_to_fms/include/server_to_fms/server_to_fms/srv/detail/try_on_request__rosidl_typesupport_introspection_cpp.hpp
-- Installing: /home/addinedu/ros2_custom_msgs/install/server_to_fms/lib/libserver_to_fms__rosidl_typesupport_introspection_cpp.so
-- Set non-toolchain portion of runtime path of "/home/addinedu/ros2_custom_msgs/install/server_to_fms/lib/libserver_to_fms__rosidl_typesupport_introspection_cpp.so" to ""
-- Installing: /home/addinedu/ros2_custom_msgs/install/server_to_fms/lib/libserver_to_fms__rosidl_typesupport_cpp.so
-- Set non-toolchain portion of runtime path of "/home/addinedu/ros2_custom_msgs/install/server_to_fms/lib/libserver_to_fms__rosidl_typesupport_cpp.so" to ""
-- Up-to-date: /home/addinedu/ros2_custom_msgs/install/server_to_fms/share/server_to_fms/environment/pythonpath.sh
-- Up-to-date: /home/addinedu/ros2_custom_msgs/install/server_to_fms/share/server_to_fms/environment/pythonpath.dsv
-- Up-to-date: /home/addinedu/ros2_custom_msgs/install/server_to_fms/lib/python3.12/site-packages/server_to_fms-0.0.0-py3.12.egg-info
-- Installing: /home/addinedu/ros2_custom_msgs/install/server_to_fms/lib/python3.12/site-packages/server_to_fms-0.0.0-py3.12.egg-info/top_level.txt
-- Installing: /home/addinedu/ros2_custom_msgs/install/server_to_fms/lib/python3.12/site-packages/server_to_fms-0.0.0-py3.12.egg-info/dependency_links.txt
-- Installing: /home/addinedu/ros2_custom_msgs/install/server_to_fms/lib/python3.12/site-packages/server_to_fms-0.0.0-py3.12.egg-info/SOURCES.txt
-- Installing: /home/addinedu/ros2_custom_msgs/install/server_to_fms/lib/python3.12/site-packages/server_to_fms-0.0.0-py3.12.egg-info/PKG-INFO
-- Up-to-date: /home/addinedu/ros2_custom_msgs/install/server_to_fms/lib/python3.12/site-packages/server_to_fms
-- Installing: /home/addinedu/ros2_custom_msgs/install/server_to_fms/lib/python3.12/site-packages/server_to_fms/_server_to_fms_s.ep.rosidl_typesupport_c.c
-- Up-to-date: /home/addinedu/ros2_custom_msgs/install/server_to_fms/lib/python3.12/site-packages/server_to_fms/srv
-- Installing: /home/addinedu/ros2_custom_msgs/install/server_to_fms/lib/python3.12/site-packages/server_to_fms/srv/_try_on_request.py
-- Installing: /home/addinedu/ros2_custom_msgs/install/server_to_fms/lib/python3.12/site-packages/server_to_fms/srv/_try_on_request_s.c
-- Installing: /home/addinedu/ros2_custom_msgs/install/server_to_fms/lib/python3.12/site-packages/server_to_fms/srv/__init__.py
-- Installing: /home/addinedu/ros2_custom_msgs/install/server_to_fms/lib/python3.12/site-packages/server_to_fms/server_to_fms_s__rosidl_typesupport_c.so
-- Installing: /home/addinedu/ros2_custom_msgs/install/server_to_fms/lib/python3.12/site-packages/server_to_fms/_server_to_fms_s.ep.rosidl_typesupport_introspection_c.c
-- Installing: /home/addinedu/ros2_custom_msgs/install/server_to_fms/lib/python3.12/site-packages/server_to_fms/__init__.py
-- Installing: /home/addinedu/ros2_custom_msgs/install/server_to_fms/lib/python3.12/site-packages/server_to_fms/_server_to_fms_s.ep.rosidl_typesupport_fastrtps_c.c
-- Installing: /home/addinedu/ros2_custom_msgs/install/server_to_fms/lib/python3.12/site-packages/server_to_fms/server_to_fms_s__rosidl_typesupport_fastrtps_c.so
-- Installing: /home/addinedu/ros2_custom_msgs/install/server_to_fms/lib/python3.12/site-packages/server_to_fms/server_to_fms_s__rosidl_typesupport_introspection_c.so
Listing '/home/addinedu/ros2_custom_msgs/install/server_to_fms/lib/python3.12/site-packages/server_to_fms'...
Compiling '/home/addinedu/ros2_custom_msgs/install/server_to_fms/lib/python3.12/site-packages/server_to_fms/__init__.py'...
Listing '/home/addinedu/ros2_custom_msgs/install/server_to_fms/lib/python3.12/site-packages/server_to_fms/srv'...
Compiling '/home/addinedu/ros2_custom_msgs/install/server_to_fms/lib/python3.12/site-packages/server_to_fms/srv/__init__.py'...
Compiling '/home/addinedu/ros2_custom_msgs/install/server_to_fms/lib/python3.12/site-packages/server_to_fms/srv/_try_on_request.py'...
-- Installing: /home/addinedu/ros2_custom_msgs/install/server_to_fms/lib/python3.12/site-packages/server_to_fms/server_to_fms_s__rosidl_typesupport_fastrtps_c.so
-- Set non-toolchain portion of runtime path of "/home/addinedu/ros2_custom_msgs/install/server_to_fms/lib/python3.12/site-packages/server_to_fms/server_to_fms_s__rosidl_typesupport_fastrtps_c.so" to ""
-- Installing: /home/addinedu/ros2_custom_msgs/install/server_to_fms/lib/python3.12/site-packages/server_to_fms/server_to_fms_s__rosidl_typesupport_introspection_c.so
-- Set non-toolchain portion of runtime path of "/home/addinedu/ros2_custom_msgs/install/server_to_fms/lib/python3.12/site-packages/server_to_fms/server_to_fms_s__rosidl_typesupport_introspection_c.so" to ""
-- Installing: /home/addinedu/ros2_custom_msgs/install/server_to_fms/lib/python3.12/site-packages/server_to_fms/server_to_fms_s__rosidl_typesupport_c.so
-- Set non-toolchain portion of runtime path of "/home/addinedu/ros2_custom_msgs/install/server_to_fms/lib/python3.12/site-packages/server_to_fms/server_to_fms_s__rosidl_typesupport_c.so" to ""
-- Installing: /home/addinedu/ros2_custom_msgs/install/server_to_fms/lib/libserver_to_fms__rosidl_generator_py.so
-- Set non-toolchain portion of runtime path of "/home/addinedu/ros2_custom_msgs/install/server_to_fms/lib/libserver_to_fms__rosidl_generator_py.so" to ""
-- Installing: /home/addinedu/ros2_custom_msgs/install/server_to_fms/share/server_to_fms/srv/TryOnRequest.idl
-- Installing: /home/addinedu/ros2_custom_msgs/install/server_to_fms/share/server_to_fms/srv/TryOnRequest.srv
-- Up-to-date: /home/addinedu/ros2_custom_msgs/install/server_to_fms/share/ament_index/resource_index/package_run_dependencies/server_to_fms
-- Up-to-date: /home/addinedu/ros2_custom_msgs/install/server_to_fms/share/ament_index/resource_index/parent_prefix_path/server_to_fms
-- Up-to-date: /home/addinedu/ros2_custom_msgs/install/server_to_fms/share/server_to_fms/environment/ament_prefix_path.sh
-- Up-to-date: /home/addinedu/ros2_custom_msgs/install/server_to_fms/share/server_to_fms/environment/ament_prefix_path.dsv
-- Up-to-date: /home/addinedu/ros2_custom_msgs/install/server_to_fms/share/server_to_fms/environment/path.sh
-- Up-to-date: /home/addinedu/ros2_custom_msgs/install/server_to_fms/share/server_to_fms/environment/path.dsv
-- Up-to-date: /home/addinedu/ros2_custom_msgs/install/server_to_fms/share/server_to_fms/local_setup.bash
-- Up-to-date: /home/addinedu/ros2_custom_msgs/install/server_to_fms/share/server_to_fms/local_setup.sh
-- Up-to-date: /home/addinedu/ros2_custom_msgs/install/server_to_fms/share/server_to_fms/local_setup.zsh
-- Up-to-date: /home/addinedu/ros2_custom_msgs/install/server_to_fms/share/server_to_fms/local_setup.dsv
-- Installing: /home/addinedu/ros2_custom_msgs/install/server_to_fms/share/server_to_fms/package.dsv
-- Up-to-date: /home/addinedu/ros2_custom_msgs/install/server_to_fms/share/ament_index/resource_index/packages/server_to_fms
-- Up-to-date: /home/addinedu/ros2_custom_msgs/install/server_to_fms/share/server_to_fms/cmake/export_server_to_fms__rosidl_generator_cExport.cmake
-- Up-to-date: /home/addinedu/ros2_custom_msgs/install/server_to_fms/share/server_to_fms/cmake/export_server_to_fms__rosidl_generator_cExport-noconfig.cmake
-- Up-to-date: /home/addinedu/ros2_custom_msgs/install/server_to_fms/share/server_to_fms/cmake/export_server_to_fms__rosidl_typesupport_fastrtps_cExport.cmake
-- Up-to-date: /home/addinedu/ros2_custom_msgs/install/server_to_fms/share/server_to_fms/cmake/export_server_to_fms__rosidl_typesupport_fastrtps_cExport-noconfig.cmake
-- Up-to-date: /home/addinedu/ros2_custom_msgs/install/server_to_fms/share/server_to_fms/cmake/server_to_fms__rosidl_typesupport_introspection_cExport.cmake
-- Up-to-date: /home/addinedu/ros2_custom_msgs/install/server_to_fms/share/server_to_fms/cmake/server_to_fms__rosidl_typesupport_introspection_cExport-noconfig.cmake
-- Up-to-date: /home/addinedu/ros2_custom_msgs/install/server_to_fms/share/server_to_fms/cmake/server_to_fms__rosidl_typesupport_cExport.cmake
-- Up-to-date: /home/addinedu/ros2_custom_msgs/install/server_to_fms/share/server_to_fms/cmake/server_to_fms__rosidl_typesupport_cExport-noconfig.cmake
-- Up-to-date: /home/addinedu/ros2_custom_msgs/install/server_to_fms/share/server_to_fms/cmake/export_server_to_fms__rosidl_generator_cppExport.cmake
-- Up-to-date: /home/addinedu/ros2_custom_msgs/install/server_to_fms/share/server_to_fms/cmake/export_server_to_fms__rosidl_typesupport_fastrtps_cppExport.cmake
-- Up-to-date: /home/addinedu/ros2_custom_msgs/install/server_to_fms/share/server_to_fms/cmake/export_server_to_fms__rosidl_typesupport_fastrtps_cppExport-noconfig.cmake
-- Up-to-date: /home/addinedu/ros2_custom_msgs/install/server_to_fms/share/server_to_fms/cmake/server_to_fms__rosidl_typesupport_introspection_cppExport.cmake
-- Up-to-date: /home/addinedu/ros2_custom_msgs/install/server_to_fms/share/server_to_fms/cmake/server_to_fms__rosidl_typesupport_introspection_cppExport-noconfig.cmake
-- Up-to-date: /home/addinedu/ros2_custom_msgs/install/server_to_fms/share/server_to_fms/cmake/server_to_fms__rosidl_typesupport_cppExport.cmake
-- Up-to-date: /home/addinedu/ros2_custom_msgs/install/server_to_fms/share/server_to_fms/cmake/server_to_fms__rosidl_typesupport_cppExport-noconfig.cmake
-- Up-to-date: /home/addinedu/ros2_custom_msgs/install/server_to_fms/share/server_to_fms/cmake/export_server_to_fms__rosidl_generator_pyExport.cmake
-- Up-to-date: /home/addinedu/ros2_custom_msgs/install/server_to_fms/share/server_to_fms/cmake/export_server_to_fms__rosidl_generator_pyExport-noconfig.cmake
-- Up-to-date: /home/addinedu/ros2_custom_msgs/install/server_to_fms/share/server_to_fms/cmake/rosidl_cmake-extras.cmake
-- Up-to-date: /home/addinedu/ros2_custom_msgs/install/server_to_fms/share/server_to_fms/cmake/ament_cmake_export_dependencies-extras.cmake
-- Up-to-date: /home/addinedu/ros2_custom_msgs/install/server_to_fms/share/server_to_fms/cmake/ament_cmake_export_include_directories-extras.cmake
-- Up-to-date: /home/addinedu/ros2_custom_msgs/install/server_to_fms/share/server_to_fms/cmake/ament_cmake_export_libraries-extras.cmake
-- Up-to-date: /home/addinedu/ros2_custom_msgs/install/server_to_fms/share/server_to_fms/cmake/ament_cmake_export_targets-extras.cmake
-- Up-to-date: /home/addinedu/ros2_custom_msgs/install/server_to_fms/share/server_to_fms/cmake/rosidl_cmake_export_typesupport_targets-extras.cmake
-- Up-to-date: /home/addinedu/ros2_custom_msgs/install/server_to_fms/share/server_to_fms/cmake/rosidl_cmake_export_typesupport_libraries-extras.cmake
-- Up-to-date: /home/addinedu/ros2_custom_msgs/install/server_to_fms/share/server_to_fms/cmake/server_to_fmsConfig.cmake
-- Up-to-date: /home/addinedu/ros2_custom_msgs/install/server_to_fms/share/server_to_fms/cmake/server_to_fmsConfig-version.cmake
-- Up-to-date: /home/addinedu/ros2_custom_msgs/install/server_to_fms/share/server_to_fms/package.xml
