[0.015s] Invoking command in '/home/addinedu/ros2_custom_msgs/build/server_to_fms': CMAKE_PREFIX_PATH=${CMAKE_PREFIX_PATH}:/home/addinedu/pinky_violet/install/pinky_emotion:/home/addinedu/pinky_violet/install/pinky_bringup:/opt/ros/jazzy DEBUGINFOD_URLS=https://debuginfod.ubuntu.com /usr/bin/cmake /home/addinedu/ros2_custom_msgs/src/server_to_fms -DCMAKE_INSTALL_PREFIX=/home/addinedu/ros2_custom_msgs/install/server_to_fms
[0.040s] -- Found ament_cmake: 2.5.4 (/opt/ros/jazzy/share/ament_cmake/cmake)
[0.399s] -- Found rosidl_default_generators: 1.6.0 (/opt/ros/jazzy/share/rosidl_default_generators/cmake)
[0.403s] -- Using all available rosidl_typesupport_c: rosidl_typesupport_fastrtps_c;rosidl_typesupport_introspection_c
[0.485s] -- Using all available rosidl_typesupport_cpp: rosidl_typesupport_fastrtps_cpp;rosidl_typesupport_introspection_cpp
[0.556s] -- Found rosidl_adapter: 4.6.5 (/opt/ros/jazzy/share/rosidl_adapter/cmake)
[1.694s] -- Found ament_cmake_ros: 0.12.0 (/opt/ros/jazzy/share/ament_cmake_ros/cmake)
[2.442s] -- Using all available rosidl_typesupport_c: rosidl_typesupport_fastrtps_c;rosidl_typesupport_introspection_c
[3.408s] -- Using all available rosidl_typesupport_cpp: rosidl_typesupport_fastrtps_cpp;rosidl_typesupport_introspection_cpp
[3.415s] -- Found python_cmake_module: 0.11.1 (/opt/ros/jazzy/share/python_cmake_module/cmake)
[3.674s] -- Found PythonExtra: /usr/bin/python3  
[4.386s] -- Found Python3: /usr/bin/python3 (found version "3.12.3") found components: Interpreter Development NumPy Development.Module Development.Embed 
[4.444s] -- Found ament_lint_auto: 0.17.2 (/opt/ros/jazzy/share/ament_lint_auto/cmake)
[4.524s] -- Added test 'lint_cmake' to check CMake code style
[4.526s] -- Added test 'xmllint' to check XML markup files
[4.532s] -- Configuring done (4.5s)
[4.603s] -- Generating done (0.1s)
[4.631s] -- Build files have been written to: /home/addinedu/ros2_custom_msgs/build/server_to_fms
[4.645s] Invoked command in '/home/addinedu/ros2_custom_msgs/build/server_to_fms' returned '0': CMAKE_PREFIX_PATH=${CMAKE_PREFIX_PATH}:/home/addinedu/pinky_violet/install/pinky_emotion:/home/addinedu/pinky_violet/install/pinky_bringup:/opt/ros/jazzy DEBUGINFOD_URLS=https://debuginfod.ubuntu.com /usr/bin/cmake /home/addinedu/ros2_custom_msgs/src/server_to_fms -DCMAKE_INSTALL_PREFIX=/home/addinedu/ros2_custom_msgs/install/server_to_fms
[4.648s] Invoking command in '/home/addinedu/ros2_custom_msgs/build/server_to_fms': CMAKE_PREFIX_PATH=${CMAKE_PREFIX_PATH}:/home/addinedu/pinky_violet/install/pinky_emotion:/home/addinedu/pinky_violet/install/pinky_bringup:/opt/ros/jazzy DEBUGINFOD_URLS=https://debuginfod.ubuntu.com /usr/bin/cmake --build /home/addinedu/ros2_custom_msgs/build/server_to_fms -- -j16 -l16
[4.803s] [  2%] [34m[1mGenerating type hashes for ROS interfaces[0m
[4.834s] [  2%] Built target ament_cmake_python_copy_server_to_fms
[5.208s] [  2%] Built target server_to_fms__rosidl_generator_type_description
[5.244s] [  5%] [34m[1mGenerating C code for ROS interfaces[0m
[5.273s] [  8%] [34m[1mGenerating C++ code for ROS interfaces[0m
[5.410s] running egg_info
[5.500s] writing server_to_fms.egg-info/PKG-INFO
[5.501s] writing dependency_links to server_to_fms.egg-info/dependency_links.txt
[5.501s] writing top-level names to server_to_fms.egg-info/top_level.txt
[5.707s] reading manifest file 'server_to_fms.egg-info/SOURCES.txt'
[5.708s] writing manifest file 'server_to_fms.egg-info/SOURCES.txt'
[5.783s] [  8%] Built target ament_cmake_python_build_server_to_fms_egg
[5.987s] [  8%] Built target server_to_fms__cpp
[6.014s] [ 14%] [32mBuilding C object CMakeFiles/server_to_fms__rosidl_generator_c.dir/rosidl_generator_c/server_to_fms/srv/detail/try_on_request__description.c.o[0m
[6.014s] [ 14%] [32mBuilding C object CMakeFiles/server_to_fms__rosidl_generator_c.dir/rosidl_generator_c/server_to_fms/srv/detail/try_on_request__functions.c.o[0m
[6.014s] [ 17%] [32mBuilding C object CMakeFiles/server_to_fms__rosidl_generator_c.dir/rosidl_generator_c/server_to_fms/srv/detail/try_on_request__type_support.c.o[0m
[6.192s] [ 20%] [32m[1mLinking C shared library libserver_to_fms__rosidl_generator_c.so[0m
[6.284s] [ 20%] Built target server_to_fms__rosidl_generator_c
[6.315s] [ 29%] [34m[1mGenerating C++ introspection for ROS interfaces[0m
[6.315s] [ 38%] [34m[1mGenerating C type support for eProsima Fast-RTPS[0m
[6.315s] [ 38%] [34m[1mGenerating C type support dispatch for ROS interfaces[0m
[6.316s] [ 38%] [34m[1mGenerating C introspection for ROS interfaces[0m
[6.316s] [ 38%] [34m[1mGenerating C++ type support for eProsima Fast-RTPS[0m
[6.316s] [ 38%] [34m[1mGenerating C++ type support dispatch for ROS interfaces[0m
[7.024s] [ 41%] [32mBuilding CXX object CMakeFiles/server_to_fms__rosidl_typesupport_c.dir/rosidl_typesupport_c/server_to_fms/srv/try_on_request__type_support.cpp.o[0m
[7.025s] [ 44%] [32mBuilding CXX object CMakeFiles/server_to_fms__rosidl_typesupport_cpp.dir/rosidl_typesupport_cpp/server_to_fms/srv/try_on_request__type_support.cpp.o[0m
[7.093s] [ 47%] [32mBuilding C object CMakeFiles/server_to_fms__rosidl_typesupport_introspection_c.dir/rosidl_typesupport_introspection_c/server_to_fms/srv/detail/try_on_request__type_support.c.o[0m
[7.098s] [ 50%] [32mBuilding CXX object CMakeFiles/server_to_fms__rosidl_typesupport_introspection_cpp.dir/rosidl_typesupport_introspection_cpp/server_to_fms/srv/detail/try_on_request__type_support.cpp.o[0m
[7.160s] [ 52%] [32m[1mLinking CXX shared library libserver_to_fms__rosidl_typesupport_c.so[0m
[7.217s] [ 55%] [32mBuilding CXX object CMakeFiles/server_to_fms__rosidl_typesupport_fastrtps_cpp.dir/rosidl_typesupport_fastrtps_cpp/server_to_fms/srv/detail/dds_fastrtps/try_on_request__type_support.cpp.o[0m
[7.237s] [ 58%] [32m[1mLinking C shared library libserver_to_fms__rosidl_typesupport_introspection_c.so[0m
[7.254s] [ 61%] [32mBuilding CXX object CMakeFiles/server_to_fms__rosidl_typesupport_fastrtps_c.dir/rosidl_typesupport_fastrtps_c/server_to_fms/srv/detail/try_on_request__type_support_c.cpp.o[0m
[7.307s] [ 61%] Built target server_to_fms__rosidl_typesupport_c
[7.346s] [ 61%] Built target server_to_fms__rosidl_typesupport_introspection_c
[8.021s] [ 64%] [32m[1mLinking CXX shared library libserver_to_fms__rosidl_typesupport_cpp.so[0m
[8.159s] [ 67%] [32m[1mLinking CXX shared library libserver_to_fms__rosidl_typesupport_introspection_cpp.so[0m
[8.223s] [ 67%] Built target server_to_fms__rosidl_typesupport_cpp
[8.342s] [ 67%] Built target server_to_fms__rosidl_typesupport_introspection_cpp
[8.462s] [ 70%] [32m[1mLinking CXX shared library libserver_to_fms__rosidl_typesupport_fastrtps_c.so[0m
[8.627s] [ 70%] Built target server_to_fms__rosidl_typesupport_fastrtps_c
[8.675s] [ 73%] [32m[1mLinking CXX shared library libserver_to_fms__rosidl_typesupport_fastrtps_cpp.so[0m
[8.820s] [ 73%] Built target server_to_fms__rosidl_typesupport_fastrtps_cpp
[8.859s] [ 73%] Built target server_to_fms
[8.913s] [ 76%] [34m[1mGenerating Python code for ROS interfaces[0m
[9.456s] [ 76%] Built target server_to_fms__py
[9.512s] [ 79%] [32mBuilding C object CMakeFiles/server_to_fms__rosidl_generator_py.dir/rosidl_generator_py/server_to_fms/srv/_try_on_request_s.c.o[0m
[9.777s] [ 82%] [32m[1mLinking C shared library libserver_to_fms__rosidl_generator_py.so[0m
[9.845s] [ 82%] Built target server_to_fms__rosidl_generator_py
[9.915s] [ 91%] [32mBuilding C object CMakeFiles/server_to_fms_s__rosidl_typesupport_fastrtps_c.dir/rosidl_generator_py/server_to_fms/_server_to_fms_s.ep.rosidl_typesupport_fastrtps_c.c.o[0m
[9.915s] [ 91%] [32mBuilding C object CMakeFiles/server_to_fms_s__rosidl_typesupport_introspection_c.dir/rosidl_generator_py/server_to_fms/_server_to_fms_s.ep.rosidl_typesupport_introspection_c.c.o[0m
[9.915s] [ 91%] [32mBuilding C object CMakeFiles/server_to_fms_s__rosidl_typesupport_c.dir/rosidl_generator_py/server_to_fms/_server_to_fms_s.ep.rosidl_typesupport_c.c.o[0m
[10.183s] [ 97%] [32m[1mLinking C shared module rosidl_generator_py/server_to_fms/server_to_fms_s__rosidl_typesupport_introspection_c.so[0m
[10.183s] [ 97%] [32m[1mLinking C shared module rosidl_generator_py/server_to_fms/server_to_fms_s__rosidl_typesupport_c.so[0m
[10.203s] [100%] [32m[1mLinking C shared module rosidl_generator_py/server_to_fms/server_to_fms_s__rosidl_typesupport_fastrtps_c.so[0m
[10.272s] [100%] Built target server_to_fms_s__rosidl_typesupport_introspection_c
[10.273s] [100%] Built target server_to_fms_s__rosidl_typesupport_c
[10.299s] [100%] Built target server_to_fms_s__rosidl_typesupport_fastrtps_c
[10.333s] Invoked command in '/home/addinedu/ros2_custom_msgs/build/server_to_fms' returned '0': CMAKE_PREFIX_PATH=${CMAKE_PREFIX_PATH}:/home/addinedu/pinky_violet/install/pinky_emotion:/home/addinedu/pinky_violet/install/pinky_bringup:/opt/ros/jazzy DEBUGINFOD_URLS=https://debuginfod.ubuntu.com /usr/bin/cmake --build /home/addinedu/ros2_custom_msgs/build/server_to_fms -- -j16 -l16
[10.363s] Invoking command in '/home/addinedu/ros2_custom_msgs/build/server_to_fms': CMAKE_PREFIX_PATH=${CMAKE_PREFIX_PATH}:/home/addinedu/pinky_violet/install/pinky_emotion:/home/addinedu/pinky_violet/install/pinky_bringup:/opt/ros/jazzy DEBUGINFOD_URLS=https://debuginfod.ubuntu.com /usr/bin/cmake --install /home/addinedu/ros2_custom_msgs/build/server_to_fms
[10.392s] -- Install configuration: ""
[10.392s] -- Up-to-date: /home/addinedu/ros2_custom_msgs/install/server_to_fms/share/ament_index/resource_index/rosidl_interfaces/server_to_fms
[10.392s] -- Installing: /home/addinedu/ros2_custom_msgs/install/server_to_fms/share/server_to_fms/srv/TryOnRequest.json
[10.393s] -- Up-to-date: /home/addinedu/ros2_custom_msgs/install/server_to_fms/include/server_to_fms/server_to_fms
[10.393s] -- Up-to-date: /home/addinedu/ros2_custom_msgs/install/server_to_fms/include/server_to_fms/server_to_fms/srv
[10.393s] -- Up-to-date: /home/addinedu/ros2_custom_msgs/install/server_to_fms/include/server_to_fms/server_to_fms/srv/detail
[10.394s] -- Installing: /home/addinedu/ros2_custom_msgs/install/server_to_fms/include/server_to_fms/server_to_fms/srv/detail/try_on_request__functions.h
[10.394s] -- Installing: /home/addinedu/ros2_custom_msgs/install/server_to_fms/include/server_to_fms/server_to_fms/srv/detail/try_on_request__type_support.h
[10.394s] -- Installing: /home/addinedu/ros2_custom_msgs/install/server_to_fms/include/server_to_fms/server_to_fms/srv/detail/try_on_request__description.c
[10.394s] -- Installing: /home/addinedu/ros2_custom_msgs/install/server_to_fms/include/server_to_fms/server_to_fms/srv/detail/try_on_request__functions.c
[10.395s] -- Installing: /home/addinedu/ros2_custom_msgs/install/server_to_fms/include/server_to_fms/server_to_fms/srv/detail/try_on_request__struct.h
[10.395s] -- Installing: /home/addinedu/ros2_custom_msgs/install/server_to_fms/include/server_to_fms/server_to_fms/srv/detail/try_on_request__type_support.c
[10.396s] -- Installing: /home/addinedu/ros2_custom_msgs/install/server_to_fms/include/server_to_fms/server_to_fms/srv/try_on_request.h
[10.396s] -- Up-to-date: /home/addinedu/ros2_custom_msgs/install/server_to_fms/include/server_to_fms/server_to_fms/msg
[10.396s] -- Up-to-date: /home/addinedu/ros2_custom_msgs/install/server_to_fms/include/server_to_fms/server_to_fms/msg/rosidl_generator_c__visibility_control.h
[10.396s] -- Up-to-date: /home/addinedu/ros2_custom_msgs/install/server_to_fms/share/server_to_fms/environment/library_path.sh
[10.397s] -- Up-to-date: /home/addinedu/ros2_custom_msgs/install/server_to_fms/share/server_to_fms/environment/library_path.dsv
[10.397s] -- Installing: /home/addinedu/ros2_custom_msgs/install/server_to_fms/lib/libserver_to_fms__rosidl_generator_c.so
[10.398s] -- Set non-toolchain portion of runtime path of "/home/addinedu/ros2_custom_msgs/install/server_to_fms/lib/libserver_to_fms__rosidl_generator_c.so" to ""
[10.398s] -- Up-to-date: /home/addinedu/ros2_custom_msgs/install/server_to_fms/include/server_to_fms/server_to_fms
[10.398s] -- Up-to-date: /home/addinedu/ros2_custom_msgs/install/server_to_fms/include/server_to_fms/server_to_fms/srv
[10.398s] -- Up-to-date: /home/addinedu/ros2_custom_msgs/install/server_to_fms/include/server_to_fms/server_to_fms/srv/detail
[10.399s] -- Installing: /home/addinedu/ros2_custom_msgs/install/server_to_fms/include/server_to_fms/server_to_fms/srv/detail/try_on_request__rosidl_typesupport_fastrtps_c.h
[10.399s] -- Up-to-date: /home/addinedu/ros2_custom_msgs/install/server_to_fms/include/server_to_fms/server_to_fms/msg
[10.399s] -- Up-to-date: /home/addinedu/ros2_custom_msgs/install/server_to_fms/include/server_to_fms/server_to_fms/msg/rosidl_typesupport_fastrtps_c__visibility_control.h
[10.399s] -- Installing: /home/addinedu/ros2_custom_msgs/install/server_to_fms/lib/libserver_to_fms__rosidl_typesupport_fastrtps_c.so
[10.400s] -- Set non-toolchain portion of runtime path of "/home/addinedu/ros2_custom_msgs/install/server_to_fms/lib/libserver_to_fms__rosidl_typesupport_fastrtps_c.so" to ""
[10.401s] -- Up-to-date: /home/addinedu/ros2_custom_msgs/install/server_to_fms/include/server_to_fms/server_to_fms
[10.401s] -- Up-to-date: /home/addinedu/ros2_custom_msgs/install/server_to_fms/include/server_to_fms/server_to_fms/srv
[10.401s] -- Up-to-date: /home/addinedu/ros2_custom_msgs/install/server_to_fms/include/server_to_fms/server_to_fms/srv/detail
[10.401s] -- Installing: /home/addinedu/ros2_custom_msgs/install/server_to_fms/include/server_to_fms/server_to_fms/srv/detail/try_on_request__rosidl_typesupport_introspection_c.h
[10.401s] -- Installing: /home/addinedu/ros2_custom_msgs/install/server_to_fms/include/server_to_fms/server_to_fms/srv/detail/try_on_request__type_support.c
[10.402s] -- Up-to-date: /home/addinedu/ros2_custom_msgs/install/server_to_fms/include/server_to_fms/server_to_fms/msg
[10.402s] -- Up-to-date: /home/addinedu/ros2_custom_msgs/install/server_to_fms/include/server_to_fms/server_to_fms/msg/rosidl_typesupport_introspection_c__visibility_control.h
[10.402s] -- Installing: /home/addinedu/ros2_custom_msgs/install/server_to_fms/lib/libserver_to_fms__rosidl_typesupport_introspection_c.so
[10.403s] -- Set non-toolchain portion of runtime path of "/home/addinedu/ros2_custom_msgs/install/server_to_fms/lib/libserver_to_fms__rosidl_typesupport_introspection_c.so" to ""
[10.404s] -- Installing: /home/addinedu/ros2_custom_msgs/install/server_to_fms/lib/libserver_to_fms__rosidl_typesupport_c.so
[10.405s] -- Set non-toolchain portion of runtime path of "/home/addinedu/ros2_custom_msgs/install/server_to_fms/lib/libserver_to_fms__rosidl_typesupport_c.so" to ""
[10.405s] -- Up-to-date: /home/addinedu/ros2_custom_msgs/install/server_to_fms/include/server_to_fms/server_to_fms
[10.405s] -- Up-to-date: /home/addinedu/ros2_custom_msgs/install/server_to_fms/include/server_to_fms/server_to_fms/srv
[10.405s] -- Up-to-date: /home/addinedu/ros2_custom_msgs/install/server_to_fms/include/server_to_fms/server_to_fms/srv/detail
[10.405s] -- Installing: /home/addinedu/ros2_custom_msgs/install/server_to_fms/include/server_to_fms/server_to_fms/srv/detail/try_on_request__struct.hpp
[10.406s] -- Installing: /home/addinedu/ros2_custom_msgs/install/server_to_fms/include/server_to_fms/server_to_fms/srv/detail/try_on_request__builder.hpp
[10.406s] -- Installing: /home/addinedu/ros2_custom_msgs/install/server_to_fms/include/server_to_fms/server_to_fms/srv/detail/try_on_request__traits.hpp
[10.406s] -- Installing: /home/addinedu/ros2_custom_msgs/install/server_to_fms/include/server_to_fms/server_to_fms/srv/detail/try_on_request__type_support.hpp
[10.407s] -- Installing: /home/addinedu/ros2_custom_msgs/install/server_to_fms/include/server_to_fms/server_to_fms/srv/try_on_request.hpp
[10.407s] -- Up-to-date: /home/addinedu/ros2_custom_msgs/install/server_to_fms/include/server_to_fms/server_to_fms/msg
[10.407s] -- Installing: /home/addinedu/ros2_custom_msgs/install/server_to_fms/include/server_to_fms/server_to_fms/msg/rosidl_generator_cpp__visibility_control.hpp
[10.408s] -- Up-to-date: /home/addinedu/ros2_custom_msgs/install/server_to_fms/include/server_to_fms/server_to_fms
[10.408s] -- Up-to-date: /home/addinedu/ros2_custom_msgs/install/server_to_fms/include/server_to_fms/server_to_fms/srv
[10.408s] -- Up-to-date: /home/addinedu/ros2_custom_msgs/install/server_to_fms/include/server_to_fms/server_to_fms/srv/detail
[10.408s] -- Up-to-date: /home/addinedu/ros2_custom_msgs/install/server_to_fms/include/server_to_fms/server_to_fms/srv/detail/dds_fastrtps
[10.408s] -- Installing: /home/addinedu/ros2_custom_msgs/install/server_to_fms/include/server_to_fms/server_to_fms/srv/detail/try_on_request__rosidl_typesupport_fastrtps_cpp.hpp
[10.409s] -- Up-to-date: /home/addinedu/ros2_custom_msgs/install/server_to_fms/include/server_to_fms/server_to_fms/msg
[10.409s] -- Up-to-date: /home/addinedu/ros2_custom_msgs/install/server_to_fms/include/server_to_fms/server_to_fms/msg/rosidl_typesupport_fastrtps_cpp__visibility_control.h
[10.409s] -- Installing: /home/addinedu/ros2_custom_msgs/install/server_to_fms/lib/libserver_to_fms__rosidl_typesupport_fastrtps_cpp.so
[10.410s] -- Set non-toolchain portion of runtime path of "/home/addinedu/ros2_custom_msgs/install/server_to_fms/lib/libserver_to_fms__rosidl_typesupport_fastrtps_cpp.so" to ""
[10.411s] -- Up-to-date: /home/addinedu/ros2_custom_msgs/install/server_to_fms/include/server_to_fms/server_to_fms
[10.411s] -- Up-to-date: /home/addinedu/ros2_custom_msgs/install/server_to_fms/include/server_to_fms/server_to_fms/srv
[10.411s] -- Up-to-date: /home/addinedu/ros2_custom_msgs/install/server_to_fms/include/server_to_fms/server_to_fms/srv/detail
[10.411s] -- Installing: /home/addinedu/ros2_custom_msgs/install/server_to_fms/include/server_to_fms/server_to_fms/srv/detail/try_on_request__type_support.cpp
[10.412s] -- Installing: /home/addinedu/ros2_custom_msgs/install/server_to_fms/include/server_to_fms/server_to_fms/srv/detail/try_on_request__rosidl_typesupport_introspection_cpp.hpp
[10.412s] -- Installing: /home/addinedu/ros2_custom_msgs/install/server_to_fms/lib/libserver_to_fms__rosidl_typesupport_introspection_cpp.so
[10.413s] -- Set non-toolchain portion of runtime path of "/home/addinedu/ros2_custom_msgs/install/server_to_fms/lib/libserver_to_fms__rosidl_typesupport_introspection_cpp.so" to ""
[10.414s] -- Installing: /home/addinedu/ros2_custom_msgs/install/server_to_fms/lib/libserver_to_fms__rosidl_typesupport_cpp.so
[10.415s] -- Set non-toolchain portion of runtime path of "/home/addinedu/ros2_custom_msgs/install/server_to_fms/lib/libserver_to_fms__rosidl_typesupport_cpp.so" to ""
[10.415s] -- Up-to-date: /home/addinedu/ros2_custom_msgs/install/server_to_fms/share/server_to_fms/environment/pythonpath.sh
[10.415s] -- Up-to-date: /home/addinedu/ros2_custom_msgs/install/server_to_fms/share/server_to_fms/environment/pythonpath.dsv
[10.416s] -- Up-to-date: /home/addinedu/ros2_custom_msgs/install/server_to_fms/lib/python3.12/site-packages/server_to_fms-0.0.0-py3.12.egg-info
[10.416s] -- Installing: /home/addinedu/ros2_custom_msgs/install/server_to_fms/lib/python3.12/site-packages/server_to_fms-0.0.0-py3.12.egg-info/top_level.txt
[10.416s] -- Installing: /home/addinedu/ros2_custom_msgs/install/server_to_fms/lib/python3.12/site-packages/server_to_fms-0.0.0-py3.12.egg-info/dependency_links.txt
[10.417s] -- Installing: /home/addinedu/ros2_custom_msgs/install/server_to_fms/lib/python3.12/site-packages/server_to_fms-0.0.0-py3.12.egg-info/SOURCES.txt
[10.417s] -- Installing: /home/addinedu/ros2_custom_msgs/install/server_to_fms/lib/python3.12/site-packages/server_to_fms-0.0.0-py3.12.egg-info/PKG-INFO
[10.417s] -- Up-to-date: /home/addinedu/ros2_custom_msgs/install/server_to_fms/lib/python3.12/site-packages/server_to_fms
[10.417s] -- Installing: /home/addinedu/ros2_custom_msgs/install/server_to_fms/lib/python3.12/site-packages/server_to_fms/_server_to_fms_s.ep.rosidl_typesupport_c.c
[10.418s] -- Up-to-date: /home/addinedu/ros2_custom_msgs/install/server_to_fms/lib/python3.12/site-packages/server_to_fms/srv
[10.418s] -- Installing: /home/addinedu/ros2_custom_msgs/install/server_to_fms/lib/python3.12/site-packages/server_to_fms/srv/_try_on_request.py
[10.418s] -- Installing: /home/addinedu/ros2_custom_msgs/install/server_to_fms/lib/python3.12/site-packages/server_to_fms/srv/_try_on_request_s.c
[10.419s] -- Installing: /home/addinedu/ros2_custom_msgs/install/server_to_fms/lib/python3.12/site-packages/server_to_fms/srv/__init__.py
[10.419s] -- Installing: /home/addinedu/ros2_custom_msgs/install/server_to_fms/lib/python3.12/site-packages/server_to_fms/server_to_fms_s__rosidl_typesupport_c.so
[10.419s] -- Installing: /home/addinedu/ros2_custom_msgs/install/server_to_fms/lib/python3.12/site-packages/server_to_fms/_server_to_fms_s.ep.rosidl_typesupport_introspection_c.c
[10.420s] -- Installing: /home/addinedu/ros2_custom_msgs/install/server_to_fms/lib/python3.12/site-packages/server_to_fms/__init__.py
[10.420s] -- Installing: /home/addinedu/ros2_custom_msgs/install/server_to_fms/lib/python3.12/site-packages/server_to_fms/_server_to_fms_s.ep.rosidl_typesupport_fastrtps_c.c
[10.421s] -- Installing: /home/addinedu/ros2_custom_msgs/install/server_to_fms/lib/python3.12/site-packages/server_to_fms/server_to_fms_s__rosidl_typesupport_fastrtps_c.so
[10.421s] -- Installing: /home/addinedu/ros2_custom_msgs/install/server_to_fms/lib/python3.12/site-packages/server_to_fms/server_to_fms_s__rosidl_typesupport_introspection_c.so
[10.514s] Listing '/home/addinedu/ros2_custom_msgs/install/server_to_fms/lib/python3.12/site-packages/server_to_fms'...
[10.514s] Compiling '/home/addinedu/ros2_custom_msgs/install/server_to_fms/lib/python3.12/site-packages/server_to_fms/__init__.py'...
[10.514s] Listing '/home/addinedu/ros2_custom_msgs/install/server_to_fms/lib/python3.12/site-packages/server_to_fms/srv'...
[10.514s] Compiling '/home/addinedu/ros2_custom_msgs/install/server_to_fms/lib/python3.12/site-packages/server_to_fms/srv/__init__.py'...
[10.514s] Compiling '/home/addinedu/ros2_custom_msgs/install/server_to_fms/lib/python3.12/site-packages/server_to_fms/srv/_try_on_request.py'...
[10.525s] -- Installing: /home/addinedu/ros2_custom_msgs/install/server_to_fms/lib/python3.12/site-packages/server_to_fms/server_to_fms_s__rosidl_typesupport_fastrtps_c.so
[10.526s] -- Set non-toolchain portion of runtime path of "/home/addinedu/ros2_custom_msgs/install/server_to_fms/lib/python3.12/site-packages/server_to_fms/server_to_fms_s__rosidl_typesupport_fastrtps_c.so" to ""
[10.526s] -- Installing: /home/addinedu/ros2_custom_msgs/install/server_to_fms/lib/python3.12/site-packages/server_to_fms/server_to_fms_s__rosidl_typesupport_introspection_c.so
[10.527s] -- Set non-toolchain portion of runtime path of "/home/addinedu/ros2_custom_msgs/install/server_to_fms/lib/python3.12/site-packages/server_to_fms/server_to_fms_s__rosidl_typesupport_introspection_c.so" to ""
[10.528s] -- Installing: /home/addinedu/ros2_custom_msgs/install/server_to_fms/lib/python3.12/site-packages/server_to_fms/server_to_fms_s__rosidl_typesupport_c.so
[10.528s] -- Set non-toolchain portion of runtime path of "/home/addinedu/ros2_custom_msgs/install/server_to_fms/lib/python3.12/site-packages/server_to_fms/server_to_fms_s__rosidl_typesupport_c.so" to ""
[10.529s] -- Installing: /home/addinedu/ros2_custom_msgs/install/server_to_fms/lib/libserver_to_fms__rosidl_generator_py.so
[10.530s] -- Set non-toolchain portion of runtime path of "/home/addinedu/ros2_custom_msgs/install/server_to_fms/lib/libserver_to_fms__rosidl_generator_py.so" to ""
[10.530s] -- Installing: /home/addinedu/ros2_custom_msgs/install/server_to_fms/share/server_to_fms/srv/TryOnRequest.idl
[10.530s] -- Installing: /home/addinedu/ros2_custom_msgs/install/server_to_fms/share/server_to_fms/srv/TryOnRequest.srv
[10.531s] -- Up-to-date: /home/addinedu/ros2_custom_msgs/install/server_to_fms/share/ament_index/resource_index/package_run_dependencies/server_to_fms
[10.531s] -- Up-to-date: /home/addinedu/ros2_custom_msgs/install/server_to_fms/share/ament_index/resource_index/parent_prefix_path/server_to_fms
[10.531s] -- Up-to-date: /home/addinedu/ros2_custom_msgs/install/server_to_fms/share/server_to_fms/environment/ament_prefix_path.sh
[10.531s] -- Up-to-date: /home/addinedu/ros2_custom_msgs/install/server_to_fms/share/server_to_fms/environment/ament_prefix_path.dsv
[10.532s] -- Up-to-date: /home/addinedu/ros2_custom_msgs/install/server_to_fms/share/server_to_fms/environment/path.sh
[10.532s] -- Up-to-date: /home/addinedu/ros2_custom_msgs/install/server_to_fms/share/server_to_fms/environment/path.dsv
[10.532s] -- Up-to-date: /home/addinedu/ros2_custom_msgs/install/server_to_fms/share/server_to_fms/local_setup.bash
[10.532s] -- Up-to-date: /home/addinedu/ros2_custom_msgs/install/server_to_fms/share/server_to_fms/local_setup.sh
[10.533s] -- Up-to-date: /home/addinedu/ros2_custom_msgs/install/server_to_fms/share/server_to_fms/local_setup.zsh
[10.533s] -- Up-to-date: /home/addinedu/ros2_custom_msgs/install/server_to_fms/share/server_to_fms/local_setup.dsv
[10.533s] -- Installing: /home/addinedu/ros2_custom_msgs/install/server_to_fms/share/server_to_fms/package.dsv
[10.533s] -- Up-to-date: /home/addinedu/ros2_custom_msgs/install/server_to_fms/share/ament_index/resource_index/packages/server_to_fms
[10.533s] -- Up-to-date: /home/addinedu/ros2_custom_msgs/install/server_to_fms/share/server_to_fms/cmake/export_server_to_fms__rosidl_generator_cExport.cmake
[10.534s] -- Up-to-date: /home/addinedu/ros2_custom_msgs/install/server_to_fms/share/server_to_fms/cmake/export_server_to_fms__rosidl_generator_cExport-noconfig.cmake
[10.534s] -- Up-to-date: /home/addinedu/ros2_custom_msgs/install/server_to_fms/share/server_to_fms/cmake/export_server_to_fms__rosidl_typesupport_fastrtps_cExport.cmake
[10.534s] -- Up-to-date: /home/addinedu/ros2_custom_msgs/install/server_to_fms/share/server_to_fms/cmake/export_server_to_fms__rosidl_typesupport_fastrtps_cExport-noconfig.cmake
[10.534s] -- Up-to-date: /home/addinedu/ros2_custom_msgs/install/server_to_fms/share/server_to_fms/cmake/server_to_fms__rosidl_typesupport_introspection_cExport.cmake
[10.534s] -- Up-to-date: /home/addinedu/ros2_custom_msgs/install/server_to_fms/share/server_to_fms/cmake/server_to_fms__rosidl_typesupport_introspection_cExport-noconfig.cmake
[10.534s] -- Up-to-date: /home/addinedu/ros2_custom_msgs/install/server_to_fms/share/server_to_fms/cmake/server_to_fms__rosidl_typesupport_cExport.cmake
[10.535s] -- Up-to-date: /home/addinedu/ros2_custom_msgs/install/server_to_fms/share/server_to_fms/cmake/server_to_fms__rosidl_typesupport_cExport-noconfig.cmake
[10.535s] -- Up-to-date: /home/addinedu/ros2_custom_msgs/install/server_to_fms/share/server_to_fms/cmake/export_server_to_fms__rosidl_generator_cppExport.cmake
[10.535s] -- Up-to-date: /home/addinedu/ros2_custom_msgs/install/server_to_fms/share/server_to_fms/cmake/export_server_to_fms__rosidl_typesupport_fastrtps_cppExport.cmake
[10.535s] -- Up-to-date: /home/addinedu/ros2_custom_msgs/install/server_to_fms/share/server_to_fms/cmake/export_server_to_fms__rosidl_typesupport_fastrtps_cppExport-noconfig.cmake
[10.535s] -- Up-to-date: /home/addinedu/ros2_custom_msgs/install/server_to_fms/share/server_to_fms/cmake/server_to_fms__rosidl_typesupport_introspection_cppExport.cmake
[10.535s] -- Up-to-date: /home/addinedu/ros2_custom_msgs/install/server_to_fms/share/server_to_fms/cmake/server_to_fms__rosidl_typesupport_introspection_cppExport-noconfig.cmake
[10.535s] -- Up-to-date: /home/addinedu/ros2_custom_msgs/install/server_to_fms/share/server_to_fms/cmake/server_to_fms__rosidl_typesupport_cppExport.cmake
[10.536s] -- Up-to-date: /home/addinedu/ros2_custom_msgs/install/server_to_fms/share/server_to_fms/cmake/server_to_fms__rosidl_typesupport_cppExport-noconfig.cmake
[10.536s] -- Up-to-date: /home/addinedu/ros2_custom_msgs/install/server_to_fms/share/server_to_fms/cmake/export_server_to_fms__rosidl_generator_pyExport.cmake
[10.536s] -- Up-to-date: /home/addinedu/ros2_custom_msgs/install/server_to_fms/share/server_to_fms/cmake/export_server_to_fms__rosidl_generator_pyExport-noconfig.cmake
[10.536s] -- Up-to-date: /home/addinedu/ros2_custom_msgs/install/server_to_fms/share/server_to_fms/cmake/rosidl_cmake-extras.cmake
[10.536s] -- Up-to-date: /home/addinedu/ros2_custom_msgs/install/server_to_fms/share/server_to_fms/cmake/ament_cmake_export_dependencies-extras.cmake
[10.536s] -- Up-to-date: /home/addinedu/ros2_custom_msgs/install/server_to_fms/share/server_to_fms/cmake/ament_cmake_export_include_directories-extras.cmake
[10.537s] -- Up-to-date: /home/addinedu/ros2_custom_msgs/install/server_to_fms/share/server_to_fms/cmake/ament_cmake_export_libraries-extras.cmake
[10.537s] -- Up-to-date: /home/addinedu/ros2_custom_msgs/install/server_to_fms/share/server_to_fms/cmake/ament_cmake_export_targets-extras.cmake
[10.537s] -- Up-to-date: /home/addinedu/ros2_custom_msgs/install/server_to_fms/share/server_to_fms/cmake/rosidl_cmake_export_typesupport_targets-extras.cmake
[10.537s] -- Up-to-date: /home/addinedu/ros2_custom_msgs/install/server_to_fms/share/server_to_fms/cmake/rosidl_cmake_export_typesupport_libraries-extras.cmake
[10.537s] -- Up-to-date: /home/addinedu/ros2_custom_msgs/install/server_to_fms/share/server_to_fms/cmake/server_to_fmsConfig.cmake
[10.537s] -- Up-to-date: /home/addinedu/ros2_custom_msgs/install/server_to_fms/share/server_to_fms/cmake/server_to_fmsConfig-version.cmake
[10.537s] -- Up-to-date: /home/addinedu/ros2_custom_msgs/install/server_to_fms/share/server_to_fms/package.xml
[10.541s] Invoked command in '/home/addinedu/ros2_custom_msgs/build/server_to_fms' returned '0': CMAKE_PREFIX_PATH=${CMAKE_PREFIX_PATH}:/home/addinedu/pinky_violet/install/pinky_emotion:/home/addinedu/pinky_violet/install/pinky_bringup:/opt/ros/jazzy DEBUGINFOD_URLS=https://debuginfod.ubuntu.com /usr/bin/cmake --install /home/addinedu/ros2_custom_msgs/build/server_to_fms
