[0.008s] Invoking command in '/home/addinedu/ros2_custom_msgs/build/server_to_fms': CMAKE_PREFIX_PATH=${CMAKE_PREFIX_PATH}:/home/addinedu/pinky_violet/install/pinky_emotion:/home/addinedu/pinky_violet/install/pinky_bringup:/opt/ros/jazzy DEBUGINFOD_URLS=https://debuginfod.ubuntu.com /usr/bin/cmake /home/addinedu/ros2_custom_msgs/src/server_to_fms -DCMAKE_INSTALL_PREFIX=/home/addinedu/ros2_custom_msgs/install/server_to_fms
[0.108s] -- The C compiler identification is GNU 13.3.0
[0.177s] -- The CXX compiler identification is GNU 13.3.0
[0.195s] -- Detecting C compiler ABI info
[0.280s] -- Detecting C compiler ABI info - done
[0.286s] -- Check for working C compiler: /usr/bin/cc - skipped
[0.286s] -- Detecting C compile features
[0.287s] -- Detecting C compile features - done
[0.295s] -- Detecting CXX compiler ABI info
[0.384s] -- Detecting CXX compiler ABI info - done
[0.391s] -- Check for working CXX compiler: /usr/bin/c++ - skipped
[0.391s] -- Detecting CXX compile features
[0.391s] -- Detecting CXX compile features - done
[0.399s] -- Found ament_cmake: 2.5.4 (/opt/ros/jazzy/share/ament_cmake/cmake)
[0.529s] -- Found Python3: /usr/bin/python3 (found version "3.12.3") found components: Interpreter 
[0.653s] -- Found rosidl_default_generators: 1.6.0 (/opt/ros/jazzy/share/rosidl_default_generators/cmake)
[0.663s] -- Using all available rosidl_typesupport_c: rosidl_typesupport_fastrtps_c;rosidl_typesupport_introspection_c
[0.734s] -- Using all available rosidl_typesupport_cpp: rosidl_typesupport_fastrtps_cpp;rosidl_typesupport_introspection_cpp
[0.790s] -- Found rosidl_adapter: 4.6.5 (/opt/ros/jazzy/share/rosidl_adapter/cmake)
[1.282s] -- Found ament_cmake_ros: 0.12.0 (/opt/ros/jazzy/share/ament_cmake_ros/cmake)
[1.627s] -- Using all available rosidl_typesupport_c: rosidl_typesupport_fastrtps_c;rosidl_typesupport_introspection_c
[2.080s] -- Using all available rosidl_typesupport_cpp: rosidl_typesupport_fastrtps_cpp;rosidl_typesupport_introspection_cpp
[2.086s] -- Found python_cmake_module: 0.11.1 (/opt/ros/jazzy/share/python_cmake_module/cmake)
[2.196s] -- Found PythonExtra: /usr/bin/python3  
[2.570s] -- Found Python3: /usr/bin/python3 (found version "3.12.3") found components: Interpreter Development NumPy Development.Module Development.Embed 
[2.601s] -- Found ament_lint_auto: 0.17.2 (/opt/ros/jazzy/share/ament_lint_auto/cmake)
[2.635s] -- Added test 'flake8' to check Python code syntax and style conventions
[2.635s] -- Configured 'flake8' exclude dirs and/or files: 
[2.635s] -- Added test 'lint_cmake' to check CMake code style
[2.636s] -- Added test 'pep257' to check Python code against some of the docstring style conventions in PEP 257
[2.637s] -- Added test 'xmllint' to check XML markup files
[2.639s] -- Configuring done (2.6s)
[2.667s] -- Generating done (0.0s)
[2.676s] -- Build files have been written to: /home/addinedu/ros2_custom_msgs/build/server_to_fms
[2.685s] Invoked command in '/home/addinedu/ros2_custom_msgs/build/server_to_fms' returned '0': CMAKE_PREFIX_PATH=${CMAKE_PREFIX_PATH}:/home/addinedu/pinky_violet/install/pinky_emotion:/home/addinedu/pinky_violet/install/pinky_bringup:/opt/ros/jazzy DEBUGINFOD_URLS=https://debuginfod.ubuntu.com /usr/bin/cmake /home/addinedu/ros2_custom_msgs/src/server_to_fms -DCMAKE_INSTALL_PREFIX=/home/addinedu/ros2_custom_msgs/install/server_to_fms
[2.686s] Invoking command in '/home/addinedu/ros2_custom_msgs/build/server_to_fms': CMAKE_PREFIX_PATH=${CMAKE_PREFIX_PATH}:/home/addinedu/pinky_violet/install/pinky_emotion:/home/addinedu/pinky_violet/install/pinky_bringup:/opt/ros/jazzy DEBUGINFOD_URLS=https://debuginfod.ubuntu.com /usr/bin/cmake --build /home/addinedu/ros2_custom_msgs/build/server_to_fms -- -j16 -l16
[2.735s] [  2%] [34m[1mGenerating type hashes for ROS interfaces[0m
[2.745s] [  2%] Built target ament_cmake_python_copy_server_to_fms
[2.880s] [  2%] Built target server_to_fms__rosidl_generator_type_description
[2.891s] [  5%] [34m[1mGenerating C code for ROS interfaces[0m
[2.902s] [  8%] [34m[1mGenerating C++ code for ROS interfaces[0m
[2.941s] running egg_info
[2.961s] writing server_to_fms.egg-info/PKG-INFO
[2.962s] writing dependency_links to server_to_fms.egg-info/dependency_links.txt
[2.962s] writing top-level names to server_to_fms.egg-info/top_level.txt
[3.021s] reading manifest file 'server_to_fms.egg-info/SOURCES.txt'
[3.021s] writing manifest file 'server_to_fms.egg-info/SOURCES.txt'
[3.048s] [  8%] Built target ament_cmake_python_build_server_to_fms_egg
[3.107s] [  8%] Built target server_to_fms__cpp
[3.114s] [ 17%] [32mBuilding C object CMakeFiles/server_to_fms__rosidl_generator_c.dir/rosidl_generator_c/server_to_fms/srv/detail/try_on_request__type_support.c.o[0m
[3.114s] [ 17%] [32mBuilding C object CMakeFiles/server_to_fms__rosidl_generator_c.dir/rosidl_generator_c/server_to_fms/srv/detail/try_on_request__description.c.o[0m
[3.114s] [ 17%] [32mBuilding C object CMakeFiles/server_to_fms__rosidl_generator_c.dir/rosidl_generator_c/server_to_fms/srv/detail/try_on_request__functions.c.o[0m
[3.176s] [ 20%] [32m[1mLinking C shared library libserver_to_fms__rosidl_generator_c.so[0m
[3.211s] [ 20%] Built target server_to_fms__rosidl_generator_c
[3.222s] [ 38%] [34m[1mGenerating C++ introspection for ROS interfaces[0m
[3.222s] [ 38%] [34m[1mGenerating C++ type support for eProsima Fast-RTPS[0m
[3.222s] [ 38%] [34m[1mGenerating C introspection for ROS interfaces[0m
[3.222s] [ 38%] [34m[1mGenerating C type support dispatch for ROS interfaces[0m
[3.222s] [ 38%] [34m[1mGenerating C++ type support dispatch for ROS interfaces[0m
[3.222s] [ 38%] [34m[1mGenerating C type support for eProsima Fast-RTPS[0m
[3.413s] [ 44%] [32mBuilding CXX object CMakeFiles/server_to_fms__rosidl_typesupport_cpp.dir/rosidl_typesupport_cpp/server_to_fms/srv/try_on_request__type_support.cpp.o[0m
[3.413s] [ 44%] [32mBuilding CXX object CMakeFiles/server_to_fms__rosidl_typesupport_c.dir/rosidl_typesupport_c/server_to_fms/srv/try_on_request__type_support.cpp.o[0m
[3.435s] [ 50%] [32mBuilding C object CMakeFiles/server_to_fms__rosidl_typesupport_introspection_c.dir/rosidl_typesupport_introspection_c/server_to_fms/srv/detail/try_on_request__type_support.c.o[0m
[3.435s] [ 50%] [32mBuilding CXX object CMakeFiles/server_to_fms__rosidl_typesupport_introspection_cpp.dir/rosidl_typesupport_introspection_cpp/server_to_fms/srv/detail/try_on_request__type_support.cpp.o[0m
[3.458s] [ 52%] [32m[1mLinking CXX shared library libserver_to_fms__rosidl_typesupport_c.so[0m
[3.459s] [ 55%] [32mBuilding CXX object CMakeFiles/server_to_fms__rosidl_typesupport_fastrtps_cpp.dir/rosidl_typesupport_fastrtps_cpp/server_to_fms/srv/detail/dds_fastrtps/try_on_request__type_support.cpp.o[0m
[3.472s] [ 58%] [32mBuilding CXX object CMakeFiles/server_to_fms__rosidl_typesupport_fastrtps_c.dir/rosidl_typesupport_fastrtps_c/server_to_fms/srv/detail/try_on_request__type_support_c.cpp.o[0m
[3.476s] [ 61%] [32m[1mLinking C shared library libserver_to_fms__rosidl_typesupport_introspection_c.so[0m
[3.497s] [ 61%] Built target server_to_fms__rosidl_typesupport_c
[3.507s] [ 61%] Built target server_to_fms__rosidl_typesupport_introspection_c
[3.721s] [ 64%] [32m[1mLinking CXX shared library libserver_to_fms__rosidl_typesupport_cpp.so[0m
[3.749s] [ 67%] [32m[1mLinking CXX shared library libserver_to_fms__rosidl_typesupport_introspection_cpp.so[0m
[3.787s] [ 67%] Built target server_to_fms__rosidl_typesupport_cpp
[3.816s] [ 67%] Built target server_to_fms__rosidl_typesupport_introspection_cpp
[3.852s] [ 70%] [32m[1mLinking CXX shared library libserver_to_fms__rosidl_typesupport_fastrtps_c.so[0m
[3.912s] [ 73%] [32m[1mLinking CXX shared library libserver_to_fms__rosidl_typesupport_fastrtps_cpp.so[0m
[3.915s] [ 73%] Built target server_to_fms__rosidl_typesupport_fastrtps_c
[3.973s] [ 73%] Built target server_to_fms__rosidl_typesupport_fastrtps_cpp
[3.993s] [ 73%] Built target server_to_fms
[4.014s] [ 76%] [34m[1mGenerating Python code for ROS interfaces[0m
[4.256s] [ 76%] Built target server_to_fms__py
[4.281s] [ 79%] [32mBuilding C object CMakeFiles/server_to_fms__rosidl_generator_py.dir/rosidl_generator_py/server_to_fms/srv/_try_on_request_s.c.o[0m
[4.401s] [ 82%] [32m[1mLinking C shared library libserver_to_fms__rosidl_generator_py.so[0m
[4.441s] [ 82%] Built target server_to_fms__rosidl_generator_py
[4.463s] [ 91%] [32mBuilding C object CMakeFiles/server_to_fms_s__rosidl_typesupport_fastrtps_c.dir/rosidl_generator_py/server_to_fms/_server_to_fms_s.ep.rosidl_typesupport_fastrtps_c.c.o[0m
[4.463s] [ 91%] [32mBuilding C object CMakeFiles/server_to_fms_s__rosidl_typesupport_c.dir/rosidl_generator_py/server_to_fms/_server_to_fms_s.ep.rosidl_typesupport_c.c.o[0m
[4.463s] [ 91%] [32mBuilding C object CMakeFiles/server_to_fms_s__rosidl_typesupport_introspection_c.dir/rosidl_generator_py/server_to_fms/_server_to_fms_s.ep.rosidl_typesupport_introspection_c.c.o[0m
[4.542s] [ 97%] [32m[1mLinking C shared module rosidl_generator_py/server_to_fms/server_to_fms_s__rosidl_typesupport_introspection_c.so[0m
[4.542s] [ 97%] [32m[1mLinking C shared module rosidl_generator_py/server_to_fms/server_to_fms_s__rosidl_typesupport_c.so[0m
[4.546s] [100%] [32m[1mLinking C shared module rosidl_generator_py/server_to_fms/server_to_fms_s__rosidl_typesupport_fastrtps_c.so[0m
[4.571s] [100%] Built target server_to_fms_s__rosidl_typesupport_c
[4.571s] [100%] Built target server_to_fms_s__rosidl_typesupport_introspection_c
[4.575s] [100%] Built target server_to_fms_s__rosidl_typesupport_fastrtps_c
[4.586s] Invoked command in '/home/addinedu/ros2_custom_msgs/build/server_to_fms' returned '0': CMAKE_PREFIX_PATH=${CMAKE_PREFIX_PATH}:/home/addinedu/pinky_violet/install/pinky_emotion:/home/addinedu/pinky_violet/install/pinky_bringup:/opt/ros/jazzy DEBUGINFOD_URLS=https://debuginfod.ubuntu.com /usr/bin/cmake --build /home/addinedu/ros2_custom_msgs/build/server_to_fms -- -j16 -l16
[4.596s] Invoking command in '/home/addinedu/ros2_custom_msgs/build/server_to_fms': CMAKE_PREFIX_PATH=${CMAKE_PREFIX_PATH}:/home/addinedu/pinky_violet/install/pinky_emotion:/home/addinedu/pinky_violet/install/pinky_bringup:/opt/ros/jazzy DEBUGINFOD_URLS=https://debuginfod.ubuntu.com /usr/bin/cmake --install /home/addinedu/ros2_custom_msgs/build/server_to_fms
[4.604s] -- Install configuration: ""
[4.604s] -- Up-to-date: /home/addinedu/ros2_custom_msgs/install/server_to_fms/share/ament_index/resource_index/rosidl_interfaces/server_to_fms
[4.604s] -- Installing: /home/addinedu/ros2_custom_msgs/install/server_to_fms/share/server_to_fms/srv/TryOnRequest.json
[4.604s] -- Up-to-date: /home/addinedu/ros2_custom_msgs/install/server_to_fms/include/server_to_fms/server_to_fms
[4.604s] -- Up-to-date: /home/addinedu/ros2_custom_msgs/install/server_to_fms/include/server_to_fms/server_to_fms/srv
[4.604s] -- Up-to-date: /home/addinedu/ros2_custom_msgs/install/server_to_fms/include/server_to_fms/server_to_fms/srv/detail
[4.605s] -- Installing: /home/addinedu/ros2_custom_msgs/install/server_to_fms/include/server_to_fms/server_to_fms/srv/detail/try_on_request__functions.h
[4.605s] -- Installing: /home/addinedu/ros2_custom_msgs/install/server_to_fms/include/server_to_fms/server_to_fms/srv/detail/try_on_request__type_support.h
[4.605s] -- Installing: /home/addinedu/ros2_custom_msgs/install/server_to_fms/include/server_to_fms/server_to_fms/srv/detail/try_on_request__description.c
[4.605s] -- Installing: /home/addinedu/ros2_custom_msgs/install/server_to_fms/include/server_to_fms/server_to_fms/srv/detail/try_on_request__functions.c
[4.605s] -- Installing: /home/addinedu/ros2_custom_msgs/install/server_to_fms/include/server_to_fms/server_to_fms/srv/detail/try_on_request__struct.h
[4.605s] -- Installing: /home/addinedu/ros2_custom_msgs/install/server_to_fms/include/server_to_fms/server_to_fms/srv/detail/try_on_request__type_support.c
[4.605s] -- Installing: /home/addinedu/ros2_custom_msgs/install/server_to_fms/include/server_to_fms/server_to_fms/srv/try_on_request.h
[4.605s] -- Up-to-date: /home/addinedu/ros2_custom_msgs/install/server_to_fms/include/server_to_fms/server_to_fms/msg
[4.605s] -- Up-to-date: /home/addinedu/ros2_custom_msgs/install/server_to_fms/include/server_to_fms/server_to_fms/msg/rosidl_generator_c__visibility_control.h
[4.605s] -- Installing: /home/addinedu/ros2_custom_msgs/install/server_to_fms/share/server_to_fms/environment/library_path.sh
[4.605s] -- Up-to-date: /home/addinedu/ros2_custom_msgs/install/server_to_fms/share/server_to_fms/environment/library_path.dsv
[4.606s] -- Installing: /home/addinedu/ros2_custom_msgs/install/server_to_fms/lib/libserver_to_fms__rosidl_generator_c.so
[4.606s] -- Set non-toolchain portion of runtime path of "/home/addinedu/ros2_custom_msgs/install/server_to_fms/lib/libserver_to_fms__rosidl_generator_c.so" to ""
[4.606s] -- Up-to-date: /home/addinedu/ros2_custom_msgs/install/server_to_fms/include/server_to_fms/server_to_fms
[4.606s] -- Up-to-date: /home/addinedu/ros2_custom_msgs/install/server_to_fms/include/server_to_fms/server_to_fms/srv
[4.606s] -- Up-to-date: /home/addinedu/ros2_custom_msgs/install/server_to_fms/include/server_to_fms/server_to_fms/srv/detail
[4.606s] -- Installing: /home/addinedu/ros2_custom_msgs/install/server_to_fms/include/server_to_fms/server_to_fms/srv/detail/try_on_request__rosidl_typesupport_fastrtps_c.h
[4.606s] -- Up-to-date: /home/addinedu/ros2_custom_msgs/install/server_to_fms/include/server_to_fms/server_to_fms/msg
[4.606s] -- Up-to-date: /home/addinedu/ros2_custom_msgs/install/server_to_fms/include/server_to_fms/server_to_fms/msg/rosidl_typesupport_fastrtps_c__visibility_control.h
[4.606s] -- Installing: /home/addinedu/ros2_custom_msgs/install/server_to_fms/lib/libserver_to_fms__rosidl_typesupport_fastrtps_c.so
[4.607s] -- Set non-toolchain portion of runtime path of "/home/addinedu/ros2_custom_msgs/install/server_to_fms/lib/libserver_to_fms__rosidl_typesupport_fastrtps_c.so" to ""
[4.607s] -- Up-to-date: /home/addinedu/ros2_custom_msgs/install/server_to_fms/include/server_to_fms/server_to_fms
[4.607s] -- Up-to-date: /home/addinedu/ros2_custom_msgs/install/server_to_fms/include/server_to_fms/server_to_fms/srv
[4.607s] -- Up-to-date: /home/addinedu/ros2_custom_msgs/install/server_to_fms/include/server_to_fms/server_to_fms/srv/detail
[4.607s] -- Installing: /home/addinedu/ros2_custom_msgs/install/server_to_fms/include/server_to_fms/server_to_fms/srv/detail/try_on_request__rosidl_typesupport_introspection_c.h
[4.607s] -- Up-to-date: /home/addinedu/ros2_custom_msgs/install/server_to_fms/include/server_to_fms/server_to_fms/srv/detail/try_on_request__type_support.c
[4.607s] -- Up-to-date: /home/addinedu/ros2_custom_msgs/install/server_to_fms/include/server_to_fms/server_to_fms/msg
[4.607s] -- Up-to-date: /home/addinedu/ros2_custom_msgs/install/server_to_fms/include/server_to_fms/server_to_fms/msg/rosidl_typesupport_introspection_c__visibility_control.h
[4.607s] -- Installing: /home/addinedu/ros2_custom_msgs/install/server_to_fms/lib/libserver_to_fms__rosidl_typesupport_introspection_c.so
[4.607s] -- Set non-toolchain portion of runtime path of "/home/addinedu/ros2_custom_msgs/install/server_to_fms/lib/libserver_to_fms__rosidl_typesupport_introspection_c.so" to ""
[4.607s] -- Installing: /home/addinedu/ros2_custom_msgs/install/server_to_fms/lib/libserver_to_fms__rosidl_typesupport_c.so
[4.608s] -- Set non-toolchain portion of runtime path of "/home/addinedu/ros2_custom_msgs/install/server_to_fms/lib/libserver_to_fms__rosidl_typesupport_c.so" to ""
[4.608s] -- Up-to-date: /home/addinedu/ros2_custom_msgs/install/server_to_fms/include/server_to_fms/server_to_fms
[4.608s] -- Up-to-date: /home/addinedu/ros2_custom_msgs/install/server_to_fms/include/server_to_fms/server_to_fms/srv
[4.608s] -- Up-to-date: /home/addinedu/ros2_custom_msgs/install/server_to_fms/include/server_to_fms/server_to_fms/srv/detail
[4.608s] -- Installing: /home/addinedu/ros2_custom_msgs/install/server_to_fms/include/server_to_fms/server_to_fms/srv/detail/try_on_request__struct.hpp
[4.608s] -- Installing: /home/addinedu/ros2_custom_msgs/install/server_to_fms/include/server_to_fms/server_to_fms/srv/detail/try_on_request__builder.hpp
[4.608s] -- Installing: /home/addinedu/ros2_custom_msgs/install/server_to_fms/include/server_to_fms/server_to_fms/srv/detail/try_on_request__traits.hpp
[4.608s] -- Installing: /home/addinedu/ros2_custom_msgs/install/server_to_fms/include/server_to_fms/server_to_fms/srv/detail/try_on_request__type_support.hpp
[4.608s] -- Installing: /home/addinedu/ros2_custom_msgs/install/server_to_fms/include/server_to_fms/server_to_fms/srv/try_on_request.hpp
[4.608s] -- Up-to-date: /home/addinedu/ros2_custom_msgs/install/server_to_fms/include/server_to_fms/server_to_fms/msg
[4.609s] -- Installing: /home/addinedu/ros2_custom_msgs/install/server_to_fms/include/server_to_fms/server_to_fms/msg/rosidl_generator_cpp__visibility_control.hpp
[4.609s] -- Up-to-date: /home/addinedu/ros2_custom_msgs/install/server_to_fms/include/server_to_fms/server_to_fms
[4.609s] -- Up-to-date: /home/addinedu/ros2_custom_msgs/install/server_to_fms/include/server_to_fms/server_to_fms/srv
[4.609s] -- Up-to-date: /home/addinedu/ros2_custom_msgs/install/server_to_fms/include/server_to_fms/server_to_fms/srv/detail
[4.609s] -- Installing: /home/addinedu/ros2_custom_msgs/install/server_to_fms/include/server_to_fms/server_to_fms/srv/detail/dds_fastrtps
[4.609s] -- Installing: /home/addinedu/ros2_custom_msgs/install/server_to_fms/include/server_to_fms/server_to_fms/srv/detail/try_on_request__rosidl_typesupport_fastrtps_cpp.hpp
[4.609s] -- Up-to-date: /home/addinedu/ros2_custom_msgs/install/server_to_fms/include/server_to_fms/server_to_fms/msg
[4.609s] -- Up-to-date: /home/addinedu/ros2_custom_msgs/install/server_to_fms/include/server_to_fms/server_to_fms/msg/rosidl_typesupport_fastrtps_cpp__visibility_control.h
[4.609s] -- Installing: /home/addinedu/ros2_custom_msgs/install/server_to_fms/lib/libserver_to_fms__rosidl_typesupport_fastrtps_cpp.so
[4.609s] -- Set non-toolchain portion of runtime path of "/home/addinedu/ros2_custom_msgs/install/server_to_fms/lib/libserver_to_fms__rosidl_typesupport_fastrtps_cpp.so" to ""
[4.610s] -- Up-to-date: /home/addinedu/ros2_custom_msgs/install/server_to_fms/include/server_to_fms/server_to_fms
[4.610s] -- Up-to-date: /home/addinedu/ros2_custom_msgs/install/server_to_fms/include/server_to_fms/server_to_fms/srv
[4.610s] -- Up-to-date: /home/addinedu/ros2_custom_msgs/install/server_to_fms/include/server_to_fms/server_to_fms/srv/detail
[4.610s] -- Installing: /home/addinedu/ros2_custom_msgs/install/server_to_fms/include/server_to_fms/server_to_fms/srv/detail/try_on_request__type_support.cpp
[4.610s] -- Installing: /home/addinedu/ros2_custom_msgs/install/server_to_fms/include/server_to_fms/server_to_fms/srv/detail/try_on_request__rosidl_typesupport_introspection_cpp.hpp
[4.610s] -- Installing: /home/addinedu/ros2_custom_msgs/install/server_to_fms/lib/libserver_to_fms__rosidl_typesupport_introspection_cpp.so
[4.610s] -- Set non-toolchain portion of runtime path of "/home/addinedu/ros2_custom_msgs/install/server_to_fms/lib/libserver_to_fms__rosidl_typesupport_introspection_cpp.so" to ""
[4.610s] -- Installing: /home/addinedu/ros2_custom_msgs/install/server_to_fms/lib/libserver_to_fms__rosidl_typesupport_cpp.so
[4.611s] -- Set non-toolchain portion of runtime path of "/home/addinedu/ros2_custom_msgs/install/server_to_fms/lib/libserver_to_fms__rosidl_typesupport_cpp.so" to ""
[4.611s] -- Up-to-date: /home/addinedu/ros2_custom_msgs/install/server_to_fms/share/server_to_fms/environment/pythonpath.sh
[4.611s] -- Up-to-date: /home/addinedu/ros2_custom_msgs/install/server_to_fms/share/server_to_fms/environment/pythonpath.dsv
[4.611s] -- Up-to-date: /home/addinedu/ros2_custom_msgs/install/server_to_fms/lib/python3.12/site-packages/server_to_fms-0.0.0-py3.12.egg-info
[4.611s] -- Installing: /home/addinedu/ros2_custom_msgs/install/server_to_fms/lib/python3.12/site-packages/server_to_fms-0.0.0-py3.12.egg-info/top_level.txt
[4.611s] -- Installing: /home/addinedu/ros2_custom_msgs/install/server_to_fms/lib/python3.12/site-packages/server_to_fms-0.0.0-py3.12.egg-info/dependency_links.txt
[4.611s] -- Installing: /home/addinedu/ros2_custom_msgs/install/server_to_fms/lib/python3.12/site-packages/server_to_fms-0.0.0-py3.12.egg-info/SOURCES.txt
[4.611s] -- Installing: /home/addinedu/ros2_custom_msgs/install/server_to_fms/lib/python3.12/site-packages/server_to_fms-0.0.0-py3.12.egg-info/PKG-INFO
[4.611s] -- Up-to-date: /home/addinedu/ros2_custom_msgs/install/server_to_fms/lib/python3.12/site-packages/server_to_fms
[4.611s] -- Installing: /home/addinedu/ros2_custom_msgs/install/server_to_fms/lib/python3.12/site-packages/server_to_fms/_server_to_fms_s.ep.rosidl_typesupport_c.c
[4.612s] -- Up-to-date: /home/addinedu/ros2_custom_msgs/install/server_to_fms/lib/python3.12/site-packages/server_to_fms/srv
[4.612s] -- Installing: /home/addinedu/ros2_custom_msgs/install/server_to_fms/lib/python3.12/site-packages/server_to_fms/srv/_try_on_request.py
[4.612s] -- Installing: /home/addinedu/ros2_custom_msgs/install/server_to_fms/lib/python3.12/site-packages/server_to_fms/srv/_try_on_request_s.c
[4.612s] -- Installing: /home/addinedu/ros2_custom_msgs/install/server_to_fms/lib/python3.12/site-packages/server_to_fms/srv/__init__.py
[4.612s] -- Installing: /home/addinedu/ros2_custom_msgs/install/server_to_fms/lib/python3.12/site-packages/server_to_fms/server_to_fms_s__rosidl_typesupport_c.so
[4.612s] -- Installing: /home/addinedu/ros2_custom_msgs/install/server_to_fms/lib/python3.12/site-packages/server_to_fms/_server_to_fms_s.ep.rosidl_typesupport_introspection_c.c
[4.612s] -- Installing: /home/addinedu/ros2_custom_msgs/install/server_to_fms/lib/python3.12/site-packages/server_to_fms/__init__.py
[4.612s] -- Installing: /home/addinedu/ros2_custom_msgs/install/server_to_fms/lib/python3.12/site-packages/server_to_fms/_server_to_fms_s.ep.rosidl_typesupport_fastrtps_c.c
[4.613s] -- Installing: /home/addinedu/ros2_custom_msgs/install/server_to_fms/lib/python3.12/site-packages/server_to_fms/server_to_fms_s__rosidl_typesupport_fastrtps_c.so
[4.613s] -- Installing: /home/addinedu/ros2_custom_msgs/install/server_to_fms/lib/python3.12/site-packages/server_to_fms/server_to_fms_s__rosidl_typesupport_introspection_c.so
[4.644s] Listing '/home/addinedu/ros2_custom_msgs/install/server_to_fms/lib/python3.12/site-packages/server_to_fms'...
[4.644s] Compiling '/home/addinedu/ros2_custom_msgs/install/server_to_fms/lib/python3.12/site-packages/server_to_fms/__init__.py'...
[4.645s] Listing '/home/addinedu/ros2_custom_msgs/install/server_to_fms/lib/python3.12/site-packages/server_to_fms/srv'...
[4.645s] Compiling '/home/addinedu/ros2_custom_msgs/install/server_to_fms/lib/python3.12/site-packages/server_to_fms/srv/__init__.py'...
[4.645s] Compiling '/home/addinedu/ros2_custom_msgs/install/server_to_fms/lib/python3.12/site-packages/server_to_fms/srv/_try_on_request.py'...
[4.649s] -- Installing: /home/addinedu/ros2_custom_msgs/install/server_to_fms/lib/python3.12/site-packages/server_to_fms/server_to_fms_s__rosidl_typesupport_fastrtps_c.so
[4.650s] -- Set non-toolchain portion of runtime path of "/home/addinedu/ros2_custom_msgs/install/server_to_fms/lib/python3.12/site-packages/server_to_fms/server_to_fms_s__rosidl_typesupport_fastrtps_c.so" to ""
[4.650s] -- Installing: /home/addinedu/ros2_custom_msgs/install/server_to_fms/lib/python3.12/site-packages/server_to_fms/server_to_fms_s__rosidl_typesupport_introspection_c.so
[4.650s] -- Set non-toolchain portion of runtime path of "/home/addinedu/ros2_custom_msgs/install/server_to_fms/lib/python3.12/site-packages/server_to_fms/server_to_fms_s__rosidl_typesupport_introspection_c.so" to ""
[4.650s] -- Installing: /home/addinedu/ros2_custom_msgs/install/server_to_fms/lib/python3.12/site-packages/server_to_fms/server_to_fms_s__rosidl_typesupport_c.so
[4.651s] -- Set non-toolchain portion of runtime path of "/home/addinedu/ros2_custom_msgs/install/server_to_fms/lib/python3.12/site-packages/server_to_fms/server_to_fms_s__rosidl_typesupport_c.so" to ""
[4.651s] -- Installing: /home/addinedu/ros2_custom_msgs/install/server_to_fms/lib/libserver_to_fms__rosidl_generator_py.so
[4.651s] -- Set non-toolchain portion of runtime path of "/home/addinedu/ros2_custom_msgs/install/server_to_fms/lib/libserver_to_fms__rosidl_generator_py.so" to ""
[4.651s] -- Up-to-date: /home/addinedu/ros2_custom_msgs/install/server_to_fms/share/server_to_fms/srv/TryOnRequest.idl
[4.651s] -- Up-to-date: /home/addinedu/ros2_custom_msgs/install/server_to_fms/share/server_to_fms/srv/TryOnRequest.srv
[4.651s] -- Up-to-date: /home/addinedu/ros2_custom_msgs/install/server_to_fms/share/ament_index/resource_index/package_run_dependencies/server_to_fms
[4.651s] -- Installing: /home/addinedu/ros2_custom_msgs/install/server_to_fms/share/ament_index/resource_index/parent_prefix_path/server_to_fms
[4.651s] -- Installing: /home/addinedu/ros2_custom_msgs/install/server_to_fms/share/server_to_fms/environment/ament_prefix_path.sh
[4.652s] -- Up-to-date: /home/addinedu/ros2_custom_msgs/install/server_to_fms/share/server_to_fms/environment/ament_prefix_path.dsv
[4.652s] -- Installing: /home/addinedu/ros2_custom_msgs/install/server_to_fms/share/server_to_fms/environment/path.sh
[4.652s] -- Up-to-date: /home/addinedu/ros2_custom_msgs/install/server_to_fms/share/server_to_fms/environment/path.dsv
[4.652s] -- Up-to-date: /home/addinedu/ros2_custom_msgs/install/server_to_fms/share/server_to_fms/local_setup.bash
[4.652s] -- Installing: /home/addinedu/ros2_custom_msgs/install/server_to_fms/share/server_to_fms/local_setup.sh
[4.652s] -- Up-to-date: /home/addinedu/ros2_custom_msgs/install/server_to_fms/share/server_to_fms/local_setup.zsh
[4.652s] -- Up-to-date: /home/addinedu/ros2_custom_msgs/install/server_to_fms/share/server_to_fms/local_setup.dsv
[4.652s] -- Installing: /home/addinedu/ros2_custom_msgs/install/server_to_fms/share/server_to_fms/package.dsv
[4.652s] -- Up-to-date: /home/addinedu/ros2_custom_msgs/install/server_to_fms/share/ament_index/resource_index/packages/server_to_fms
[4.652s] -- Up-to-date: /home/addinedu/ros2_custom_msgs/install/server_to_fms/share/server_to_fms/cmake/export_server_to_fms__rosidl_generator_cExport.cmake
[4.652s] -- Up-to-date: /home/addinedu/ros2_custom_msgs/install/server_to_fms/share/server_to_fms/cmake/export_server_to_fms__rosidl_generator_cExport-noconfig.cmake
[4.652s] -- Up-to-date: /home/addinedu/ros2_custom_msgs/install/server_to_fms/share/server_to_fms/cmake/export_server_to_fms__rosidl_typesupport_fastrtps_cExport.cmake
[4.652s] -- Up-to-date: /home/addinedu/ros2_custom_msgs/install/server_to_fms/share/server_to_fms/cmake/export_server_to_fms__rosidl_typesupport_fastrtps_cExport-noconfig.cmake
[4.652s] -- Up-to-date: /home/addinedu/ros2_custom_msgs/install/server_to_fms/share/server_to_fms/cmake/server_to_fms__rosidl_typesupport_introspection_cExport.cmake
[4.652s] -- Up-to-date: /home/addinedu/ros2_custom_msgs/install/server_to_fms/share/server_to_fms/cmake/server_to_fms__rosidl_typesupport_introspection_cExport-noconfig.cmake
[4.653s] -- Up-to-date: /home/addinedu/ros2_custom_msgs/install/server_to_fms/share/server_to_fms/cmake/server_to_fms__rosidl_typesupport_cExport.cmake
[4.653s] -- Up-to-date: /home/addinedu/ros2_custom_msgs/install/server_to_fms/share/server_to_fms/cmake/server_to_fms__rosidl_typesupport_cExport-noconfig.cmake
[4.653s] -- Up-to-date: /home/addinedu/ros2_custom_msgs/install/server_to_fms/share/server_to_fms/cmake/export_server_to_fms__rosidl_generator_cppExport.cmake
[4.653s] -- Up-to-date: /home/addinedu/ros2_custom_msgs/install/server_to_fms/share/server_to_fms/cmake/export_server_to_fms__rosidl_typesupport_fastrtps_cppExport.cmake
[4.653s] -- Up-to-date: /home/addinedu/ros2_custom_msgs/install/server_to_fms/share/server_to_fms/cmake/export_server_to_fms__rosidl_typesupport_fastrtps_cppExport-noconfig.cmake
[4.653s] -- Up-to-date: /home/addinedu/ros2_custom_msgs/install/server_to_fms/share/server_to_fms/cmake/server_to_fms__rosidl_typesupport_introspection_cppExport.cmake
[4.653s] -- Up-to-date: /home/addinedu/ros2_custom_msgs/install/server_to_fms/share/server_to_fms/cmake/server_to_fms__rosidl_typesupport_introspection_cppExport-noconfig.cmake
[4.653s] -- Up-to-date: /home/addinedu/ros2_custom_msgs/install/server_to_fms/share/server_to_fms/cmake/server_to_fms__rosidl_typesupport_cppExport.cmake
[4.653s] -- Up-to-date: /home/addinedu/ros2_custom_msgs/install/server_to_fms/share/server_to_fms/cmake/server_to_fms__rosidl_typesupport_cppExport-noconfig.cmake
[4.653s] -- Up-to-date: /home/addinedu/ros2_custom_msgs/install/server_to_fms/share/server_to_fms/cmake/export_server_to_fms__rosidl_generator_pyExport.cmake
[4.653s] -- Up-to-date: /home/addinedu/ros2_custom_msgs/install/server_to_fms/share/server_to_fms/cmake/export_server_to_fms__rosidl_generator_pyExport-noconfig.cmake
[4.653s] -- Up-to-date: /home/addinedu/ros2_custom_msgs/install/server_to_fms/share/server_to_fms/cmake/rosidl_cmake-extras.cmake
[4.653s] -- Up-to-date: /home/addinedu/ros2_custom_msgs/install/server_to_fms/share/server_to_fms/cmake/ament_cmake_export_dependencies-extras.cmake
[4.653s] -- Up-to-date: /home/addinedu/ros2_custom_msgs/install/server_to_fms/share/server_to_fms/cmake/ament_cmake_export_include_directories-extras.cmake
[4.653s] -- Up-to-date: /home/addinedu/ros2_custom_msgs/install/server_to_fms/share/server_to_fms/cmake/ament_cmake_export_libraries-extras.cmake
[4.653s] -- Up-to-date: /home/addinedu/ros2_custom_msgs/install/server_to_fms/share/server_to_fms/cmake/ament_cmake_export_targets-extras.cmake
[4.653s] -- Up-to-date: /home/addinedu/ros2_custom_msgs/install/server_to_fms/share/server_to_fms/cmake/rosidl_cmake_export_typesupport_targets-extras.cmake
[4.653s] -- Up-to-date: /home/addinedu/ros2_custom_msgs/install/server_to_fms/share/server_to_fms/cmake/rosidl_cmake_export_typesupport_libraries-extras.cmake
[4.653s] -- Up-to-date: /home/addinedu/ros2_custom_msgs/install/server_to_fms/share/server_to_fms/cmake/server_to_fmsConfig.cmake
[4.654s] -- Up-to-date: /home/addinedu/ros2_custom_msgs/install/server_to_fms/share/server_to_fms/cmake/server_to_fmsConfig-version.cmake
[4.654s] -- Up-to-date: /home/addinedu/ros2_custom_msgs/install/server_to_fms/share/server_to_fms/package.xml
[4.656s] Invoked command in '/home/addinedu/ros2_custom_msgs/build/server_to_fms' returned '0': CMAKE_PREFIX_PATH=${CMAKE_PREFIX_PATH}:/home/addinedu/pinky_violet/install/pinky_emotion:/home/addinedu/pinky_violet/install/pinky_bringup:/opt/ros/jazzy DEBUGINFOD_URLS=https://debuginfod.ubuntu.com /usr/bin/cmake --install /home/addinedu/ros2_custom_msgs/build/server_to_fms
