[0.012s] Invoking command in '/home/cj/ros2_custom_msgs/build/server_to_fms': CMAKE_PREFIX_PATH=${CMAKE_PREFIX_PATH}:/home/cj/ros2_study/install/yolov8_ros:/home/cj/ros2_study/install/yolo_ros:/home/cj/ros2_study/install/stt_whisper:/home/cj/ros2_study/install/my_first_package:/opt/ros/jazzy DEBUGINFOD_URLS=https://debuginfod.ubuntu.com /usr/bin/cmake /home/cj/ros2_custom_msgs/src/server_to_fms -DCMAKE_INSTALL_PREFIX=/home/cj/ros2_custom_msgs/install/server_to_fms
[0.068s] -- The C compiler identification is GNU 13.3.0
[0.122s] -- The CXX compiler identification is GNU 13.3.0
[0.138s] -- Detecting C compiler ABI info
[0.234s] -- Detecting C compiler ABI info - done
[0.241s] -- Check for working C compiler: /usr/bin/cc - skipped
[0.241s] -- Detecting C compile features
[0.241s] -- Detecting C compile features - done
[0.249s] -- Detecting CXX compiler ABI info
[0.351s] -- Detecting CXX compiler ABI info - done
[0.359s] -- Check for working CXX compiler: /usr/bin/c++ - skipped
[0.359s] -- Detecting CXX compile features
[0.360s] -- Detecting CXX compile features - done
[0.363s] -- Found ament_cmake: 2.5.4 (/opt/ros/jazzy/share/ament_cmake/cmake)
[0.505s] -- Found Python3: /usr/bin/python3 (found version "3.12.3") found components: Interpreter 
[0.612s] -- Found rosidl_default_generators: 1.6.0 (/opt/ros/jazzy/share/rosidl_default_generators/cmake)
[0.619s] -- Using all available rosidl_typesupport_c: rosidl_typesupport_fastrtps_c;rosidl_typesupport_introspection_c
[0.675s] -- Using all available rosidl_typesupport_cpp: rosidl_typesupport_fastrtps_cpp;rosidl_typesupport_introspection_cpp
[0.719s] -- Found rosidl_adapter: 4.6.5 (/opt/ros/jazzy/share/rosidl_adapter/cmake)
[1.281s] -- Found ament_cmake_ros: 0.12.0 (/opt/ros/jazzy/share/ament_cmake_ros/cmake)
[1.686s] -- Using all available rosidl_typesupport_c: rosidl_typesupport_fastrtps_c;rosidl_typesupport_introspection_c
[2.213s] -- Using all available rosidl_typesupport_cpp: rosidl_typesupport_fastrtps_cpp;rosidl_typesupport_introspection_cpp
[2.217s] -- Found python_cmake_module: 0.11.1 (/opt/ros/jazzy/share/python_cmake_module/cmake)
[2.346s] -- Found PythonExtra: /usr/bin/python3  
[2.746s] -- Found Python3: /usr/bin/python3 (found version "3.12.3") found components: Interpreter Development NumPy Development.Module Development.Embed 
[2.782s] -- Found ament_lint_auto: 0.17.2 (/opt/ros/jazzy/share/ament_lint_auto/cmake)
[2.807s] -- Added test 'flake8' to check Python code syntax and style conventions
[2.807s] -- Configured 'flake8' exclude dirs and/or files: 
[2.808s] -- Added test 'lint_cmake' to check CMake code style
[2.809s] -- Added test 'pep257' to check Python code against some of the docstring style conventions in PEP 257
[2.810s] -- Added test 'xmllint' to check XML markup files
[2.813s] -- Configuring done (2.8s)
[2.848s] -- Generating done (0.0s)
[2.860s] -- Build files have been written to: /home/cj/ros2_custom_msgs/build/server_to_fms
[2.869s] Invoked command in '/home/cj/ros2_custom_msgs/build/server_to_fms' returned '0': CMAKE_PREFIX_PATH=${CMAKE_PREFIX_PATH}:/home/cj/ros2_study/install/yolov8_ros:/home/cj/ros2_study/install/yolo_ros:/home/cj/ros2_study/install/stt_whisper:/home/cj/ros2_study/install/my_first_package:/opt/ros/jazzy DEBUGINFOD_URLS=https://debuginfod.ubuntu.com /usr/bin/cmake /home/cj/ros2_custom_msgs/src/server_to_fms -DCMAKE_INSTALL_PREFIX=/home/cj/ros2_custom_msgs/install/server_to_fms
[2.870s] Invoking command in '/home/cj/ros2_custom_msgs/build/server_to_fms': CMAKE_PREFIX_PATH=${CMAKE_PREFIX_PATH}:/home/cj/ros2_study/install/yolov8_ros:/home/cj/ros2_study/install/yolo_ros:/home/cj/ros2_study/install/stt_whisper:/home/cj/ros2_study/install/my_first_package:/opt/ros/jazzy DEBUGINFOD_URLS=https://debuginfod.ubuntu.com /usr/bin/cmake --build /home/cj/ros2_custom_msgs/build/server_to_fms -- -j4 -l4
[2.925s] [  2%] [34m[1mGenerating type hashes for ROS interfaces[0m
[2.939s] [  2%] Built target ament_cmake_python_copy_server_to_fms
[3.110s] [  2%] Built target server_to_fms__rosidl_generator_type_description
[3.121s] [  5%] [34m[1mGenerating C code for ROS interfaces[0m
[3.135s] [  8%] [34m[1mGenerating C++ code for ROS interfaces[0m
[3.153s] running egg_info
[3.154s] creating server_to_fms.egg-info
[3.173s] writing server_to_fms.egg-info/PKG-INFO
[3.173s] writing dependency_links to server_to_fms.egg-info/dependency_links.txt
[3.173s] writing top-level names to server_to_fms.egg-info/top_level.txt
[3.173s] writing manifest file 'server_to_fms.egg-info/SOURCES.txt'
[3.229s] reading manifest file 'server_to_fms.egg-info/SOURCES.txt'
[3.231s] writing manifest file 'server_to_fms.egg-info/SOURCES.txt'
[3.266s] [  8%] Built target ament_cmake_python_build_server_to_fms_egg
[3.395s] [  8%] Built target server_to_fms__cpp
[3.407s] [ 17%] [32mBuilding C object CMakeFiles/server_to_fms__rosidl_generator_c.dir/rosidl_generator_c/server_to_fms/srv/detail/try_on_request__functions.c.o[0m
[3.407s] [ 17%] [32mBuilding C object CMakeFiles/server_to_fms__rosidl_generator_c.dir/rosidl_generator_c/server_to_fms/srv/detail/try_on_request__description.c.o[0m
[3.408s] [ 17%] [32mBuilding C object CMakeFiles/server_to_fms__rosidl_generator_c.dir/rosidl_generator_c/server_to_fms/srv/detail/try_on_request__type_support.c.o[0m
[3.473s] [ 20%] [32m[1mLinking C shared library libserver_to_fms__rosidl_generator_c.so[0m
[3.511s] [ 20%] Built target server_to_fms__rosidl_generator_c
[3.524s] [ 32%] [34m[1mGenerating C++ type support dispatch for ROS interfaces[0m
[3.524s] [ 32%] [34m[1mGenerating C introspection for ROS interfaces[0m
[3.524s] [ 32%] [34m[1mGenerating C type support for eProsima Fast-RTPS[0m
[3.524s] [ 32%] [34m[1mGenerating C type support dispatch for ROS interfaces[0m
[3.727s] [ 35%] [32mBuilding CXX object CMakeFiles/server_to_fms__rosidl_typesupport_cpp.dir/rosidl_typesupport_cpp/server_to_fms/srv/try_on_request__type_support.cpp.o[0m
[3.730s] [ 38%] [32mBuilding CXX object CMakeFiles/server_to_fms__rosidl_typesupport_c.dir/rosidl_typesupport_c/server_to_fms/srv/try_on_request__type_support.cpp.o[0m
[3.780s] [ 44%] [32mBuilding C object CMakeFiles/server_to_fms__rosidl_typesupport_introspection_c.dir/rosidl_typesupport_introspection_c/server_to_fms/srv/detail/try_on_request__type_support.c.o[0m
[3.780s] [ 44%] [32m[1mLinking CXX shared library libserver_to_fms__rosidl_typesupport_c.so[0m
[3.823s] [ 47%] [32mBuilding CXX object CMakeFiles/server_to_fms__rosidl_typesupport_fastrtps_c.dir/rosidl_typesupport_fastrtps_c/server_to_fms/srv/detail/try_on_request__type_support_c.cpp.o[0m
[3.826s] [ 47%] Built target server_to_fms__rosidl_typesupport_c
[3.828s] [ 50%] [32m[1mLinking C shared library libserver_to_fms__rosidl_typesupport_introspection_c.so[0m
[3.838s] [ 52%] [34m[1mGenerating C++ type support for eProsima Fast-RTPS[0m
[3.869s] [ 52%] Built target server_to_fms__rosidl_typesupport_introspection_c
[3.883s] [ 55%] [34m[1mGenerating C++ introspection for ROS interfaces[0m
[4.097s] [ 58%] [32m[1mLinking CXX shared library libserver_to_fms__rosidl_typesupport_cpp.so[0m
[4.123s] [ 61%] [32mBuilding CXX object CMakeFiles/server_to_fms__rosidl_typesupport_fastrtps_cpp.dir/rosidl_typesupport_fastrtps_cpp/server_to_fms/srv/detail/dds_fastrtps/try_on_request__type_support.cpp.o[0m
[4.139s] [ 64%] [32mBuilding CXX object CMakeFiles/server_to_fms__rosidl_typesupport_introspection_cpp.dir/rosidl_typesupport_introspection_cpp/server_to_fms/srv/detail/try_on_request__type_support.cpp.o[0m
[4.184s] [ 64%] Built target server_to_fms__rosidl_typesupport_cpp
[4.311s] [ 67%] [32m[1mLinking CXX shared library libserver_to_fms__rosidl_typesupport_fastrtps_c.so[0m
[4.404s] [ 67%] Built target server_to_fms__rosidl_typesupport_fastrtps_c
[4.539s] [ 70%] [32m[1mLinking CXX shared library libserver_to_fms__rosidl_typesupport_introspection_cpp.so[0m
[4.618s] [ 70%] Built target server_to_fms__rosidl_typesupport_introspection_cpp
[4.690s] [ 73%] [32m[1mLinking CXX shared library libserver_to_fms__rosidl_typesupport_fastrtps_cpp.so[0m
[4.760s] [ 73%] Built target server_to_fms__rosidl_typesupport_fastrtps_cpp
[4.784s] [ 73%] Built target server_to_fms
[4.805s] [ 76%] [34m[1mGenerating Python code for ROS interfaces[0m
[5.105s] [ 76%] Built target server_to_fms__py
[5.127s] [ 79%] [32mBuilding C object CMakeFiles/server_to_fms__rosidl_generator_py.dir/rosidl_generator_py/server_to_fms/srv/_try_on_request_s.c.o[0m
[5.263s] [ 82%] [32m[1mLinking C shared library libserver_to_fms__rosidl_generator_py.so[0m
[5.311s] [ 82%] Built target server_to_fms__rosidl_generator_py
[5.335s] [ 91%] [32mBuilding C object CMakeFiles/server_to_fms_s__rosidl_typesupport_c.dir/rosidl_generator_py/server_to_fms/_server_to_fms_s.ep.rosidl_typesupport_c.c.o[0m
[5.336s] [ 91%] [32mBuilding C object CMakeFiles/server_to_fms_s__rosidl_typesupport_introspection_c.dir/rosidl_generator_py/server_to_fms/_server_to_fms_s.ep.rosidl_typesupport_introspection_c.c.o[0m
[5.336s] [ 91%] [32mBuilding C object CMakeFiles/server_to_fms_s__rosidl_typesupport_fastrtps_c.dir/rosidl_generator_py/server_to_fms/_server_to_fms_s.ep.rosidl_typesupport_fastrtps_c.c.o[0m
[5.437s] [ 94%] [32m[1mLinking C shared module rosidl_generator_py/server_to_fms/server_to_fms_s__rosidl_typesupport_introspection_c.so[0m
[5.442s] [ 97%] [32m[1mLinking C shared module rosidl_generator_py/server_to_fms/server_to_fms_s__rosidl_typesupport_c.so[0m
[5.447s] [100%] [32m[1mLinking C shared module rosidl_generator_py/server_to_fms/server_to_fms_s__rosidl_typesupport_fastrtps_c.so[0m
[5.471s] [100%] Built target server_to_fms_s__rosidl_typesupport_introspection_c
[5.473s] [100%] Built target server_to_fms_s__rosidl_typesupport_c
[5.483s] [100%] Built target server_to_fms_s__rosidl_typesupport_fastrtps_c
[5.496s] Invoked command in '/home/cj/ros2_custom_msgs/build/server_to_fms' returned '0': CMAKE_PREFIX_PATH=${CMAKE_PREFIX_PATH}:/home/cj/ros2_study/install/yolov8_ros:/home/cj/ros2_study/install/yolo_ros:/home/cj/ros2_study/install/stt_whisper:/home/cj/ros2_study/install/my_first_package:/opt/ros/jazzy DEBUGINFOD_URLS=https://debuginfod.ubuntu.com /usr/bin/cmake --build /home/cj/ros2_custom_msgs/build/server_to_fms -- -j4 -l4
[5.509s] Invoking command in '/home/cj/ros2_custom_msgs/build/server_to_fms': CMAKE_PREFIX_PATH=${CMAKE_PREFIX_PATH}:/home/cj/ros2_study/install/yolov8_ros:/home/cj/ros2_study/install/yolo_ros:/home/cj/ros2_study/install/stt_whisper:/home/cj/ros2_study/install/my_first_package:/opt/ros/jazzy DEBUGINFOD_URLS=https://debuginfod.ubuntu.com /usr/bin/cmake --install /home/cj/ros2_custom_msgs/build/server_to_fms
[5.518s] -- Install configuration: ""
[5.519s] -- Installing: /home/cj/ros2_custom_msgs/install/server_to_fms/share/ament_index/resource_index/rosidl_interfaces/server_to_fms
[5.519s] -- Installing: /home/cj/ros2_custom_msgs/install/server_to_fms/share/server_to_fms/srv/TryOnRequest.json
[5.519s] -- Installing: /home/cj/ros2_custom_msgs/install/server_to_fms/include/server_to_fms/server_to_fms
[5.519s] -- Installing: /home/cj/ros2_custom_msgs/install/server_to_fms/include/server_to_fms/server_to_fms/msg
[5.519s] -- Installing: /home/cj/ros2_custom_msgs/install/server_to_fms/include/server_to_fms/server_to_fms/msg/rosidl_generator_c__visibility_control.h
[5.519s] -- Installing: /home/cj/ros2_custom_msgs/install/server_to_fms/include/server_to_fms/server_to_fms/srv
[5.519s] -- Installing: /home/cj/ros2_custom_msgs/install/server_to_fms/include/server_to_fms/server_to_fms/srv/detail
[5.520s] -- Installing: /home/cj/ros2_custom_msgs/install/server_to_fms/include/server_to_fms/server_to_fms/srv/detail/try_on_request__functions.c
[5.520s] -- Installing: /home/cj/ros2_custom_msgs/install/server_to_fms/include/server_to_fms/server_to_fms/srv/detail/try_on_request__type_support.c
[5.520s] -- Installing: /home/cj/ros2_custom_msgs/install/server_to_fms/include/server_to_fms/server_to_fms/srv/detail/try_on_request__type_support.h
[5.520s] -- Installing: /home/cj/ros2_custom_msgs/install/server_to_fms/include/server_to_fms/server_to_fms/srv/detail/try_on_request__struct.h
[5.520s] -- Installing: /home/cj/ros2_custom_msgs/install/server_to_fms/include/server_to_fms/server_to_fms/srv/detail/try_on_request__functions.h
[5.520s] -- Installing: /home/cj/ros2_custom_msgs/install/server_to_fms/include/server_to_fms/server_to_fms/srv/detail/try_on_request__description.c
[5.521s] -- Installing: /home/cj/ros2_custom_msgs/install/server_to_fms/include/server_to_fms/server_to_fms/srv/try_on_request.h
[5.521s] -- Installing: /home/cj/ros2_custom_msgs/install/server_to_fms/share/server_to_fms/environment/library_path.sh
[5.521s] -- Installing: /home/cj/ros2_custom_msgs/install/server_to_fms/share/server_to_fms/environment/library_path.dsv
[5.521s] -- Installing: /home/cj/ros2_custom_msgs/install/server_to_fms/lib/libserver_to_fms__rosidl_generator_c.so
[5.522s] -- Set non-toolchain portion of runtime path of "/home/cj/ros2_custom_msgs/install/server_to_fms/lib/libserver_to_fms__rosidl_generator_c.so" to ""
[5.522s] -- Up-to-date: /home/cj/ros2_custom_msgs/install/server_to_fms/include/server_to_fms/server_to_fms
[5.522s] -- Up-to-date: /home/cj/ros2_custom_msgs/install/server_to_fms/include/server_to_fms/server_to_fms/msg
[5.522s] -- Installing: /home/cj/ros2_custom_msgs/install/server_to_fms/include/server_to_fms/server_to_fms/msg/rosidl_typesupport_fastrtps_c__visibility_control.h
[5.522s] -- Up-to-date: /home/cj/ros2_custom_msgs/install/server_to_fms/include/server_to_fms/server_to_fms/srv
[5.522s] -- Up-to-date: /home/cj/ros2_custom_msgs/install/server_to_fms/include/server_to_fms/server_to_fms/srv/detail
[5.523s] -- Installing: /home/cj/ros2_custom_msgs/install/server_to_fms/include/server_to_fms/server_to_fms/srv/detail/try_on_request__rosidl_typesupport_fastrtps_c.h
[5.523s] -- Installing: /home/cj/ros2_custom_msgs/install/server_to_fms/lib/libserver_to_fms__rosidl_typesupport_fastrtps_c.so
[5.523s] -- Set non-toolchain portion of runtime path of "/home/cj/ros2_custom_msgs/install/server_to_fms/lib/libserver_to_fms__rosidl_typesupport_fastrtps_c.so" to ""
[5.523s] -- Up-to-date: /home/cj/ros2_custom_msgs/install/server_to_fms/include/server_to_fms/server_to_fms
[5.523s] -- Up-to-date: /home/cj/ros2_custom_msgs/install/server_to_fms/include/server_to_fms/server_to_fms/msg
[5.523s] -- Installing: /home/cj/ros2_custom_msgs/install/server_to_fms/include/server_to_fms/server_to_fms/msg/rosidl_typesupport_introspection_c__visibility_control.h
[5.523s] -- Up-to-date: /home/cj/ros2_custom_msgs/install/server_to_fms/include/server_to_fms/server_to_fms/srv
[5.523s] -- Up-to-date: /home/cj/ros2_custom_msgs/install/server_to_fms/include/server_to_fms/server_to_fms/srv/detail
[5.523s] -- Up-to-date: /home/cj/ros2_custom_msgs/install/server_to_fms/include/server_to_fms/server_to_fms/srv/detail/try_on_request__type_support.c
[5.524s] -- Installing: /home/cj/ros2_custom_msgs/install/server_to_fms/include/server_to_fms/server_to_fms/srv/detail/try_on_request__rosidl_typesupport_introspection_c.h
[5.524s] -- Installing: /home/cj/ros2_custom_msgs/install/server_to_fms/lib/libserver_to_fms__rosidl_typesupport_introspection_c.so
[5.524s] -- Set non-toolchain portion of runtime path of "/home/cj/ros2_custom_msgs/install/server_to_fms/lib/libserver_to_fms__rosidl_typesupport_introspection_c.so" to ""
[5.524s] -- Installing: /home/cj/ros2_custom_msgs/install/server_to_fms/lib/libserver_to_fms__rosidl_typesupport_c.so
[5.524s] -- Set non-toolchain portion of runtime path of "/home/cj/ros2_custom_msgs/install/server_to_fms/lib/libserver_to_fms__rosidl_typesupport_c.so" to ""
[5.525s] -- Up-to-date: /home/cj/ros2_custom_msgs/install/server_to_fms/include/server_to_fms/server_to_fms
[5.525s] -- Up-to-date: /home/cj/ros2_custom_msgs/install/server_to_fms/include/server_to_fms/server_to_fms/msg
[5.525s] -- Installing: /home/cj/ros2_custom_msgs/install/server_to_fms/include/server_to_fms/server_to_fms/msg/rosidl_generator_cpp__visibility_control.hpp
[5.525s] -- Up-to-date: /home/cj/ros2_custom_msgs/install/server_to_fms/include/server_to_fms/server_to_fms/srv
[5.525s] -- Installing: /home/cj/ros2_custom_msgs/install/server_to_fms/include/server_to_fms/server_to_fms/srv/try_on_request.hpp
[5.525s] -- Up-to-date: /home/cj/ros2_custom_msgs/install/server_to_fms/include/server_to_fms/server_to_fms/srv/detail
[5.525s] -- Installing: /home/cj/ros2_custom_msgs/install/server_to_fms/include/server_to_fms/server_to_fms/srv/detail/try_on_request__type_support.hpp
[5.525s] -- Installing: /home/cj/ros2_custom_msgs/install/server_to_fms/include/server_to_fms/server_to_fms/srv/detail/try_on_request__struct.hpp
[5.525s] -- Installing: /home/cj/ros2_custom_msgs/install/server_to_fms/include/server_to_fms/server_to_fms/srv/detail/try_on_request__builder.hpp
[5.526s] -- Installing: /home/cj/ros2_custom_msgs/install/server_to_fms/include/server_to_fms/server_to_fms/srv/detail/try_on_request__traits.hpp
[5.526s] -- Up-to-date: /home/cj/ros2_custom_msgs/install/server_to_fms/include/server_to_fms/server_to_fms
[5.526s] -- Up-to-date: /home/cj/ros2_custom_msgs/install/server_to_fms/include/server_to_fms/server_to_fms/msg
[5.526s] -- Installing: /home/cj/ros2_custom_msgs/install/server_to_fms/include/server_to_fms/server_to_fms/msg/rosidl_typesupport_fastrtps_cpp__visibility_control.h
[5.526s] -- Up-to-date: /home/cj/ros2_custom_msgs/install/server_to_fms/include/server_to_fms/server_to_fms/srv
[5.526s] -- Up-to-date: /home/cj/ros2_custom_msgs/install/server_to_fms/include/server_to_fms/server_to_fms/srv/detail
[5.526s] -- Installing: /home/cj/ros2_custom_msgs/install/server_to_fms/include/server_to_fms/server_to_fms/srv/detail/try_on_request__rosidl_typesupport_fastrtps_cpp.hpp
[5.526s] -- Installing: /home/cj/ros2_custom_msgs/install/server_to_fms/include/server_to_fms/server_to_fms/srv/detail/dds_fastrtps
[5.526s] -- Installing: /home/cj/ros2_custom_msgs/install/server_to_fms/lib/libserver_to_fms__rosidl_typesupport_fastrtps_cpp.so
[5.527s] -- Set non-toolchain portion of runtime path of "/home/cj/ros2_custom_msgs/install/server_to_fms/lib/libserver_to_fms__rosidl_typesupport_fastrtps_cpp.so" to ""
[5.527s] -- Up-to-date: /home/cj/ros2_custom_msgs/install/server_to_fms/include/server_to_fms/server_to_fms
[5.527s] -- Up-to-date: /home/cj/ros2_custom_msgs/install/server_to_fms/include/server_to_fms/server_to_fms/srv
[5.527s] -- Up-to-date: /home/cj/ros2_custom_msgs/install/server_to_fms/include/server_to_fms/server_to_fms/srv/detail
[5.527s] -- Installing: /home/cj/ros2_custom_msgs/install/server_to_fms/include/server_to_fms/server_to_fms/srv/detail/try_on_request__type_support.cpp
[5.527s] -- Installing: /home/cj/ros2_custom_msgs/install/server_to_fms/include/server_to_fms/server_to_fms/srv/detail/try_on_request__rosidl_typesupport_introspection_cpp.hpp
[5.528s] -- Installing: /home/cj/ros2_custom_msgs/install/server_to_fms/lib/libserver_to_fms__rosidl_typesupport_introspection_cpp.so
[5.528s] -- Set non-toolchain portion of runtime path of "/home/cj/ros2_custom_msgs/install/server_to_fms/lib/libserver_to_fms__rosidl_typesupport_introspection_cpp.so" to ""
[5.528s] -- Installing: /home/cj/ros2_custom_msgs/install/server_to_fms/lib/libserver_to_fms__rosidl_typesupport_cpp.so
[5.528s] -- Set non-toolchain portion of runtime path of "/home/cj/ros2_custom_msgs/install/server_to_fms/lib/libserver_to_fms__rosidl_typesupport_cpp.so" to ""
[5.529s] -- Installing: /home/cj/ros2_custom_msgs/install/server_to_fms/share/server_to_fms/environment/pythonpath.sh
[5.529s] -- Installing: /home/cj/ros2_custom_msgs/install/server_to_fms/share/server_to_fms/environment/pythonpath.dsv
[5.529s] -- Installing: /home/cj/ros2_custom_msgs/install/server_to_fms/lib/python3.12/site-packages/server_to_fms-0.0.0-py3.12.egg-info
[5.529s] -- Installing: /home/cj/ros2_custom_msgs/install/server_to_fms/lib/python3.12/site-packages/server_to_fms-0.0.0-py3.12.egg-info/PKG-INFO
[5.529s] -- Installing: /home/cj/ros2_custom_msgs/install/server_to_fms/lib/python3.12/site-packages/server_to_fms-0.0.0-py3.12.egg-info/top_level.txt
[5.529s] -- Installing: /home/cj/ros2_custom_msgs/install/server_to_fms/lib/python3.12/site-packages/server_to_fms-0.0.0-py3.12.egg-info/dependency_links.txt
[5.529s] -- Installing: /home/cj/ros2_custom_msgs/install/server_to_fms/lib/python3.12/site-packages/server_to_fms-0.0.0-py3.12.egg-info/SOURCES.txt
[5.530s] -- Installing: /home/cj/ros2_custom_msgs/install/server_to_fms/lib/python3.12/site-packages/server_to_fms
[5.530s] -- Installing: /home/cj/ros2_custom_msgs/install/server_to_fms/lib/python3.12/site-packages/server_to_fms/_server_to_fms_s.ep.rosidl_typesupport_introspection_c.c
[5.530s] -- Installing: /home/cj/ros2_custom_msgs/install/server_to_fms/lib/python3.12/site-packages/server_to_fms/server_to_fms_s__rosidl_typesupport_introspection_c.so
[5.530s] -- Installing: /home/cj/ros2_custom_msgs/install/server_to_fms/lib/python3.12/site-packages/server_to_fms/server_to_fms_s__rosidl_typesupport_fastrtps_c.so
[5.530s] -- Installing: /home/cj/ros2_custom_msgs/install/server_to_fms/lib/python3.12/site-packages/server_to_fms/__init__.py
[5.530s] -- Installing: /home/cj/ros2_custom_msgs/install/server_to_fms/lib/python3.12/site-packages/server_to_fms/_server_to_fms_s.ep.rosidl_typesupport_fastrtps_c.c
[5.531s] -- Installing: /home/cj/ros2_custom_msgs/install/server_to_fms/lib/python3.12/site-packages/server_to_fms/_server_to_fms_s.ep.rosidl_typesupport_c.c
[5.531s] -- Installing: /home/cj/ros2_custom_msgs/install/server_to_fms/lib/python3.12/site-packages/server_to_fms/server_to_fms_s__rosidl_typesupport_c.so
[5.531s] -- Installing: /home/cj/ros2_custom_msgs/install/server_to_fms/lib/python3.12/site-packages/server_to_fms/srv
[5.531s] -- Installing: /home/cj/ros2_custom_msgs/install/server_to_fms/lib/python3.12/site-packages/server_to_fms/srv/_try_on_request.py
[5.531s] -- Installing: /home/cj/ros2_custom_msgs/install/server_to_fms/lib/python3.12/site-packages/server_to_fms/srv/_try_on_request_s.c
[5.531s] -- Installing: /home/cj/ros2_custom_msgs/install/server_to_fms/lib/python3.12/site-packages/server_to_fms/srv/__init__.py
[5.568s] Listing '/home/cj/ros2_custom_msgs/install/server_to_fms/lib/python3.12/site-packages/server_to_fms'...
[5.568s] Compiling '/home/cj/ros2_custom_msgs/install/server_to_fms/lib/python3.12/site-packages/server_to_fms/__init__.py'...
[5.568s] Listing '/home/cj/ros2_custom_msgs/install/server_to_fms/lib/python3.12/site-packages/server_to_fms/srv'...
[5.568s] Compiling '/home/cj/ros2_custom_msgs/install/server_to_fms/lib/python3.12/site-packages/server_to_fms/srv/__init__.py'...
[5.568s] Compiling '/home/cj/ros2_custom_msgs/install/server_to_fms/lib/python3.12/site-packages/server_to_fms/srv/_try_on_request.py'...
[5.574s] -- Installing: /home/cj/ros2_custom_msgs/install/server_to_fms/lib/python3.12/site-packages/server_to_fms/server_to_fms_s__rosidl_typesupport_fastrtps_c.so
[5.574s] -- Set non-toolchain portion of runtime path of "/home/cj/ros2_custom_msgs/install/server_to_fms/lib/python3.12/site-packages/server_to_fms/server_to_fms_s__rosidl_typesupport_fastrtps_c.so" to ""
[5.574s] -- Installing: /home/cj/ros2_custom_msgs/install/server_to_fms/lib/python3.12/site-packages/server_to_fms/server_to_fms_s__rosidl_typesupport_introspection_c.so
[5.575s] -- Set non-toolchain portion of runtime path of "/home/cj/ros2_custom_msgs/install/server_to_fms/lib/python3.12/site-packages/server_to_fms/server_to_fms_s__rosidl_typesupport_introspection_c.so" to ""
[5.575s] -- Installing: /home/cj/ros2_custom_msgs/install/server_to_fms/lib/python3.12/site-packages/server_to_fms/server_to_fms_s__rosidl_typesupport_c.so
[5.575s] -- Set non-toolchain portion of runtime path of "/home/cj/ros2_custom_msgs/install/server_to_fms/lib/python3.12/site-packages/server_to_fms/server_to_fms_s__rosidl_typesupport_c.so" to ""
[5.575s] -- Installing: /home/cj/ros2_custom_msgs/install/server_to_fms/lib/libserver_to_fms__rosidl_generator_py.so
[5.576s] -- Set non-toolchain portion of runtime path of "/home/cj/ros2_custom_msgs/install/server_to_fms/lib/libserver_to_fms__rosidl_generator_py.so" to ""
[5.576s] -- Installing: /home/cj/ros2_custom_msgs/install/server_to_fms/share/server_to_fms/srv/TryOnRequest.idl
[5.576s] -- Installing: /home/cj/ros2_custom_msgs/install/server_to_fms/share/server_to_fms/srv/TryOnRequest.srv
[5.576s] -- Installing: /home/cj/ros2_custom_msgs/install/server_to_fms/share/ament_index/resource_index/package_run_dependencies/server_to_fms
[5.576s] -- Installing: /home/cj/ros2_custom_msgs/install/server_to_fms/share/ament_index/resource_index/parent_prefix_path/server_to_fms
[5.577s] -- Installing: /home/cj/ros2_custom_msgs/install/server_to_fms/share/server_to_fms/environment/ament_prefix_path.sh
[5.577s] -- Installing: /home/cj/ros2_custom_msgs/install/server_to_fms/share/server_to_fms/environment/ament_prefix_path.dsv
[5.577s] -- Installing: /home/cj/ros2_custom_msgs/install/server_to_fms/share/server_to_fms/environment/path.sh
[5.577s] -- Installing: /home/cj/ros2_custom_msgs/install/server_to_fms/share/server_to_fms/environment/path.dsv
[5.577s] -- Installing: /home/cj/ros2_custom_msgs/install/server_to_fms/share/server_to_fms/local_setup.bash
[5.578s] -- Installing: /home/cj/ros2_custom_msgs/install/server_to_fms/share/server_to_fms/local_setup.sh
[5.578s] -- Installing: /home/cj/ros2_custom_msgs/install/server_to_fms/share/server_to_fms/local_setup.zsh
[5.578s] -- Installing: /home/cj/ros2_custom_msgs/install/server_to_fms/share/server_to_fms/local_setup.dsv
[5.578s] -- Installing: /home/cj/ros2_custom_msgs/install/server_to_fms/share/server_to_fms/package.dsv
[5.578s] -- Installing: /home/cj/ros2_custom_msgs/install/server_to_fms/share/ament_index/resource_index/packages/server_to_fms
[5.578s] -- Installing: /home/cj/ros2_custom_msgs/install/server_to_fms/share/server_to_fms/cmake/export_server_to_fms__rosidl_generator_cExport.cmake
[5.579s] -- Installing: /home/cj/ros2_custom_msgs/install/server_to_fms/share/server_to_fms/cmake/export_server_to_fms__rosidl_generator_cExport-noconfig.cmake
[5.579s] -- Installing: /home/cj/ros2_custom_msgs/install/server_to_fms/share/server_to_fms/cmake/export_server_to_fms__rosidl_typesupport_fastrtps_cExport.cmake
[5.579s] -- Installing: /home/cj/ros2_custom_msgs/install/server_to_fms/share/server_to_fms/cmake/export_server_to_fms__rosidl_typesupport_fastrtps_cExport-noconfig.cmake
[5.579s] -- Installing: /home/cj/ros2_custom_msgs/install/server_to_fms/share/server_to_fms/cmake/server_to_fms__rosidl_typesupport_introspection_cExport.cmake
[5.579s] -- Installing: /home/cj/ros2_custom_msgs/install/server_to_fms/share/server_to_fms/cmake/server_to_fms__rosidl_typesupport_introspection_cExport-noconfig.cmake
[5.580s] -- Installing: /home/cj/ros2_custom_msgs/install/server_to_fms/share/server_to_fms/cmake/server_to_fms__rosidl_typesupport_cExport.cmake
[5.580s] -- Installing: /home/cj/ros2_custom_msgs/install/server_to_fms/share/server_to_fms/cmake/server_to_fms__rosidl_typesupport_cExport-noconfig.cmake
[5.581s] -- Installing: /home/cj/ros2_custom_msgs/install/server_to_fms/share/server_to_fms/cmake/export_server_to_fms__rosidl_generator_cppExport.cmake
[5.581s] -- Installing: /home/cj/ros2_custom_msgs/install/server_to_fms/share/server_to_fms/cmake/export_server_to_fms__rosidl_typesupport_fastrtps_cppExport.cmake
[5.581s] -- Installing: /home/cj/ros2_custom_msgs/install/server_to_fms/share/server_to_fms/cmake/export_server_to_fms__rosidl_typesupport_fastrtps_cppExport-noconfig.cmake
[5.581s] -- Installing: /home/cj/ros2_custom_msgs/install/server_to_fms/share/server_to_fms/cmake/server_to_fms__rosidl_typesupport_introspection_cppExport.cmake
[5.581s] -- Installing: /home/cj/ros2_custom_msgs/install/server_to_fms/share/server_to_fms/cmake/server_to_fms__rosidl_typesupport_introspection_cppExport-noconfig.cmake
[5.581s] -- Installing: /home/cj/ros2_custom_msgs/install/server_to_fms/share/server_to_fms/cmake/server_to_fms__rosidl_typesupport_cppExport.cmake
[5.581s] -- Installing: /home/cj/ros2_custom_msgs/install/server_to_fms/share/server_to_fms/cmake/server_to_fms__rosidl_typesupport_cppExport-noconfig.cmake
[5.581s] -- Installing: /home/cj/ros2_custom_msgs/install/server_to_fms/share/server_to_fms/cmake/export_server_to_fms__rosidl_generator_pyExport.cmake
[5.581s] -- Installing: /home/cj/ros2_custom_msgs/install/server_to_fms/share/server_to_fms/cmake/export_server_to_fms__rosidl_generator_pyExport-noconfig.cmake
[5.581s] -- Installing: /home/cj/ros2_custom_msgs/install/server_to_fms/share/server_to_fms/cmake/rosidl_cmake-extras.cmake
[5.582s] -- Installing: /home/cj/ros2_custom_msgs/install/server_to_fms/share/server_to_fms/cmake/ament_cmake_export_dependencies-extras.cmake
[5.582s] -- Installing: /home/cj/ros2_custom_msgs/install/server_to_fms/share/server_to_fms/cmake/ament_cmake_export_include_directories-extras.cmake
[5.582s] -- Installing: /home/cj/ros2_custom_msgs/install/server_to_fms/share/server_to_fms/cmake/ament_cmake_export_libraries-extras.cmake
[5.582s] -- Installing: /home/cj/ros2_custom_msgs/install/server_to_fms/share/server_to_fms/cmake/ament_cmake_export_targets-extras.cmake
[5.582s] -- Installing: /home/cj/ros2_custom_msgs/install/server_to_fms/share/server_to_fms/cmake/rosidl_cmake_export_typesupport_targets-extras.cmake
[5.583s] -- Installing: /home/cj/ros2_custom_msgs/install/server_to_fms/share/server_to_fms/cmake/rosidl_cmake_export_typesupport_libraries-extras.cmake
[5.583s] -- Installing: /home/cj/ros2_custom_msgs/install/server_to_fms/share/server_to_fms/cmake/server_to_fmsConfig.cmake
[5.583s] -- Installing: /home/cj/ros2_custom_msgs/install/server_to_fms/share/server_to_fms/cmake/server_to_fmsConfig-version.cmake
[5.583s] -- Installing: /home/cj/ros2_custom_msgs/install/server_to_fms/share/server_to_fms/package.xml
[5.586s] Invoked command in '/home/cj/ros2_custom_msgs/build/server_to_fms' returned '0': CMAKE_PREFIX_PATH=${CMAKE_PREFIX_PATH}:/home/cj/ros2_study/install/yolov8_ros:/home/cj/ros2_study/install/yolo_ros:/home/cj/ros2_study/install/stt_whisper:/home/cj/ros2_study/install/my_first_package:/opt/ros/jazzy DEBUGINFOD_URLS=https://debuginfod.ubuntu.com /usr/bin/cmake --install /home/cj/ros2_custom_msgs/build/server_to_fms
