[0.018s] Invoking command in '/home/addinedu/ros2_custom_msgs/build/server_to_fms': CMAKE_PREFIX_PATH=${CMAKE_PREFIX_PATH}:/home/addinedu/pinky_violet/install/pinky_emotion:/home/addinedu/pinky_violet/install/pinky_bringup:/opt/ros/jazzy DEBUGINFOD_URLS=https://debuginfod.ubuntu.com /usr/bin/cmake /home/addinedu/ros2_custom_msgs/src/server_to_fms -DCMAKE_INSTALL_PREFIX=/home/addinedu/ros2_custom_msgs/install/server_to_fms
[0.160s] -- The C compiler identification is GNU 13.3.0
[0.300s] -- The CXX compiler identification is GNU 13.3.0
[0.344s] -- Detecting C compiler ABI info
[0.604s] -- Detecting C compiler ABI info - done
[0.629s] -- Check for working C compiler: /usr/bin/cc - skipped
[0.631s] -- Detecting C compile features
[0.632s] -- Detecting C compile features - done
[0.655s] -- Detecting CXX compiler ABI info
[0.890s] -- Detecting CXX compiler ABI info - done
[0.907s] -- Check for working CXX compiler: /usr/bin/c++ - skipped
[0.908s] -- Detecting CXX compile features
[0.909s] -- Detecting CXX compile features - done
[0.923s] -- Found ament_cmake: 2.5.4 (/opt/ros/jazzy/share/ament_cmake/cmake)
[1.227s] -- Found Python3: /usr/bin/python3 (found version "3.12.3") found components: Interpreter 
[1.500s] -- Found rosidl_default_generators: 1.6.0 (/opt/ros/jazzy/share/rosidl_default_generators/cmake)
[1.530s] -- Using all available rosidl_typesupport_c: rosidl_typesupport_fastrtps_c;rosidl_typesupport_introspection_c
[1.763s] -- Using all available rosidl_typesupport_cpp: rosidl_typesupport_fastrtps_cpp;rosidl_typesupport_introspection_cpp
[1.880s] -- Found rosidl_adapter: 4.6.5 (/opt/ros/jazzy/share/rosidl_adapter/cmake)
[2.376s] [31mCMake Error at /opt/ros/jazzy/share/rosidl_adapter/cmake/rosidl_adapt_interfaces.cmake:57 (message):
[2.376s]   execute_process(/usr/bin/python3 -m rosidl_adapter --package-name
[2.376s]   server_to_fms --arguments-file
[2.377s]   /home/addinedu/ros2_custom_msgs/build/server_to_fms/rosidl_adapter__arguments__server_to_fms.json
[2.377s]   --output-dir
[2.377s]   /home/addinedu/ros2_custom_msgs/build/server_to_fms/rosidl_adapter/server_to_fms
[2.377s]   --output-file
[2.377s]   /home/addinedu/ros2_custom_msgs/build/server_to_fms/rosidl_adapter/server_to_fms.idls)
[2.377s]   returned error code 1:
[2.377s] 
[2.377s]   Error processing 'int customer_id' of 'server_to_fms/TryOnRequest_Request':
[2.377s]   ''int' is an invalid message name.  It should have the pattern
[2.377s]   '^[A-Z][A-Za-z0-9]*$''
[2.377s] 
[2.378s]   Traceback (most recent call last):
[2.378s] 
[2.378s]     File "<frozen runpy>", line 198, in _run_module_as_main
[2.378s]     File "<frozen runpy>", line 88, in _run_code
[2.378s]     File "/opt/ros/jazzy/lib/python3.12/site-packages/rosidl_adapter/__main__.py", line 19, in <module>
[2.378s]       sys.exit(main())
[2.378s]                ^^^^^^
[2.378s]     File "/opt/ros/jazzy/lib/python3.12/site-packages/rosidl_adapter/main.py", line 53, in main
[2.378s]       abs_idl_file = convert_to_idl(
[2.378s]                      ^^^^^^^^^^^^^^^
[2.378s]     File "/opt/ros/jazzy/lib/python3.12/site-packages/rosidl_adapter/__init__.py", line 24, in convert_to_idl
[2.379s]       return convert_srv_to_idl(
[2.379s]              ^^^^^^^^^^^^^^^^^^^
[2.379s]     File "/opt/ros/jazzy/lib/python3.12/site-packages/rosidl_adapter/srv/__init__.py", line 28, in convert_srv_to_idl
[2.379s]       srv = parse_service_string(package_name, input_file.stem, content)
[2.379s]             ^^^^^^^^^^^^^^^^^^^^^^^^^^^^^^^^^^^^^^^^^^^^^^^^^^^^^^^^^^^^
[2.379s]     File "/opt/ros/jazzy/lib/python3.12/site-packages/rosidl_adapter/parser.py", line 860, in parse_service_string
[2.379s]       request_message = parse_message_string(
[2.379s]                         ^^^^^^^^^^^^^^^^^^^^^
[2.379s]     File "/opt/ros/jazzy/lib/python3.12/site-packages/rosidl_adapter/parser.py", line 521, in parse_message_string
[2.379s]       Type(type_string, context_package_name=pkg_name),
[2.379s]       ^^^^^^^^^^^^^^^^^^^^^^^^^^^^^^^^^^^^^^^^^^^^^^^^
[2.380s]     File "/opt/ros/jazzy/lib/python3.12/site-packages/rosidl_adapter/parser.py", line 278, in __init__
[2.380s]       super(Type, self).__init__(
[2.380s]     File "/opt/ros/jazzy/lib/python3.12/site-packages/rosidl_adapter/parser.py", line 206, in __init__
[2.380s]       raise InvalidResourceName(
[2.380s] 
[2.380s]   rosidl_adapter.parser.InvalidResourceName: 'int' is an invalid message
[2.380s]   name.  It should have the pattern '^[A-Z][A-Za-z0-9]*$'
[2.380s] 
[2.380s] Call Stack (most recent call first):
[2.380s]   /opt/ros/jazzy/share/rosidl_cmake/cmake/rosidl_generate_interfaces.cmake:132 (rosidl_adapt_interfaces)
[2.380s]   CMakeLists.txt:17 (rosidl_generate_interfaces)
[2.381s] 
[2.381s] [0m
[2.381s] -- Configuring incomplete, errors occurred!
[2.388s] Invoked command in '/home/addinedu/ros2_custom_msgs/build/server_to_fms' returned '1': CMAKE_PREFIX_PATH=${CMAKE_PREFIX_PATH}:/home/addinedu/pinky_violet/install/pinky_emotion:/home/addinedu/pinky_violet/install/pinky_bringup:/opt/ros/jazzy DEBUGINFOD_URLS=https://debuginfod.ubuntu.com /usr/bin/cmake /home/addinedu/ros2_custom_msgs/src/server_to_fms -DCMAKE_INSTALL_PREFIX=/home/addinedu/ros2_custom_msgs/install/server_to_fms
